2017/05/15 07:23:15 PM : INFO : Executing Utility.py
2017/05/15 07:23:15 PM : INFO : Creating Class CSVReader
2017/05/15 07:23:16 PM : INFO : Signal:SI_5_U_ITW, SSP: SSP_ITW_3_U_4 ,Distance: 464
2017/05/15 07:23:16 PM : INFO : Signal:SI_1_D_ITW, SSP: SSP_ITW_3_D_4 ,Distance: 605
2017/05/15 07:23:16 PM : ERROR : Signal:SI_6_U_ITW, SSP: SSP_ITW_4_U_4 ,Distance: 154
2017/05/15 07:23:16 PM : INFO : Signal:SI_2_D_ITW, SSP: SSP_ITW_4_D_4 ,Distance: 570
2017/05/15 07:23:16 PM : INFO : Signal:SI_3_U_VLN, SSP: SSP_PJW_1_U_4 ,Distance: 6091
2017/05/15 07:23:16 PM : INFO : Signal:SI_4_U_VLN, SSP: SSP_PJW_2_U_4 ,Distance: 2857
2017/05/15 07:23:16 PM : INFO : Signal:SI_3_D_VLN, SSP: SSP_JLS_5_D_4 ,Distance: 3115
2017/05/15 07:23:16 PM : INFO : Signal:SI_4_D_VLN, SSP: SSP_JLS_6_D_4 ,Distance: 3579
2017/05/15 07:23:16 PM : INFO : Signal:SI_102_U_HDS, SSP: SSP_HDS_101D_U ,Distance: 1049
2017/05/15 07:23:16 PM : INFO : Signal:SI_100_D_HDS, SSP: SSP_HDS_101A_D ,Distance: 970
2017/05/15 07:23:16 PM : INFO : Signal:SI_9_D_HDS, SSP: SSP_LLL_11_D_4 ,Distance: 2966
2017/05/15 07:23:16 PM : INFO : Signal:SI_10_D_HDS, SSP: SSP_LLL_12_D_4 ,Distance: 2964
2017/05/15 07:23:16 PM : INFO : Signal:SI_9_U_HDS, SSP: SSP_HDS_7_U_4 ,Distance: 3173
2017/05/15 07:23:16 PM : INFO : Signal:SI_10_U_HDS, SSP: SSP_HDS_8_U_4 ,Distance: 2705
2017/05/15 07:23:16 PM : INFO : Signal:SI_1_D_HDS, SSP: SSP_HVW_3_D_4 ,Distance: 3613
2017/05/15 07:23:16 PM : INFO : Signal:SI_2_D_HDS, SSP: SSP_HVW_4_D_4 ,Distance: 3430
2017/05/15 07:23:16 PM : INFO : Signal:SI_27_D_ZD, SSP: SSP_ASW_31_D_4 ,Distance: 768
2017/05/15 07:23:16 PM : INFO : Signal:SI_22_D_ZD, SSP: SSP_ASW_24_D_4 ,Distance: 1150
2017/05/15 07:23:16 PM : INFO : Signal:SI_8_U_ND, SSP: SSP_ND_6_U_M5M6_4 ,Distance: 1932
2017/05/15 07:23:16 PM : INFO : Signal:SI_9_U_ND, SSP: SSP_ND_7_U_M5M6_4 ,Distance: 1927
2017/05/15 07:23:16 PM : INFO : Signal:SI_13_D_CSN, SSP: SSP_CSN_15_D_M5M6_4 ,Distance: 1457
2017/05/15 07:23:16 PM : INFO : Signal:SI_17_U_CSN, SSP: SSP_CSN_15_U_M5M6_4 ,Distance: 1899
2017/05/15 07:23:16 PM : INFO : Signal:SI_21_D_CSN, SSP: SSP_RKN_1_D_M5M6_4 ,Distance: 3205
2017/05/15 07:23:16 PM : INFO : Signal:SI_4A_U_CSN, SSP: SSP_NDP_2_U_M5M6_4 ,Distance: 600
2017/05/15 07:23:16 PM : INFO : Signal:SI_12_D_CSN, SSP: SSP_CSN_14_D_M5M6_4 ,Distance: 1460
2017/05/15 07:23:16 PM : INFO : Signal:SI_16_U_CSN, SSP: SSP_CSN_14_U_M5M6_4 ,Distance: 1876
2017/05/15 07:23:16 PM : INFO : Signal:SI_20_D_CSN, SSP: SSP_RKN_2_D_M5M6_4 ,Distance: 2875
2017/05/15 07:23:16 PM : INFO : Signal:SI_3_U_VZG, SSP: SSP_RKN_1_U_M5M6_4 ,Distance: 3421
2017/05/15 07:23:16 PM : INFO : Signal:SI_3_D_VZG, SSP: SSP_VZG_5_D_M5M6_4 ,Distance: 319
2017/05/15 07:23:16 PM : INFO : Signal:SI_7_U_VZG, SSP: SSP_VZG_5_U_M5M6_4 ,Distance: 3092
2017/05/15 07:23:16 PM : INFO : Signal:SI_7_D_VZG, SSP: SSP_DPP_9_D_M5M6_4 ,Distance: 3087
2017/05/15 07:23:16 PM : INFO : Signal:SI_43_U_ZD, SSP: SSP_DPP_9_U_M5M6_4 ,Distance: 2882
2017/05/15 07:23:16 PM : INFO : Signal:SI_43_D_ZD, SSP: SSP_EPP_45_D_M5M6_4 ,Distance: 4187
2017/05/15 07:23:16 PM : INFO : Signal:SI_4_U_VZG, SSP: SSP_RKN_2_U_M5M6_4 ,Distance: 3871
2017/05/15 07:23:16 PM : INFO : Signal:SI_4_D_VZG, SSP: SSP_VZG_6_D_M5M6_4 ,Distance: 319
2017/05/15 07:23:16 PM : INFO : Signal:SI_8_U_VZG, SSP: SSP_VZG_6_U_M5M6_4 ,Distance: 3144
2017/05/15 07:23:16 PM : INFO : Signal:SI_8_D_VZG, SSP: SSP_DPP_10_D_M5M6_4 ,Distance: 3150
2017/05/15 07:23:16 PM : INFO : Signal:SI_32_U_ZD, SSP: SSP_DPP_10_U_M5M6_4 ,Distance: 2863
2017/05/15 07:23:16 PM : INFO : Signal:SI_32_D_ZD, SSP: SSP_EPP_34_D_M5M6_4 ,Distance: 4189
2017/05/15 07:23:16 PM : INFO : Signal:SI_57_U_ZD, SSP: SSP_ZD_55_U_M5M6_4 ,Distance: 3122
2017/05/15 07:23:16 PM : INFO : Signal:SI_45A_U_ZD, SSP: SSP_EPP_45_U_M5M6_4 ,Distance: 3074
2017/05/15 07:23:16 PM : INFO : Signal:SI_34A_U_ZD, SSP: SSP_EPP_34_U_M5M6_4 ,Distance: 3062
2017/05/15 07:23:16 PM : INFO : Signal:SI_4A_D_CS, SSP: SSP_NMT_2_D_4 ,Distance: 3063
2017/05/15 07:23:16 PM : INFO : Signal:SI_8_U_WPP, SSP: SSP_WLP_6_U_4 ,Distance: 3095
2017/05/15 07:23:16 PM : INFO : Signal:SI_8_D_WPP, SSP: SSP_WPP_10_D_4 ,Distance: 1201
2017/05/15 07:23:16 PM : INFO : Signal:SI_12_U_WPP, SSP: SSP_WPP_10_U_4 ,Distance: 832
2017/05/15 07:23:16 PM : INFO : Signal:SI_14_D_WPP, SSP: SSP_WBS_16_D_4 ,Distance: 3135
2017/05/15 07:23:16 PM : INFO : Signal:SI_2_U_SLW, SSP: SSP_WBS_16_U_4 ,Distance: 3063
2017/05/15 07:23:16 PM : INFO : Signal:SI_3A_D_CS, SSP: SSP_NMT_1_D_4 ,Distance: 3105
2017/05/15 07:23:16 PM : INFO : Signal:SI_3_U_WPP, SSP: SSP_NMT_1_U_4 ,Distance: 3084
2017/05/15 07:23:16 PM : INFO : Signal:SI_3_D_WPP, SSP: SSP_WLP_5_D_4 ,Distance: 3109
2017/05/15 07:23:16 PM : INFO : Signal:SI_7_U_WPP, SSP: SSP_WLP_5_U_4 ,Distance: 3110
2017/05/15 07:23:16 PM : INFO : Signal:SI_9_D_WPP, SSP: SSP_WPP_11_D_4 ,Distance: 904
2017/05/15 07:23:16 PM : INFO : Signal:SI_13_U_WPP, SSP: SSP_WPP_11_U_4 ,Distance: 829
2017/05/15 07:23:16 PM : INFO : Signal:SI_15_D_WPP, SSP: SSP_WBS_17_D_4 ,Distance: 3203
2017/05/15 07:23:16 PM : INFO : Signal:SI_1_U_SLW, SSP: SSP_WBS_17_U_4 ,Distance: 3063
2017/05/15 07:23:16 PM : INFO : Signal:SI_2A_D_SLW, SSP: SSP_ASA_4_D_4 ,Distance: 427
2017/05/15 07:23:16 PM : INFO : Signal:SI_10_U_SLW, SSP: SSP_ASA_8_U_4 ,Distance: 429
2017/05/15 07:23:16 PM : INFO : Signal:SI_10_D_SLW, SSP: SSP_SLW_12_D_4 ,Distance: 3227
2017/05/15 07:23:16 PM : INFO : Signal:SI_1A_D_SLW, SSP: SSP_ASA_3_D_4 ,Distance: 3139
2017/05/15 07:23:16 PM : INFO : Signal:SI_5_U_SLW, SSP: SSP_ASA_3_U_4 ,Distance: 3118
2017/05/15 07:23:16 PM : INFO : Signal:SI_5_D_SLW, SSP: SSP_SLW_7_D_4 ,Distance: 3346
2017/05/15 07:23:16 PM : INFO : Signal:SI_9_U_SLW, SSP: SSP_SLW_7_U ,Distance: 3251
2017/05/15 07:23:16 PM : INFO : Signal:SI_22_D_SLW, SSP: SSP_SLW_24_D_2 ,Distance: 2567
2017/05/15 07:23:16 PM : INFO : Signal:SI_26_U_SLW, SSP: SSP_SLW_24_U ,Distance: 3186
2017/05/15 07:23:16 PM : INFO : Signal:SI_13_D_SLW, SSP: SSP_SLW_15_D_2 ,Distance: 2556
2017/05/15 07:23:16 PM : INFO : Signal:SI_17_U_SLW, SSP: SSP_SLW_15_U ,Distance: 3199
2017/05/15 07:23:16 PM : INFO : Signal:SI_122_U_LCM, SSP: SSP_LCM_121D_U ,Distance: 950
2017/05/15 07:23:16 PM : INFO : Signal:SI_122_D_LCM, SSP: SSP_LCM_123A_D ,Distance: 950
2017/05/15 07:23:16 PM : ERROR : Signal:SI_131_D_LCM, SSP: SSP_LCM_132A_D ,Distance: 100
2017/05/15 07:23:16 PM : ERROR : Signal:SI_133_U_LCM, SSP: SSP_LCM_132D_U ,Distance: 100
2017/05/15 07:23:16 PM : INFO : Signal:SI_133_D_LCM, SSP: SSP_LCM_134A_D ,Distance: 550
2017/05/15 07:23:16 PM : ERROR : Signal:SI_135A_U_LCM, SSP: SSP_LCM_134D_U ,Distance: 50
2017/05/15 07:23:16 PM : INFO : Signal:SI_140_D_LCM, SSP: SSP_LCM_141A_D ,Distance: 950
2017/05/15 07:23:16 PM : ERROR : Signal:SI_142A_U_LCM, SSP: SSP_LCM_141D_U ,Distance: 50
2017/05/15 07:23:16 PM : INFO : Signal:SI_160_375_D_LCM, SSP: SSP_LCM_150A_D ,Distance: 750
2017/05/15 07:23:16 PM : INFO : Signal:SI_160_D_LCM, SSP: SSP_LCM_161A_D ,Distance: 950
2017/05/15 07:23:16 PM : ERROR : Signal:SI_151A_U_LCM, SSP: SSP_LCM_150D_U ,Distance: 50
2017/05/15 07:23:16 PM : ERROR : Signal:SI_162A_U_LCM, SSP: SSP_LCM_161D_U ,Distance: 50
2017/05/15 07:23:16 PM : INFO : Signal:SI_112_D_LCM, SSP: SSP_LCM_113A_D ,Distance: 850
2017/05/15 07:23:16 PM : INFO : Signal:SI_114_U_LCM, SSP: SSP_LCM_113D_U ,Distance: 850
2017/05/15 07:23:16 PM : INFO : Signal:SI_164_417_U_LCM, SSP: SSP_LCM_180D_U ,Distance: 950
2017/05/15 07:23:16 PM : INFO : Signal:SI_6_D_MDW, SSP: SSP_MDW_8_D_4 ,Distance: 2497
2017/05/15 07:23:16 PM : INFO : Signal:SI_14_D_MDW, SSP: SSP_MDW_16A_D_4 ,Distance: 1332
2017/05/15 07:23:16 PM : ERROR : Signal:SI_134D_D_LCM, SSP: SSP_LCM_135A_D ,Distance: 50
2017/05/15 07:23:16 PM : INFO : Signal:SI_153_405_U_LCM, SSP: SSP_LCM_135D_U ,Distance: 550
2017/05/15 07:23:16 PM : ERROR : Signal:SI_150D_D_LCM, SSP: SSP_LCM_151A_D ,Distance: 50
2017/05/15 07:23:16 PM : ERROR : Signal:SI_152A_U_LCM, SSP: SSP_LCM_151D_U ,Distance: 50
2017/05/15 07:23:16 PM : ERROR : Signal:SI_151D_D_LCM, SSP: SSP_LCM_152A_D ,Distance: 50
2017/05/15 07:23:16 PM : INFO : Signal:SI_153_413_U_LCM, SSP: SSP_LCM_142D_U ,Distance: 950
2017/05/15 07:23:16 PM : ERROR : Signal:SI_161D_D_LCM, SSP: SSP_LCM_162A_D ,Distance: 50
2017/05/15 07:23:16 PM : ERROR : Signal:SI_163A_U_LCM, SSP: SSP_LCM_162D_U ,Distance: 50
2017/05/15 07:23:16 PM : ERROR : Signal:SI_162D_D_LCM, SSP: SSP_LCM_163A_D ,Distance: 50
2017/05/15 07:23:16 PM : INFO : Signal:SI_164_415_U_LCM, SSP: SSP_LCM_115D_U ,Distance: 950
2017/05/15 07:23:16 PM : INFO : Signal:SI_114_D_LCM, SSP: SSP_LCM_115A_D ,Distance: 900
2017/05/15 07:23:16 PM : INFO : Signal:SI_164_U_LCM, SSP: SSP_LCM_163D_U ,Distance: 850
2017/05/15 07:23:16 PM : INFO : Signal:SI_13_D_MDW, SSP: SSP_MDW_15A_D_4 ,Distance: 1333
2017/05/15 07:23:16 PM : INFO : Signal:SI_5_D_MDW, SSP: SSP_MDW_7_D_4 ,Distance: 2335
2017/05/15 07:23:16 PM : INFO : Signal:SI_4_U_SVT, SSP: SSP_DVD_2_U_4 ,Distance: 3107
2017/05/15 07:23:16 PM : INFO : Signal:SI_4_D_SVT, SSP: SSP_SVT_6_D_4 ,Distance: 3116
2017/05/15 07:23:16 PM : INFO : Signal:SI_8_U_SVT, SSP: SSP_SVT_6_U_4 ,Distance: 3123
2017/05/15 07:23:16 PM : INFO : Signal:SI_8_D_SVT, SSP: SSP_BMR_2_D ,Distance: 3237
2017/05/15 07:23:16 PM : INFO : Signal:SI_3_U_SVT, SSP: SSP_DVD_1_U_4 ,Distance: 3133
2017/05/15 07:23:16 PM : INFO : Signal:SI_3_D_SVT, SSP: SSP_SVT_5_D_4 ,Distance: 3120
2017/05/15 07:23:16 PM : INFO : Signal:SI_7_U_SVT, SSP: SSP_SVT_5_U_4 ,Distance: 3049
2017/05/15 07:23:16 PM : INFO : Signal:SI_7_D_SVT, SSP: SSP_BMR_1_D ,Distance: 3040
2017/05/15 07:23:16 PM : INFO : Signal:SI_4_U_BLW, SSP: SSP_BMR_2_U_4 ,Distance: 3104
2017/05/15 07:23:16 PM : INFO : Signal:SI_4_D_BLW, SSP: SSP_BLW_6_D_4 ,Distance: 3042
2017/05/15 07:23:16 PM : INFO : Signal:SI_8_U_BLW, SSP: SSP_BLW_6_U_4 ,Distance: 3115
2017/05/15 07:23:16 PM : INFO : Signal:SI_12_D_BLW, SSP: SSP_HLD_2_D_4 ,Distance: 3088
2017/05/15 07:23:16 PM : INFO : Signal:SI_3_U_BLW, SSP: SSP_BMR_1_U_4 ,Distance: 3436
2017/05/15 07:23:16 PM : INFO : Signal:SI_3_D_BLW, SSP: SSP_BLW_5_D_4 ,Distance: 3130
2017/05/15 07:23:16 PM : INFO : Signal:SI_11_D_BLW, SSP: SSP_HLD_1_D_4 ,Distance: 3130
2017/05/15 07:23:16 PM : INFO : Signal:SI_4_U_GN, SSP: SSP_HLD_2_U_4 ,Distance: 3128
2017/05/15 07:23:16 PM : INFO : Signal:SI_4_D_GN, SSP: SSP_RGB_6_D_4 ,Distance: 2119
2017/05/15 07:23:16 PM : INFO : Signal:SI_12_U_GN, SSP: SSP_RGB_10_U_4 ,Distance: 2046
2017/05/15 07:23:16 PM : INFO : Signal:SI_14_D_GN, SSP: SSP_GN_16_D_4 ,Distance: 2699
2017/05/15 07:23:16 PM : INFO : Signal:SI_3_U_GN, SSP: SSP_HLD_1_U_4 ,Distance: 3110
2017/05/15 07:23:16 PM : INFO : Signal:SI_3_D_GN, SSP: SSP_RGB_5_D_4 ,Distance: 3046
2017/05/15 07:23:16 PM : INFO : Signal:SI_7A_U_GN, SSP: SSP_RGB_5_U_4 ,Distance: 3058
2017/05/15 07:23:16 PM : INFO : Signal:SI_3_U_DMZ, SSP: SSP_VPD_1_U_4 ,Distance: 3130
2017/05/15 07:23:16 PM : INFO : Signal:SI_3_D_DMZ, SSP: SSP_DMZ_5_D_4 ,Distance: 3116
2017/05/15 07:23:16 PM : INFO : Signal:SI_4_U_DMZ, SSP: SSP_VPD_2_U_4 ,Distance: 3112
2017/05/15 07:23:16 PM : INFO : Signal:SI_4_D_DMZ, SSP: SSP_DMZ_6_D_4 ,Distance: 3130
2017/05/15 07:23:16 PM : INFO : Signal:SI_7_U_DMZ, SSP: SSP_DMZ_5_U_4 ,Distance: 2574
2017/05/15 07:23:16 PM : INFO : Signal:SI_11_U_DMZ, SSP: SSP_VSW_9A_U_4 ,Distance: 3141
2017/05/15 07:23:16 PM : INFO : Signal:SI_11_D_DMZ, SSP: SSP_GZH_1_D_4 ,Distance: 4055
2017/05/15 07:23:16 PM : INFO : Signal:SI_12_U_DMZ, SSP: SSP_VSW_10_U_4 ,Distance: 3185
2017/05/15 07:23:16 PM : INFO : Signal:SI_12_D_DMZ, SSP: SSP_GZH_2_D_4 ,Distance: 4027
2017/05/15 07:23:16 PM : INFO : Signal:SI_3_U_GPP, SSP: SSP_GZH_1_U ,Distance: 3271
2017/05/15 07:23:16 PM : INFO : Signal:SI_3_D_GPP, SSP: SSP_KEN_5_D_4 ,Distance: 3113
2017/05/15 07:23:16 PM : INFO : Signal:SI_7A_U_GPP, SSP: SSP_KEN_5_U_4 ,Distance: 3132
2017/05/15 07:23:16 PM : INFO : Signal:SI_4_U_GPP, SSP: SSP_GZH_2_U ,Distance: 3130
2017/05/15 07:23:16 PM : INFO : Signal:SI_4_D_GPP, SSP: SSP_KEN_6_D_4 ,Distance: 3082
2017/05/15 07:23:16 PM : INFO : Signal:SI_12_U_GPP, SSP: SSP_KEN_10_U_4 ,Distance: 3047
2017/05/15 07:23:16 PM : INFO : Signal:SI_14_D_GPP, SSP: SSP_GPP_16_D_4 ,Distance: 2086
2017/05/15 07:23:16 PM : INFO : Signal:SI_11_U_GPP, SSP: SSP_GPP_9_U ,Distance: 4772
2017/05/15 07:23:16 PM : ERROR : Signal:SI_19_U_ZD, SSP: SSP_ZD_17_U_234 ,Distance: 35
2017/05/15 07:23:16 PM : ERROR : Signal:SI_4_U_ZD, SSP: SSP_RAI_2A_U_4 ,Distance: 80
2017/05/15 07:23:16 PM : INFO : Signal:SI_103_U_ZD, SSP: SSP_ZD_102D_U ,Distance: 597
2017/05/15 07:23:16 PM : INFO : Signal:SI_112_U_ZD, SSP: SSP_ZD_111B_U_12 ,Distance: 2056
2017/05/15 07:23:16 PM : INFO : Signal:SI_131_D_ZD, SSP: SSP_ZD_132A_D ,Distance: 950
2017/05/15 07:23:16 PM : ERROR : Signal:SI_133A_U_ZD, SSP: SSP_ZD_132E_U ,Distance: 50
2017/05/15 07:23:16 PM : ERROR : Signal:SI_132E_D_ZD, SSP: SSP_ZD_133A_D ,Distance: 50
2017/05/15 07:23:16 PM : INFO : Signal:SI_143_1909_U_ZD, SSP: SSP_ZD_133D_U ,Distance: 950
2017/05/15 07:23:16 PM : INFO : Signal:SI_140_D_ZD, SSP: SSP_ZD_141A_D ,Distance: 950
2017/05/15 07:23:16 PM : ERROR : Signal:SI_141E_D_ZD, SSP: SSP_ZD_142A_D ,Distance: 50
2017/05/15 07:23:16 PM : ERROR : Signal:SI_142A_U_ZD, SSP: SSP_ZD_141E_U ,Distance: 50
2017/05/15 07:23:16 PM : INFO : Signal:SI_143_U_ZD, SSP: SSP_ZD_142D_U ,Distance: 950
2017/05/15 07:23:16 PM : INFO : Signal:SI_150_D_ZD, SSP: SSP_ZD_151A_D ,Distance: 388
2017/05/15 07:23:16 PM : ERROR : Signal:SI_151E_D_ZD, SSP: SSP_ZD_152A_D ,Distance: 50
2017/05/15 07:23:16 PM : ERROR : Signal:SI_152A_U_ZD, SSP: SSP_ZD_151E_U ,Distance: 50
2017/05/15 07:23:16 PM : INFO : Signal:SI_153_U_ZD, SSP: SSP_ZD_152D_U ,Distance: 950
2017/05/15 07:23:16 PM : INFO : Signal:SI_150_1915_D_ZD, SSP: SSP_ZD_160A_D ,Distance: 950
2017/05/15 07:23:16 PM : ERROR : Signal:SI_160E_D_ZD, SSP: SSP_ZD_161A_D ,Distance: 50
2017/05/15 07:23:16 PM : ERROR : Signal:SI_161A_U_ZD, SSP: SSP_ZD_160E_U ,Distance: 50
2017/05/15 07:23:16 PM : INFO : Signal:SI_162_U_ZD, SSP: SSP_ZD_161D_U ,Distance: 950
2017/05/15 07:23:16 PM : INFO : Signal:SI_5_D_ZD, SSP: SSP_ZD_102A_D ,Distance: 1846
2017/05/15 07:23:16 PM : INFO : Signal:SI_9_1865_U_OAS, SSP: SSP_OAS_15_U_4 ,Distance: 1392
2017/05/15 07:23:16 PM : INFO : Signal:SI_1_D_OAS, SSP: SSP_OAS_3_D_4 ,Distance: 838
2017/05/15 07:23:16 PM : INFO : Signal:SI_9_U_OAS, SSP: SSP_OAS_3_U_4 ,Distance: 921
2017/05/15 07:23:16 PM : INFO : Signal:SI_26_315_D_SLW, SSP: SSP_LCM_190A_D ,Distance: 950
2017/05/15 07:23:16 PM : INFO : Signal:SI_191_U_LCM, SSP: SSP_LCM_190D_U ,Distance: 950
2017/05/15 07:23:17 PM : INFO : Report generated successfully at C:\Users\295563\Documents\MyData\PROJECTS\VnV\VnV_Automation\DTVT_BLUE\Results\Test_Results_NOK_RCD_SIGNAL_0001.xlsx
