2017/06/07 11:28:24 AM : INFO : Executing Utility.py
2017/06/07 11:28:24 AM : INFO : Creating Class CSVReader
2017/06/07 11:28:26 AM : ERROR : STA_STL_DMZ_112D	STL_DMZ_112D	
2017/06/07 11:28:26 AM : INFO : STA_COD_LCM_135D_B	COD_LCM_135D_B	2417;2418;
2017/06/07 11:28:26 AM : INFO : STA_COD_LCM_135D_B	STL_LCM_135D	2417;2418;
2017/06/07 11:28:26 AM : INFO : STA_COD_SLW_1_U	COD_SLW_1_U	2676;
2017/06/07 11:28:26 AM : INFO : STA_COD_ZD_161A_B	COD_ZD_161A_B	2592;2593;
2017/06/07 11:28:26 AM : INFO : STA_COD_ZD_161A_B	STL_ZD_161A	2592;2593;
2017/06/07 11:28:26 AM : INFO : STA_COD_RKN_7A_LU_1_B	COD_RKN_7A_LU_1_B	1014;1013;
2017/06/07 11:28:26 AM : INFO : STA_COD_RKN_7A_LU_1_B	PF_RKN_7A_LU	1013;1014;
2017/06/07 11:28:26 AM : INFO : STA_COD_DMZ_120A_D	COD_DMZ_120A_D	2347;
2017/06/07 11:28:26 AM : INFO : STA_COD_DMZ_120A_D	STL_DMZ_120A	2347;2822;
2017/06/07 11:28:26 AM : INFO : STA_COD_ITW_140A_U	COD_ITW_140A_U	248;
2017/06/07 11:28:26 AM : INFO : STA_COD_ITW_140A_U	STL_ITW_140A	248;
2017/06/07 11:28:26 AM : INFO : STA_COD_LCM_123A_B	COD_LCM_123A_B	2383;2384;
2017/06/07 11:28:26 AM : INFO : STA_COD_LCM_123A_B	STL_LCM_123A	2383;2384;
2017/06/07 11:28:26 AM : INFO : STA_COD_LCM_134C_B	COD_LCM_134C_B	2407;2408;
2017/06/07 11:28:26 AM : INFO : STA_COD_LCM_134C_B	STL_LCM_134C	2407;2408;
2017/06/07 11:28:26 AM : INFO : STA_COD_LCM_135A_B	COD_LCM_135A_B	2411;2412;
2017/06/07 11:28:26 AM : INFO : STA_COD_LCM_135A_B	STL_LCM_135A	2411;2412;
2017/06/07 11:28:26 AM : INFO : STA_COD_ITW_170C_D	COD_ITW_170C_D	220;
2017/06/07 11:28:26 AM : INFO : STA_COD_ITW_170C_D	STL_ITW_170C	220;
2017/06/07 11:28:26 AM : ERROR : STA_STL_DMZ_100C	STL_DMZ_100C	
2017/06/07 11:28:26 AM : INFO : STA_STL_DMZ_112A	STL_DMZ_112A	2514;
2017/06/07 11:28:26 AM : INFO : STA_COD_ZD_141C_B	COD_ZD_141C_B	2550;2551;
2017/06/07 11:28:26 AM : INFO : STA_COD_ZD_141C_B	STL_ZD_141C	2550;2551;
2017/06/07 11:28:26 AM : INFO : STA_COD_ITW_100C_U	COD_ITW_100C_U	262;
2017/06/07 11:28:26 AM : INFO : STA_COD_ITW_100C_U	STL_ITW_100C	262;
2017/06/07 11:28:26 AM : INFO : STA_COD_ITW_103C_D	COD_ITW_103C_D	205;
2017/06/07 11:28:26 AM : INFO : STA_COD_ITW_103C_D	STL_ITW_103C	205;
2017/06/07 11:28:26 AM : INFO : STA_COD_HDS_3B_LU_7_B	COD_HDS_3B_LU_7_B	52;53;54;55;56;
2017/06/07 11:28:26 AM : INFO : STA_COD_HDS_3B_LU_7_B	PF_HDS_3B_LU	52;53;54;55;56;
2017/06/07 11:28:26 AM : INFO : STA_COD_WPP_100D_U	COD_WPP_100D_U	2779;
2017/06/07 11:28:26 AM : INFO : STA_COD_WPP_100D_U	STL_WPP_100D	2779;2814;
2017/06/07 11:28:26 AM : INFO : STA_COD_SVT_1A_LU_5_B	COD_SVT_1A_LU_5_B	2150;2151;2152;2153;2154;2155;2156;2157;
2017/06/07 11:28:26 AM : INFO : STA_COD_SVT_1A_LU_5_B	PF_SVT_1A_LU	2150;2151;2152;2153;2154;2155;2156;2157;
2017/06/07 11:28:26 AM : INFO : STA_COD_LCM_115A_B	COD_LCM_115A_B	2491;2492;
2017/06/07 11:28:26 AM : INFO : STA_COD_LCM_115A_B	STL_LCM_115A	2491;2492;
2017/06/07 11:28:26 AM : INFO : STA_COD_LCM_150C_B	COD_LCM_150C_B	2439;2440;
2017/06/07 11:28:26 AM : INFO : STA_COD_LCM_150C_B	STL_LCM_150C	2439;2440;
2017/06/07 11:28:26 AM : INFO : STA_COD_LCM_163A_B	COD_LCM_163A_B	2475;2476;
2017/06/07 11:28:26 AM : INFO : STA_COD_LCM_163A_B	STL_LCM_163A	2475;2476;
2017/06/07 11:28:26 AM : INFO : STA_COD_SLW_2_U	COD_SLW_2_U	2675;
2017/06/07 11:28:26 AM : INFO : STA_COD_ZD_3A_LU_11_17_B	COD_ZD_3A_LU_11_17_B	2515;2517;2518;2519;2662;
2017/06/07 11:28:26 AM : INFO : STA_COD_ZD_3A_LU_11_17_B	PF_ZD_3A_LU	2515;2517;2518;2519;2662;
2017/06/07 11:28:26 AM : INFO : STA_COD_LCM_162D_B	COD_LCM_162D_B	2473;2474;
2017/06/07 11:28:26 AM : INFO : STA_COD_LCM_162D_B	STL_LCM_162D	2473;2474;
2017/06/07 11:28:26 AM : INFO : STA_COD_ZD_151B_B	COD_ZD_151B_B	2566;2567;
2017/06/07 11:28:26 AM : INFO : STA_COD_ZD_151B_B	STL_ZD_151B	2566;2567;
2017/06/07 11:28:26 AM : INFO : STA_COD_GPP_100A_D	COD_GPP_100A_D	2351;
2017/06/07 11:28:26 AM : INFO : STA_COD_GPP_100A_D	STL_GPP_100A	2351;2823;
2017/06/07 11:28:26 AM : INFO : STA_COD_OAS_4A_LD_6_B	COD_OAS_4A_LD_6_B	2642;2643;2644;2645;2646;2647;2648;2649;
2017/06/07 11:28:26 AM : INFO : STA_COD_OAS_4A_LD_6_B	PF_OAS_4A_LD	2642;2643;2644;2645;2646;2647;2648;2649;
2017/06/07 11:28:26 AM : INFO : STA_COD_HDS_101C_B	COD_HDS_101C_B	164;165;
2017/06/07 11:28:26 AM : INFO : STA_COD_HDS_101C_B	STL_HDS_101C	164;165;
2017/06/07 11:28:26 AM : INFO : STA_COD_GN_100E_D	COD_GN_100E_D	2331;
2017/06/07 11:28:26 AM : INFO : STA_COD_GN_100E_D	STL_GN_100E	2331;
2017/06/07 11:28:26 AM : INFO : STA_COD_ITW_103D_D	COD_ITW_103D_D	206;
2017/06/07 11:28:26 AM : INFO : STA_COD_ITW_103D_D	STL_ITW_103D	206;
2017/06/07 11:28:26 AM : INFO : STA_COD_KEN_5E_LU_5_B	COD_KEN_5E_LU_5_B	2292;2293;2294;2295;2296;2297;2298;2299;
2017/06/07 11:28:26 AM : INFO : STA_COD_KEN_5E_LU_5_B	PF_KEN_5E_LU	2292;2293;2294;2295;2296;2297;2298;2299;
2017/06/07 11:28:26 AM : INFO : STA_COD_GPP_100B_D	COD_GPP_100B_D	2352;
2017/06/07 11:28:26 AM : INFO : STA_COD_GPP_100B_D	STL_GPP_100B	2352;
2017/06/07 11:28:26 AM : INFO : STA_COD_LCM_125C_D	COD_LCM_125C_D	2393;
2017/06/07 11:28:26 AM : INFO : STA_COD_LCM_125C_D	STL_LCM_125C	2393;
2017/06/07 11:28:26 AM : INFO : STA_COD_RAI_3A_LU_1_B	COD_RAI_3A_LU_1_B	2650;2651;2652;2653;2654;
2017/06/07 11:28:26 AM : INFO : STA_COD_RAI_3A_LU_1_B	PF_RAI_3A_LU	2650;2651;2652;2653;2654;
2017/06/07 11:28:26 AM : INFO : STA_COD_CSN_100A_U	COD_CSN_100A_U	1031;
2017/06/07 11:28:26 AM : INFO : STA_COD_CSN_100A_U	STL_CSN_100A	1031;
2017/06/07 11:28:26 AM : INFO : STA_COD_STD_4B_RD_14_22_B	COD_STD_4B_RD_14_22_B	132;133;134;135;137;138;139;140;
2017/06/07 11:28:26 AM : INFO : STA_COD_STD_4B_RD_14_22_B	PF_STD_4B_RD	132;133;134;135;137;138;139;140;
2017/06/07 11:28:26 AM : INFO : STA_COD_JLS_3B_LU_5_B	COD_JLS_3B_LU_5_B	97;99;100;101;102;
2017/06/07 11:28:26 AM : INFO : STA_COD_JLS_3B_LU_5_B	PF_JLS_3B_LU	97;99;100;101;102;
2017/06/07 11:28:26 AM : INFO : STA_COD_ITW_110B_U	COD_ITW_110B_U	256;
2017/06/07 11:28:26 AM : INFO : STA_COD_ITW_110B_U	STL_ITW_110B	256;
2017/06/07 11:28:26 AM : INFO : STA_COD_ASA_2A_LD_4_8_B	COD_ASA_2A_LD_4_8_B	2085;2086;2087;2088;2089;2090;2091;2092;
2017/06/07 11:28:26 AM : INFO : STA_COD_ASA_2A_LD_4_8_B	PF_ASA_2A_LD	2085;2086;2087;2088;2089;2090;2091;2092;
2017/06/07 11:28:26 AM : INFO : STA_COD_ND_7A_LU_7_B	COD_ND_7A_LU_7_B	1002;1001;
2017/06/07 11:28:26 AM : INFO : STA_COD_ND_7A_LU_7_B	PF_ND_7A_LU	1001;1002;
2017/06/07 11:28:26 AM : INFO : STA_COD_ITW_101A_U	COD_ITW_101A_U	233;
2017/06/07 11:28:26 AM : INFO : STA_COD_ITW_101A_U	STL_ITW_101A	233;
2017/06/07 11:28:26 AM : INFO : STA_COD_GPP_20D_D	COD_GPP_20D_D	2374;
2017/06/07 11:28:26 AM : INFO : STA_COD_GPP_20D_D	STL_GPP_20D	2374;
2017/06/07 11:28:26 AM : INFO : STA_COD_ITW_103B_D	COD_ITW_103B_D	204;
2017/06/07 11:28:26 AM : INFO : STA_COD_ITW_103B_D	STL_ITW_103B	204;
2017/06/07 11:28:26 AM : INFO : STA_COD_MDW_1A_LU_7_B	COD_MDW_1A_LU_7_B	2114;2115;2116;2117;2118;
2017/06/07 11:28:26 AM : INFO : STA_COD_MDW_1A_LU_7_B	PF_MDW_1A_LU	2114;2115;2116;2117;2118;
2017/06/07 11:28:26 AM : INFO : STA_COD_ZD_7A_RU_55_D	COD_ZD_7A_RU_55_D	1030;1029;
2017/06/07 11:28:26 AM : INFO : STA_COD_ZD_7A_RU_55_D	PF_ZD_7A_RU	1029;1030;
2017/06/07 11:28:26 AM : ERROR : STA_STL_DMZ_112C	STL_DMZ_112C	
2017/06/07 11:28:26 AM : INFO : STA_COD_LCM_123D_B	COD_LCM_123D_B	2389;2390;
2017/06/07 11:28:26 AM : INFO : STA_COD_LCM_123D_B	STL_LCM_123D	2389;2390;
2017/06/07 11:28:26 AM : INFO : STA_COD_LCM_121D_B	COD_LCM_121D_B	2381;2382;
2017/06/07 11:28:26 AM : INFO : STA_COD_LCM_121D_B	STL_LCM_121D	2381;2382;
2017/06/07 11:28:26 AM : INFO : STA_COD_ITW_161B_D	COD_ITW_161B_D	214;
2017/06/07 11:28:26 AM : INFO : STA_COD_ITW_161B_D	STL_ITW_161B	214;
2017/06/07 11:28:26 AM : INFO : STA_COD_ZD_28_D	COD_ZD_28_D	30;
2017/06/07 11:28:26 AM : INFO : STA_WZ_113A_113D_LCM	WZ_113A_113D_LCM	2484;2489;
2017/06/07 11:28:26 AM : INFO : STA_COD_ITW_181B_D	COD_ITW_181B_D	224;
2017/06/07 11:28:26 AM : INFO : STA_COD_ITW_181B_D	STL_ITW_181B	224;
2017/06/07 11:28:26 AM : INFO : STA_COD_GPP_120C_D	COD_GPP_120C_D	2361;
2017/06/07 11:28:26 AM : INFO : STA_COD_GPP_120C_D	STL_GPP_120C	2361;
2017/06/07 11:28:26 AM : INFO : STA_COD_GN_13D_D	COD_GN_13D_D	2335;
2017/06/07 11:28:26 AM : INFO : STA_COD_GN_13D_D	STL_GN_13D	2335;
2017/06/07 11:28:26 AM : INFO : STA_COD_ZD_152B_B	COD_ZD_152B_B	2576;2577;
2017/06/07 11:28:26 AM : INFO : STA_COD_ZD_152B_B	STL_ZD_152B	2576;2577;
2017/06/07 11:28:26 AM : INFO : STA_COD_BLW_101C_D	COD_BLW_101C_D	2325;
2017/06/07 11:28:26 AM : INFO : STA_COD_BLW_101C_D	STL_BLW_101C	2325;
2017/06/07 11:28:26 AM : INFO : STA_COD_GZH_5E_LU_1_B	COD_GZH_5E_LU_1_B	2282;2283;2284;2285;2286;
2017/06/07 11:28:26 AM : INFO : STA_COD_GZH_5E_LU_1_B	PF_GZH_5E_LU	2282;2283;2284;2285;2286;
2017/06/07 11:28:26 AM : INFO : STA_COD_ITW_101B_U	COD_ITW_101B_U	234;
2017/06/07 11:28:26 AM : INFO : STA_COD_ITW_101B_U	STL_ITW_101B	234;
2017/06/07 11:28:26 AM : INFO : STA_COD_DVD_2A_LD_2_B	COD_DVD_2A_LD_2_B	2142;2143;2144;2145;2146;2147;2148;2149;
2017/06/07 11:28:26 AM : INFO : STA_COD_DVD_2A_LD_2_B	PF_DVD_2A_LD	2142;2143;2144;2145;2146;2147;2148;2149;
2017/06/07 11:28:26 AM : INFO : STA_STL_DMZ_113	STL_DMZ_113	2513;
2017/06/07 11:28:26 AM : INFO : STA_COD_ZD_39_D	COD_ZD_39_D	25;
2017/06/07 11:28:26 AM : INFO : STA_COD_LCM_180B_B	COD_LCM_180B_B	2504;2664;
2017/06/07 11:28:26 AM : INFO : STA_COD_LCM_180B_B	STL_LCM_180B	2504;2664;
2017/06/07 11:28:26 AM : INFO : STA_COD_ITW_100A_U	COD_ITW_100A_U	260;
2017/06/07 11:28:26 AM : INFO : STA_COD_ITW_100A_U	STL_ITW_100A	260;
2017/06/07 11:28:26 AM : INFO : STA_COD_ND_100_U	COD_ND_100_U	1034;
2017/06/07 11:28:26 AM : INFO : STA_COD_ND_100_U	STL_ND_100	1034;
2017/06/07 11:28:26 AM : INFO : STA_COD_ND_130_U	COD_ND_130_U	1040;
2017/06/07 11:28:26 AM : INFO : STA_COD_ND_130_U	STL_ND_130	1040;
2017/06/07 11:28:26 AM : INFO : STA_COD_GN_13E_D	COD_GN_13E_D	2336;
2017/06/07 11:28:26 AM : INFO : STA_COD_GN_13E_D	STL_GN_13E	2336;
2017/06/07 11:28:26 AM : INFO : STA_COD_LCM_190D_B	COD_LCM_190D_B	2802;2803;
2017/06/07 11:28:26 AM : INFO : STA_COD_LCM_190D_B	STL_LCM_190D	2802;2803;
2017/06/07 11:28:26 AM : INFO : STA_COD_ZD_151A_B	COD_ZD_151A_B	2565;2564;
2017/06/07 11:28:26 AM : INFO : STA_COD_ZD_151A_B	STL_ZD_151A	2565;2564;
2017/06/07 11:28:26 AM : INFO : STA_COD_CS_1A_LU_1_U	COD_CS_1A_LU_1_U	2001;2002;2003;2005;2006;
2017/06/07 11:28:26 AM : INFO : STA_COD_CS_1A_LU_1_U	PF_CS_1A_LU	2001;2002;2003;2005;2006;
2017/06/07 11:28:26 AM : INFO : STA_COD_GPP_110A_D	COD_GPP_110A_D	2355;
2017/06/07 11:28:26 AM : INFO : STA_COD_GPP_110A_D	STL_GPP_110A	2355;2824;
2017/06/07 11:28:26 AM : INFO : STA_COD_ITW_190B_D	COD_ITW_190B_D	229;
2017/06/07 11:28:26 AM : INFO : STA_COD_ITW_190B_D	STL_ITW_190B	229;
2017/06/07 11:28:26 AM : INFO : STA_COD_LCM_142A_B	COD_LCM_142A_B	2427;2428;
2017/06/07 11:28:26 AM : INFO : STA_COD_LCM_142A_B	STL_LCM_142A	2427;2428;
2017/06/07 11:28:26 AM : INFO : STA_COD_MDW_6C_LD_16_B	COD_MDW_6C_LD_16_B	2130;2131;2132;2133;2660;
2017/06/07 11:28:26 AM : INFO : STA_COD_MDW_6C_LD_16_B	PF_MDW_6C_LD	2130;2131;2132;2133;2660;
2017/06/07 11:28:26 AM : INFO : STA_COD_GPP_130C_D	COD_GPP_130C_D	2365;
2017/06/07 11:28:26 AM : INFO : STA_COD_GPP_130C_D	STL_GPP_130C	2365;
2017/06/07 11:28:26 AM : INFO : STA_COD_ITW_120D_U	COD_ITW_120D_U	241;
2017/06/07 11:28:26 AM : INFO : STA_COD_ITW_120D_U	STL_ITW_120D	241;242;
2017/06/07 11:28:26 AM : INFO : STA_COD_ND_110_U	COD_ND_110_U	1036;
2017/06/07 11:28:26 AM : INFO : STA_COD_ND_110_U	STL_ND_110	1036;
2017/06/07 11:28:26 AM : INFO : STA_COD_RGB_1A_LU_5_B	COD_RGB_1A_LU_5_B	2208;2209;2210;2211;2212;2213;2214;2215;
2017/06/07 11:28:26 AM : INFO : STA_COD_RGB_1A_LU_5_B	PF_RGB_1A_LU	2208;2209;2210;2211;2212;2213;2214;2215;
2017/06/07 11:28:26 AM : INFO : STA_COD_LCM_135C_B	COD_LCM_135C_B	2415;2416;
2017/06/07 11:28:26 AM : INFO : STA_COD_LCM_135C_B	STL_LCM_135C	2415;2416;
2017/06/07 11:28:26 AM : INFO : STA_COD_VPD_5D_LU_1_B	COD_VPD_5D_LU_1_B	2240;2241;2242;2243;2244;2245;2246;2247;
2017/06/07 11:28:26 AM : INFO : STA_COD_VPD_5D_LU_1_B	PF_VPD_5D_LU	2240;2241;2242;2243;2244;2245;2246;2247;
2017/06/07 11:28:26 AM : INFO : STA_COD_GN_100A_D	COD_GN_100A_D	2327;
2017/06/07 11:28:26 AM : INFO : STA_COD_GN_100A_D	STL_GN_100A	2327;2818;
2017/06/07 11:28:26 AM : INFO : STA_COD_NMT_2A_RD_2_B	COD_NMT_2A_RD_2_B	2021;2022;2023;2024;2025;2026;2027;2028;
2017/06/07 11:28:26 AM : INFO : STA_COD_NMT_2A_RD_2_B	PF_NMT_2A_RD	2021;2022;2023;2024;2025;2026;2027;2028;
2017/06/07 11:28:26 AM : INFO : STA_COD_RGB_2A_RD_6_10_B	COD_RGB_2A_RD_6_10_B	2216;2217;2218;2219;2220;2221;2222;2223;
2017/06/07 11:28:26 AM : INFO : STA_COD_RGB_2A_RD_6_10_B	PF_RGB_2A_RD	2216;2217;2218;2219;2220;2221;2222;2223;
2017/06/07 11:28:26 AM : INFO : STA_COD_LCM_163C_B	COD_LCM_163C_B	2479;2480;
2017/06/07 11:28:26 AM : INFO : STA_COD_LCM_163C_B	STL_LCM_163C	2479;2480;
2017/06/07 11:28:26 AM : INFO : STA_COD_ZD_151E_B	COD_ZD_151E_B	2572;2573;
2017/06/07 11:28:26 AM : INFO : STA_COD_ZD_151E_B	STL_ZD_151E	2572;2573;
2017/06/07 11:28:26 AM : INFO : STA_COD_ZD_160A_B	COD_ZD_160A_B	2582;2583;
2017/06/07 11:28:26 AM : INFO : STA_COD_ZD_160A_B	STL_ZD_160A	2582;2583;
2017/06/07 11:28:26 AM : INFO : STA_COD_ZD_142B_B	COD_ZD_142B_B	2558;2559;
2017/06/07 11:28:26 AM : INFO : STA_COD_ZD_142B_B	STL_ZD_142B	2558;2559;
2017/06/07 11:28:26 AM : INFO : STA_COD_GN_2A_RD_16_B	COD_GN_2A_RD_16_B	2232;2233;2234;2235;2236;2237;2238;2239;
2017/06/07 11:28:26 AM : INFO : STA_COD_GN_2A_RD_16_B	PF_GN_2A_RD	2232;2233;2234;2235;2236;2237;2238;2239;
2017/06/07 11:28:26 AM : INFO : STA_COD_DMZ_6D_RD_6_B	COD_DMZ_6D_RD_6_B	2264;2265;2266;2267;2268;2269;2270;2271;
2017/06/07 11:28:26 AM : INFO : STA_COD_DMZ_6D_RD_6_B	PF_DMZ_6D_RD	2264;2265;2266;2267;2268;2269;2270;2271;
2017/06/07 11:28:26 AM : INFO : STA_COD_ZD_132E_B	COD_ZD_132E_B	2536;2537;
2017/06/07 11:28:26 AM : INFO : STA_COD_ZD_132E_B	STL_ZD_132E	2536;2537;
2017/06/07 11:28:26 AM : INFO : STA_COD_LCM_113B_B	COD_LCM_113B_B	2805;2806;
2017/06/07 11:28:26 AM : INFO : STA_COD_LCM_113B_B	STL_LCM_113B	2805;2806;
2017/06/07 11:28:26 AM : INFO : STA_COD_EPP_8_LD_34_B	COD_EPP_8_LD_34_B	1028;1027;
2017/06/07 11:28:26 AM : INFO : STA_COD_EPP_8_LD_34_B	PF_EPP_8_LD	1027;1028;
2017/06/07 11:28:26 AM : INFO : STA_COD_DMZ_5D_LU_5_B	COD_DMZ_5D_LU_5_B	2256;2257;2258;2259;2260;2261;2262;2263;
2017/06/07 11:28:26 AM : INFO : STA_COD_DMZ_5D_LU_5_B	PF_DMZ_5D_LU	2256;2257;2258;2259;2260;2261;2262;2263;
2017/06/07 11:28:26 AM : INFO : STA_COD_DMZ_120B_D	COD_DMZ_120B_D	2348;
2017/06/07 11:28:26 AM : INFO : STA_COD_DMZ_120B_D	STL_DMZ_120B	2348;
2017/06/07 11:28:26 AM : ERROR : STA_STL_DMZ_100D	STL_DMZ_100D	
2017/06/07 11:28:26 AM : INFO : STA_COD_ITW_170B_D	COD_ITW_170B_D	219;
2017/06/07 11:28:26 AM : INFO : STA_COD_ITW_170B_D	STL_ITW_170B	219;
2017/06/07 11:28:26 AM : INFO : STA_COD_SLW_100B_U	COD_SLW_100B_U	2322;
2017/06/07 11:28:26 AM : INFO : STA_COD_SLW_100B_U	STL_SLW_100B	2322;2816;
2017/06/07 11:28:26 AM : INFO : STA_COD_DVD_1A_RU_1_B	COD_DVD_1A_RU_1_B	2134;2135;2136;2137;2138;2139;2140;2141;
2017/06/07 11:28:26 AM : INFO : STA_COD_DVD_1A_RU_1_B	PF_DVD_1A_RU	2134;2135;2136;2137;2138;2139;2140;2141;
2017/06/07 11:28:26 AM : INFO : STA_COD_ITW_161A_D	COD_ITW_161A_D	213;
2017/06/07 11:28:26 AM : INFO : STA_COD_ITW_161A_D	STL_ITW_161A	213;217;
2017/06/07 11:28:26 AM : INFO : STA_COD_HDS_101A_B	COD_HDS_101A_B	83;161;
2017/06/07 11:28:26 AM : INFO : STA_COD_HDS_101A_B	STL_HDS_101A	83;161;
2017/06/07 11:28:26 AM : INFO : STA_COD_WLP_2A_RD_6_B	COD_WLP_2A_RD_6_B	2037;2038;2039;2040;2041;2042;2043;2044;
2017/06/07 11:28:26 AM : INFO : STA_COD_WLP_2A_RD_6_B	PF_WLP_2A_RD	2037;2038;2039;2040;2041;2042;2043;2044;
2017/06/07 11:28:26 AM : INFO : STA_COD_ZD_133D_B	COD_ZD_133D_B	2544;2545;
2017/06/07 11:28:26 AM : INFO : STA_COD_ZD_133D_B	STL_ZD_133D	2544;2545;
2017/06/07 11:28:26 AM : INFO : STA_COD_ZD_160D_B	COD_ZD_160D_B	2588;2589;
2017/06/07 11:28:26 AM : INFO : STA_COD_ZD_160D_B	STL_ZD_160D	2588;2589;
2017/06/07 11:28:26 AM : INFO : STA_COD_ZD_133B_B	COD_ZD_133B_B	2540;2541;
2017/06/07 11:28:26 AM : INFO : STA_COD_ZD_133B_B	STL_ZD_133B	2540;2541;
2017/06/07 11:28:26 AM : INFO : STA_COD_EPP_7A_RU_45_B	COD_EPP_7A_RU_45_B	1026;1025;
2017/06/07 11:28:26 AM : INFO : STA_COD_EPP_7A_RU_45_B	PF_EPP_7A_RU	1025;1026;
2017/06/07 11:28:26 AM : INFO : STA_COD_LCM_150B_B	COD_LCM_150B_B	2437;2438;
2017/06/07 11:28:26 AM : INFO : STA_COD_LCM_150B_B	STL_LCM_150B	2437;2438;
2017/06/07 11:28:26 AM : INFO : STA_COD_LCM_142C_B	COD_LCM_142C_B	2431;2432;
2017/06/07 11:28:26 AM : INFO : STA_COD_LCM_142C_B	STL_LCM_142C	2431;2432;
2017/06/07 11:28:26 AM : INFO : STA_COD_ZD_151C_B	COD_ZD_151C_B	2568;2569;
2017/06/07 11:28:26 AM : INFO : STA_COD_ZD_151C_B	STL_ZD_151C	2568;2569;
2017/06/07 11:28:26 AM : INFO : STA_COD_ITW_161D_D	COD_ITW_161D_D	216;
2017/06/07 11:28:26 AM : INFO : STA_COD_ITW_161D_D	STL_ITW_161D	216;
2017/06/07 11:28:26 AM : INFO : STA_COD_GN_20C_D	COD_GN_20C_D	2339;
2017/06/07 11:28:26 AM : INFO : STA_COD_GN_20C_D	STL_GN_20C	2339;
2017/06/07 11:28:26 AM : INFO : STA_COD_LCM_161D_B	COD_LCM_161D_B	2465;2466;
2017/06/07 11:28:26 AM : INFO : STA_COD_LCM_161D_B	STL_LCM_161D	2465;2466;
2017/06/07 11:28:26 AM : INFO : STA_COD_LCM_132C_B	COD_LCM_132C_B	2399;2400;
2017/06/07 11:28:26 AM : INFO : STA_COD_LCM_132C_B	STL_LCM_132C	2399;2400;
2017/06/07 11:28:26 AM : INFO : STA_COD_GPP_100C_D	COD_GPP_100C_D	2353;
2017/06/07 11:28:26 AM : INFO : STA_COD_GPP_100C_D	STL_GPP_100C	2353;
2017/06/07 11:28:26 AM : INFO : STA_COD_BLW_1A_LU_5_B	COD_BLW_1A_LU_5_B	2176;2177;2178;2179;2180;2181;2182;2183;
2017/06/07 11:28:26 AM : INFO : STA_COD_BLW_1A_LU_5_B	PF_BLW_1A_LU	2176;2177;2178;2179;2180;2181;2182;2183;
2017/06/07 11:28:26 AM : INFO : STA_COD_LCM_190A_B	COD_LCM_190A_B	2668;2669;
2017/06/07 11:28:26 AM : INFO : STA_COD_LCM_190A_B	STL_LCM_190A	2668;2669;
2017/06/07 11:28:26 AM : INFO : STA_COD_WPP_2A_LD_10_B	COD_WPP_2A_LD_10_B	2053;2054;2055;2056;2057;2058;2059;2060;
2017/06/07 11:28:26 AM : INFO : STA_COD_WPP_2A_LD_10_B	PF_WPP_2A_LD	2053;2054;2055;2056;2057;2058;2059;2060;
2017/06/07 11:28:26 AM : INFO : STA_COD_HDS_4B_RD_8_B	COD_HDS_4B_RD_8_B	58;59;60;61;62;
2017/06/07 11:28:26 AM : INFO : STA_COD_HDS_4B_RD_8_B	PF_HDS_4B_RD	58;59;60;61;62;
2017/06/07 11:28:26 AM : INFO : STA_COD_NMT_1A_LU_1_B	COD_NMT_1A_LU_1_B	2013;2014;2015;2016;2017;2018;2019;2020;
2017/06/07 11:28:26 AM : INFO : STA_COD_NMT_1A_LU_1_B	PF_NMT_1A_LU	2013;2014;2015;2016;2017;2018;2019;2020;
2017/06/07 11:28:26 AM : INFO : STA_COD_HDS_101D_B	COD_HDS_101D_B	84;166;
2017/06/07 11:28:26 AM : INFO : STA_COD_HDS_101D_B	STL_HDS_101D	166;84;
2017/06/07 11:28:26 AM : INFO : STA_COD_SLW_2A_RD_12_B	COD_SLW_2A_RD_12_B	2105;2106;2107;2108;2109;
2017/06/07 11:28:26 AM : INFO : STA_COD_SLW_2A_RD_12_B	PF_SLW_2A_RD	2105;2106;2107;2108;2109;
2017/06/07 11:28:26 AM : INFO : STA_COD_ITW_110C_U	COD_ITW_110C_U	257;
2017/06/07 11:28:26 AM : INFO : STA_COD_ITW_110C_U	STL_ITW_110C	257;
2017/06/07 11:28:26 AM : INFO : STA_COD_ITW_150A_D	COD_ITW_150A_D	208;
2017/06/07 11:28:26 AM : INFO : STA_COD_ITW_150A_D	STL_ITW_150A	208;212;
2017/06/07 11:28:26 AM : INFO : STA_COD_ZD_161D_B	COD_ZD_161D_B	2598;2599;
2017/06/07 11:28:26 AM : INFO : STA_COD_ZD_161D_B	STL_ZD_161D	2598;2599;
2017/06/07 11:28:26 AM : INFO : STA_COD_GPP_6E_RD_16_B	COD_GPP_6E_RD_16_B	2661;2314;2315;2316;2317;
2017/06/07 11:28:26 AM : INFO : STA_COD_GPP_6E_RD_16_B	PF_GPP_6E_RD	2661;2314;2315;2316;2317;
2017/06/07 11:28:26 AM : INFO : STA_COD_ZD_133A_B	COD_ZD_133A_B	2538;2539;
2017/06/07 11:28:26 AM : INFO : STA_COD_ZD_133A_B	STL_ZD_133A	2538;2539;
2017/06/07 11:28:26 AM : INFO : STA_COD_MDW_2A_RD_8_B	COD_MDW_2A_RD_8_B	2129;2125;2126;2127;2128;
2017/06/07 11:28:26 AM : INFO : STA_COD_MDW_2A_RD_8_B	PF_MDW_2A_RD	2129;2125;2126;2127;2128;
2017/06/07 11:28:26 AM : INFO : STA_COD_LCM_152D_B	COD_LCM_152D_B	2457;2458;
2017/06/07 11:28:26 AM : INFO : STA_COD_LCM_152D_B	STL_LCM_152D	2457;2458;
2017/06/07 11:28:26 AM : INFO : STA_COD_OAS_6A_LU_15_19_B	COD_OAS_6A_LU_15_19_B	2634;2635;2636;2637;2638;2639;2640;2641;
2017/06/07 11:28:26 AM : INFO : STA_COD_OAS_6A_LU_15_19_B	PF_OAS_6A_LU	2634;2635;2636;2637;2638;2639;2640;2641;
2017/06/07 11:28:26 AM : INFO : STA_COD_GN_13C_D	COD_GN_13C_D	2334;
2017/06/07 11:28:26 AM : INFO : STA_COD_GN_13C_D	STL_GN_13C	2334;
2017/06/07 11:28:26 AM : INFO : STA_COD_WLP_1A_LU_5_B	COD_WLP_1A_LU_5_B	2029;2030;2031;2032;2033;2034;2035;2036;
2017/06/07 11:28:26 AM : INFO : STA_COD_WLP_1A_LU_5_B	PF_WLP_1A_LU	2029;2030;2031;2032;2033;2034;2035;2036;
2017/06/07 11:28:26 AM : INFO : STA_COD_LCM_162A_B	COD_LCM_162A_B	2467;2468;
2017/06/07 11:28:26 AM : INFO : STA_COD_LCM_162A_B	STL_LCM_162A	2467;2468;
2017/06/07 11:28:26 AM : INFO : STA_COD_ND_2_U	COD_ND_2_U	1041;
2017/06/07 11:28:26 AM : INFO : STA_COD_ND_2_U	STL_ND_2	1041;
2017/06/07 11:28:26 AM : INFO : STA_COD_ZD_132C_B	COD_ZD_132C_B	2532;2533;
2017/06/07 11:28:26 AM : INFO : STA_COD_ZD_132C_B	STL_ZD_132C	2532;2533;
2017/06/07 11:28:26 AM : INFO : STA_COD_GZH_6E_RD_2_B	COD_GZH_6E_RD_2_B	2287;2288;2289;2290;2291;
2017/06/07 11:28:26 AM : INFO : STA_COD_GZH_6E_RD_2_B	PF_GZH_6E_RD	2287;2288;2289;2290;2291;
2017/06/07 11:28:26 AM : INFO : STA_COD_ZD_132D_B	COD_ZD_132D_B	2534;2535;
2017/06/07 11:28:26 AM : INFO : STA_COD_ZD_132D_B	STL_ZD_132D	2534;2535;
2017/06/07 11:28:26 AM : INFO : STA_COD_ZD_133C_B	COD_ZD_133C_B	2542;2543;
2017/06/07 11:28:26 AM : INFO : STA_COD_ZD_133C_B	STL_ZD_133C	2542;2543;
2017/06/07 11:28:26 AM : INFO : STA_COD_ZD_160B_B	COD_ZD_160B_B	2584;2585;
2017/06/07 11:28:26 AM : INFO : STA_COD_ZD_160B_B	STL_ZD_160B	2584;2585;
2017/06/07 11:28:26 AM : INFO : STA_COD_LCM_141A_B	COD_LCM_141A_B	2419;2420;
2017/06/07 11:28:26 AM : INFO : STA_COD_LCM_141A_B	STL_LCM_141A	2419;2420;
2017/06/07 11:28:26 AM : INFO : STA_COD_SLW_4A_LD_24_B	COD_SLW_4A_LD_24_B	2111;2112;2113;
2017/06/07 11:28:26 AM : INFO : STA_COD_SLW_4A_LD_24_B	PF_SLW_4A_LD	2111;2112;2113;
2017/06/07 11:28:26 AM : ERROR : STA_STL_DMZ_112B	STL_DMZ_112B	
2017/06/07 11:28:26 AM : INFO : STA_COD_LCM_180C_B	COD_LCM_180C_B	2505;2665;
2017/06/07 11:28:26 AM : INFO : STA_COD_LCM_180C_B	STL_LCM_180C	2505;2665;
2017/06/07 11:28:26 AM : INFO : STA_COD_ZD_152D_B	COD_ZD_152D_B	2580;2581;
2017/06/07 11:28:26 AM : INFO : STA_COD_ZD_152D_B	STL_ZD_152D	2580;2581;
2017/06/07 11:28:26 AM : INFO : STA_COD_ZD_132A_B	COD_ZD_132A_B	2528;2529;
2017/06/07 11:28:26 AM : INFO : STA_COD_ZD_132A_B	STL_ZD_132A	2528;2529;
2017/06/07 11:28:26 AM : INFO : STA_COD_OAS_3A_RU_3_7_B	COD_OAS_3A_RU_3_7_B	2626;2627;2628;2629;2630;2631;2632;2633;
2017/06/07 11:28:26 AM : INFO : STA_COD_OAS_3A_RU_3_7_B	PF_OAS_3A_RU	2626;2627;2628;2629;2630;2631;2632;2633;
2017/06/07 11:28:26 AM : INFO : STA_COD_LCM_152B_B	COD_LCM_152B_B	2453;2454;
2017/06/07 11:28:26 AM : INFO : STA_COD_LCM_152B_B	STL_LCM_152B	2453;2454;
2017/06/07 11:28:26 AM : INFO : STA_COD_WPP_1A_RU_11_B	COD_WPP_1A_RU_11_B	2045;2046;2047;2048;2049;2050;2051;2052;
2017/06/07 11:28:26 AM : INFO : STA_COD_WPP_1A_RU_11_B	PF_WPP_1A_RU	2045;2046;2047;2048;2049;2050;2051;2052;
2017/06/07 11:28:26 AM : INFO : STA_COD_ZD_142C_B	COD_ZD_142C_B	2560;2561;
2017/06/07 11:28:26 AM : INFO : STA_COD_ZD_142C_B	STL_ZD_142C	2560;2561;
2017/06/07 11:28:26 AM : INFO : STA_COD_GPP_13B_D	COD_GPP_13B_D	2368;
2017/06/07 11:28:26 AM : INFO : STA_COD_GPP_13B_D	STL_GPP_13B	2368;
2017/06/07 11:28:26 AM : INFO : STA_COD_NDP_7A_LU_1_B	COD_NDP_7A_LU_1_B	1006;1005;
2017/06/07 11:28:26 AM : INFO : STA_COD_NDP_7A_LU_1_B	PF_NDP_7A_LU	1005;1006;
2017/06/07 11:28:26 AM : INFO : STA_COD_STD_3B_LU_13_B	COD_STD_3B_LU_13_B	122;123;124;125;127;128;129;130;
2017/06/07 11:28:26 AM : INFO : STA_COD_STD_3B_LU_13_B	PF_STD_3B_LU	122;123;124;125;127;128;129;130;
2017/06/07 11:28:26 AM : INFO : STA_COD_ZD_132B_B	COD_ZD_132B_B	2530;2531;
2017/06/07 11:28:26 AM : INFO : STA_COD_ZD_132B_B	STL_ZD_132B	2530;2531;
2017/06/07 11:28:26 AM : INFO : STA_COD_LCM_132A_B	COD_LCM_132A_B	2395;2396;
2017/06/07 11:28:26 AM : INFO : STA_COD_LCM_132A_B	STL_LCM_132A	2395;2396;
2017/06/07 11:28:26 AM : INFO : STA_COD_ITW_140B_U	COD_ITW_140B_U	249;
2017/06/07 11:28:26 AM : INFO : STA_COD_ITW_140B_U	STL_ITW_140B	249;
2017/06/07 11:28:26 AM : INFO : STA_COD_HDS_101B_B	COD_HDS_101B_B	162;163;
2017/06/07 11:28:26 AM : INFO : STA_COD_HDS_101B_B	STL_HDS_101B	162;163;
2017/06/07 11:28:26 AM : INFO : STA_COD_ZD_152A_B	COD_ZD_152A_B	2574;2575;
2017/06/07 11:28:26 AM : INFO : STA_COD_ZD_152A_B	STL_ZD_152A	2574;2575;
2017/06/07 11:28:26 AM : INFO : STA_COD_GN_110B_D	COD_GN_110B_D	2343;
2017/06/07 11:28:26 AM : INFO : STA_COD_GN_110B_D	STL_GN_110B	2343;
2017/06/07 11:28:26 AM : INFO : STA_COD_LCM_134B_B	COD_LCM_134B_B	2405;2406;
2017/06/07 11:28:26 AM : INFO : STA_COD_LCM_134B_B	STL_LCM_134B	2405;2406;
2017/06/07 11:28:26 AM : INFO : STA_COD_ZD_141D_B	COD_ZD_141D_B	2552;2553;
2017/06/07 11:28:26 AM : INFO : STA_COD_ZD_141D_B	STL_ZD_141D	2552;2553;
2017/06/07 11:28:26 AM : INFO : STA_COD_ZD_142D_B	COD_ZD_142D_B	2562;2563;
2017/06/07 11:28:26 AM : INFO : STA_COD_ZD_142D_B	STL_ZD_142D	2562;2563;
2017/06/07 11:28:26 AM : INFO : STA_COD_LCM_161B_B	COD_LCM_161B_B	2461;2462;
2017/06/07 11:28:26 AM : INFO : STA_COD_LCM_161B_B	STL_LCM_161B	2461;2462;
2017/06/07 11:28:26 AM : INFO : STA_COD_ZD_102D_B	COD_ZD_102D_B	2608;2609;
2017/06/07 11:28:26 AM : INFO : STA_COD_ZD_102D_B	STL_ZD_102D	2608;2609;
2017/06/07 11:28:26 AM : INFO : STA_COD_CSN_7A_RU_15_B	COD_CSN_7A_RU_15_B	1010;1009;
2017/06/07 11:28:26 AM : INFO : STA_COD_CSN_7A_RU_15_B	PF_CSN_7A_RU	1009;1010;
2017/06/07 11:28:26 AM : INFO : STA_COD_ITW_190A_D	COD_ITW_190A_D	228;
2017/06/07 11:28:26 AM : INFO : STA_COD_ITW_190A_D	STL_ITW_190A	228;232;
2017/06/07 11:28:26 AM : INFO : STA_COD_KEN_6E_RD_6_12_B	COD_KEN_6E_RD_6_12_B	2302;2303;2304;2305;2306;2307;2300;2301;
2017/06/07 11:28:26 AM : INFO : STA_COD_KEN_6E_RD_6_12_B	PF_KEN_6E_RD	2300;2301;2302;2303;2304;2305;2306;2307;
2017/06/07 11:28:26 AM : INFO : STA_COD_PJW_4B_RD_2_B	COD_PJW_4B_RD_2_B	92;93;94;95;96;
2017/06/07 11:28:26 AM : INFO : STA_COD_PJW_4B_RD_2_B	PF_PJW_4B_RD	92;93;94;95;96;
2017/06/07 11:28:26 AM : INFO : STA_COD_DMZ_120C_D	COD_DMZ_120C_D	2349;
2017/06/07 11:28:26 AM : INFO : STA_COD_DMZ_120C_D	STL_DMZ_120C	2349;
2017/06/07 11:28:26 AM : INFO : STA_COD_ZD_161C_B	COD_ZD_161C_B	2596;2597;
2017/06/07 11:28:26 AM : INFO : STA_COD_ZD_161C_B	STL_ZD_161C	2596;2597;
2017/06/07 11:28:26 AM : INFO : STA_COD_GN_20B_D	COD_GN_20B_D	2338;
2017/06/07 11:28:26 AM : INFO : STA_COD_GN_20B_D	STL_GN_20B	2338;
2017/06/07 11:28:26 AM : INFO : STA_COD_LCM_115B_B	COD_LCM_115B_B	2493;2494;
2017/06/07 11:28:26 AM : INFO : STA_COD_LCM_115B_B	STL_LCM_115B	2493;2494;
2017/06/07 11:28:26 AM : INFO : STA_COD_LCM_161A_B	COD_LCM_161A_B	2459;2460;
2017/06/07 11:28:26 AM : INFO : STA_COD_LCM_161A_B	STL_LCM_161A	2459;2460;
2017/06/07 11:28:26 AM : INFO : STA_COD_RAI_4A_RD_2_B	COD_RAI_4A_RD_2_B	2655;2656;2657;2658;2659;
2017/06/07 11:28:26 AM : INFO : STA_COD_RAI_4A_RD_2_B	PF_RAI_4A_RD	2655;2656;2657;2658;2659;
2017/06/07 11:28:26 AM : INFO : STA_COD_GN_100C_D	COD_GN_100C_D	2329;
2017/06/07 11:28:26 AM : INFO : STA_COD_GN_100C_D	STL_GN_100C	2329;
2017/06/07 11:28:26 AM : INFO : STA_COD_HVW_3B_LU_3_B	COD_HVW_3B_LU_3_B	32;33;34;35;37;38;39;40;
2017/06/07 11:28:26 AM : INFO : STA_COD_HVW_3B_LU_3_B	PF_HVW_3B_LU	32;33;34;35;37;38;39;40;
2017/06/07 11:28:26 AM : INFO : STA_COD_ZD_4A_RD_10_16_B	COD_ZD_4A_RD_10_16_B	2523;2524;2525;2526;2527;
2017/06/07 11:28:26 AM : INFO : STA_COD_ZD_4A_RD_10_16_B	PF_ZD_4A_RD	2523;2524;2525;2526;2527;
2017/06/07 11:28:26 AM : INFO : STA_COD_ZD_102A_B	COD_ZD_102A_B	2602;2603;
2017/06/07 11:28:26 AM : INFO : STA_COD_ZD_102A_B	STL_ZD_102A	2602;2603;
2017/06/07 11:28:26 AM : INFO : STA_COD_SLW_1A_LU_7_B	COD_SLW_1A_LU_7_B	2093;2094;2095;2096;2097;
2017/06/07 11:28:26 AM : INFO : STA_COD_SLW_1A_LU_7_B	PF_SLW_1A_LU	2093;2094;2095;2096;2097;
2017/06/07 11:28:26 AM : INFO : STA_COD_PJW_3B_LU_1_B	COD_PJW_3B_LU_1_B	86;87;88;89;90;
2017/06/07 11:28:26 AM : INFO : STA_COD_PJW_3B_LU_1_B	PF_PJW_3B_LU	86;87;88;89;90;
2017/06/07 11:28:26 AM : INFO : STA_COD_ITW_181C_D	COD_ITW_181C_D	225;
2017/06/07 11:28:26 AM : INFO : STA_COD_ITW_181C_D	STL_ITW_181C	225;
2017/06/07 11:28:26 AM : INFO : STA_COD_ZD_160C_B	COD_ZD_160C_B	2586;2587;
2017/06/07 11:28:26 AM : INFO : STA_COD_ZD_160C_B	STL_ZD_160C	2586;2587;
2017/06/07 11:28:26 AM : INFO : STA_COD_LCM_115C_B	COD_LCM_115C_B	2495;2496;
2017/06/07 11:28:26 AM : INFO : STA_COD_LCM_115C_B	STL_LCM_115C	2495;2496;
2017/06/07 11:28:26 AM : INFO : STA_COD_LLL_4B_RD_12_B	COD_LLL_4B_RD_12_B	74;75;76;77;79;80;81;82;
2017/06/07 11:28:26 AM : INFO : STA_COD_LLL_4B_RD_12_B	PF_LLL_4B_RD	74;75;76;77;79;80;81;82;
2017/06/07 11:28:26 AM : INFO : STA_COD_ITW_3B_LU_3A_3C_D	COD_ITW_3B_LU_3A_3C_D	142;143;144;145;147;148;149;150;
2017/06/07 11:28:26 AM : INFO : STA_COD_ITW_3B_LU_3A_3C_D	PF_ITW_3B_LU	142;143;144;145;147;148;149;150;
2017/06/07 11:28:26 AM : INFO : STA_COD_ASW_3B_LU_29_35_U	COD_ASW_3B_LU_29_35_U	7;8;9;10;2;3;4;5;
2017/06/07 11:28:26 AM : INFO : STA_COD_ASW_3B_LU_29_35_U	PF_ASW_3B_LU	7;8;9;10;2;3;4;5;
2017/06/07 11:28:26 AM : INFO : STA_COD_ITW_130D_U	COD_ITW_130D_U	246;
2017/06/07 11:28:26 AM : INFO : STA_COD_ITW_130D_U	STL_ITW_130D	246;247;
2017/06/07 11:28:26 AM : INFO : STA_COD_WBS_2A_RD_16_B	COD_WBS_2A_RD_16_B	2069;2070;2071;2072;2073;2074;2075;2076;
2017/06/07 11:28:26 AM : INFO : STA_COD_WBS_2A_RD_16_B	PF_WBS_2A_RD	2069;2070;2071;2072;2073;2074;2075;2076;
2017/06/07 11:28:26 AM : INFO : STA_COD_GPP_20C_D	COD_GPP_20C_D	2373;
2017/06/07 11:28:26 AM : INFO : STA_COD_GPP_20C_D	STL_GPP_20C	2373;
2017/06/07 11:28:26 AM : INFO : STA_COD_BLW_2A_RD_6_B	COD_BLW_2A_RD_6_B	2184;2185;2186;2187;2188;2189;2190;2191;
2017/06/07 11:28:26 AM : INFO : STA_COD_BLW_2A_RD_6_B	PF_BLW_2A_RD	2184;2185;2186;2187;2188;2189;2190;2191;
2017/06/07 11:28:26 AM : INFO : STA_COD_ITW_120B_U	COD_ITW_120B_U	239;
2017/06/07 11:28:26 AM : INFO : STA_COD_ITW_120B_U	STL_ITW_120B	239;
2017/06/07 11:28:26 AM : INFO : STA_COD_GPP_110D_D	COD_GPP_110D_D	2358;
2017/06/07 11:28:26 AM : INFO : STA_COD_GPP_110D_D	STL_GPP_110D	2358;
2017/06/07 11:28:26 AM : INFO : STA_COD_LCM_113C_B	COD_LCM_113C_B	2807;2808;
2017/06/07 11:28:26 AM : INFO : STA_COD_LCM_113C_B	STL_LCM_113C	2807;2808;
2017/06/07 11:28:26 AM : INFO : STA_COD_LCM_121A_B	COD_LCM_121A_B	2375;2376;
2017/06/07 11:28:26 AM : INFO : STA_COD_LCM_121A_B	STL_LCM_121A	2375;2376;
2017/06/07 11:28:26 AM : INFO : STA_COD_VLN_4B_RD_10_B	COD_VLN_4B_RD_10_B	116;117;118;119;120;
2017/06/07 11:28:26 AM : INFO : STA_COD_VLN_4B_RD_10_B	PF_VLN_4B_RD	116;117;118;119;120;
2017/06/07 11:28:26 AM : INFO : STA_COD_ZD_142A_B	COD_ZD_142A_B	2556;2557;
2017/06/07 11:28:26 AM : INFO : STA_COD_ZD_142A_B	STL_ZD_142A	2556;2557;
2017/06/07 11:28:26 AM : INFO : STA_COD_LCM_115D_B	COD_LCM_115D_B	2497;2498;
2017/06/07 11:28:26 AM : INFO : STA_COD_LCM_115D_B	STL_LCM_115D	2497;2498;
2017/06/07 11:28:26 AM : INFO : STA_COD_GN_13A_D	COD_GN_13A_D	2332;
2017/06/07 11:28:26 AM : INFO : STA_COD_GN_13A_D	STL_GN_13A	2332;2819;
2017/06/07 11:28:26 AM : INFO : STA_COD_WPP_100C_U	COD_WPP_100C_U	2320;
2017/06/07 11:28:26 AM : INFO : STA_COD_WPP_100C_U	STL_WPP_100C	2320;
2017/06/07 11:28:26 AM : INFO : STA_COD_ITW_101C_U	COD_ITW_101C_U	235;
2017/06/07 11:28:26 AM : INFO : STA_COD_ITW_101C_U	STL_ITW_101C	235;
2017/06/07 11:28:26 AM : INFO : STA_COD_GN_110C_D	COD_GN_110C_D	2344;
2017/06/07 11:28:26 AM : INFO : STA_COD_GN_110C_D	STL_GN_110C	2344;
2017/06/07 11:28:26 AM : INFO : STA_COD_RKN_8_RD_2_B	COD_RKN_8_RD_2_B	1016;1015;
2017/06/07 11:28:26 AM : INFO : STA_COD_RKN_8_RD_2_B	PF_RKN_8_RD	1015;1016;
2017/06/07 11:28:26 AM : INFO : STA_COD_LCM_142B_B	COD_LCM_142B_B	2429;2430;
2017/06/07 11:28:26 AM : INFO : STA_COD_LCM_142B_B	STL_LCM_142B	2430;2429;
2017/06/07 11:28:26 AM : INFO : STA_COD_LCM_121B_B	COD_LCM_121B_B	2377;2378;
2017/06/07 11:28:26 AM : INFO : STA_COD_LCM_121B_B	STL_LCM_121B	2377;2378;
2017/06/07 11:28:26 AM : INFO : STA_COD_LCM_163D_B	COD_LCM_163D_B	2481;2482;
2017/06/07 11:28:26 AM : INFO : STA_COD_LCM_163D_B	STL_LCM_163D	2481;2482;
2017/06/07 11:28:26 AM : INFO : STA_COD_ND_101_U	COD_ND_101_U	1035;
2017/06/07 11:28:26 AM : INFO : STA_COD_ND_101_U	STL_ND_101	1035;1078;
2017/06/07 11:28:26 AM : INFO : STA_COD_ITW_140D_U	COD_ITW_140D_U	251;
2017/06/07 11:28:26 AM : INFO : STA_COD_ITW_140D_U	STL_ITW_140D	251;252;
2017/06/07 11:28:26 AM : INFO : STA_COD_GPP_20A_D	COD_GPP_20A_D	2371;
2017/06/07 11:28:26 AM : INFO : STA_COD_GPP_20A_D	STL_GPP_20A	2371;2827;
2017/06/07 11:28:26 AM : INFO : STA_COD_GPP_13D_D	COD_GPP_13D_D	2370;
2017/06/07 11:28:26 AM : INFO : STA_COD_GPP_13D_D	STL_GPP_13D	2370;
2017/06/07 11:28:26 AM : INFO : STA_COD_ITW_130A_U	COD_ITW_130A_U	243;
2017/06/07 11:28:26 AM : INFO : STA_COD_ITW_130A_U	STL_ITW_130A	243;
2017/06/07 11:28:26 AM : INFO : STA_COD_LCM_132B_B	COD_LCM_132B_B	2397;2398;
2017/06/07 11:28:26 AM : INFO : STA_COD_LCM_132B_B	STL_LCM_132B	2397;2398;
2017/06/07 11:28:26 AM : INFO : STA_COD_WBS_1A_LU_17_B	COD_WBS_1A_LU_17_B	2061;2062;2063;2064;2065;2066;2067;2068;
2017/06/07 11:28:26 AM : INFO : STA_COD_WBS_1A_LU_17_B	PF_WBS_1A_LU	2061;2062;2063;2064;2065;2066;2067;2068;
2017/06/07 11:28:26 AM : INFO : STA_COD_CS_2A_RD_2_U	COD_CS_2A_RD_2_U	2009;2011;2012;2007;2008;
2017/06/07 11:28:26 AM : INFO : STA_COD_CS_2A_RD_2_U	PF_CS_2A_RD	2007;2008;2009;2011;2012;
2017/06/07 11:28:26 AM : INFO : STA_COD_ITW_120C_U	COD_ITW_120C_U	240;
2017/06/07 11:28:26 AM : INFO : STA_COD_ITW_120C_U	STL_ITW_120C	240;
2017/06/07 11:28:26 AM : INFO : STA_COD_ND_3_U	COD_ND_3_U	1033;
2017/06/07 11:28:26 AM : INFO : STA_COD_ND_3_U	STL_ND_3	1033;1077;
2017/06/07 11:28:26 AM : INFO : STA_COD_VSW_5E_LU_9_B	COD_VSW_5E_LU_9_B	2272;2273;2274;2275;2276;
2017/06/07 11:28:26 AM : INFO : STA_COD_VSW_5E_LU_9_B	PF_VSW_5E_LU	2272;2273;2274;2275;2276;
2017/06/07 11:28:26 AM : INFO : STA_COD_ZD_161B_B	COD_ZD_161B_B	2594;2595;
2017/06/07 11:28:26 AM : INFO : STA_COD_ZD_161B_B	STL_ZD_161B	2594;2595;
2017/06/07 11:28:26 AM : INFO : STA_COD_LLL_3B_LU_11_B	COD_LLL_3B_LU_11_B	64;65;66;67;69;70;71;72;
2017/06/07 11:28:26 AM : INFO : STA_COD_LLL_3B_LU_11_B	PF_LLL_3B_LU	64;65;66;67;69;70;71;72;
2017/06/07 11:28:26 AM : INFO : STA_COD_MDW_5C_RU_15_B	COD_MDW_5C_RU_15_B	2119;2120;2121;2122;2123;
2017/06/07 11:28:26 AM : INFO : STA_COD_MDW_5C_RU_15_B	PF_MDW_5C_RU	2119;2120;2121;2122;2123;
2017/06/07 11:28:26 AM : INFO : STA_COD_ZD_154A_D	COD_ZD_154A_D	2600;
2017/06/07 11:28:26 AM : INFO : STA_COD_ZD_154A_D	STL_ZD_154A	2600;
2017/06/07 11:28:26 AM : INFO : STA_COD_LCM_180D_B	COD_LCM_180D_B	2506;2666;
2017/06/07 11:28:26 AM : INFO : STA_COD_LCM_180D_B	STL_LCM_180D	2506;2666;
2017/06/07 11:28:26 AM : INFO : STA_COD_SVT_2A_RD_6_B	COD_SVT_2A_RD_6_B	2158;2159;2160;2161;2162;2163;2164;2165;
2017/06/07 11:28:26 AM : INFO : STA_COD_SVT_2A_RD_6_B	PF_SVT_2A_RD	2158;2159;2160;2161;2162;2163;2164;2165;
2017/06/07 11:28:26 AM : INFO : STA_COD_ZD_152C_B	COD_ZD_152C_B	2578;2579;
2017/06/07 11:28:26 AM : INFO : STA_COD_ZD_152C_B	STL_ZD_152C	2578;2579;
2017/06/07 11:28:26 AM : INFO : STA_COD_ITW_130B_U	COD_ITW_130B_U	244;
2017/06/07 11:28:26 AM : INFO : STA_COD_ITW_130B_U	STL_ITW_130B	244;
2017/06/07 11:28:26 AM : INFO : STA_COD_LCM_151B_B	COD_LCM_151B_B	2445;2446;
2017/06/07 11:28:26 AM : INFO : STA_COD_LCM_151B_B	STL_LCM_151B	2445;2446;
2017/06/07 11:28:26 AM : INFO : STA_COD_BMR_1A_LU_1_B	COD_BMR_1A_LU_1_B	2166;2167;2168;2169;2170;
2017/06/07 11:28:26 AM : INFO : STA_COD_BMR_1A_LU_1_B	PF_BMR_1A_LU	2166;2167;2168;2169;2170;
2017/06/07 11:28:26 AM : INFO : STA_COD_WPP_100B_U	COD_WPP_100B_U	2319;
2017/06/07 11:28:26 AM : INFO : STA_COD_WPP_100B_U	STL_WPP_100B	2319;
2017/06/07 11:28:26 AM : INFO : STA_COD_ZD_141B_B	COD_ZD_141B_B	2548;2549;
2017/06/07 11:28:26 AM : INFO : STA_COD_ZD_141B_B	STL_ZD_141B	2548;2549;
2017/06/07 11:28:26 AM : INFO : STA_COD_LCM_152A_B	COD_LCM_152A_B	2451;2452;
2017/06/07 11:28:26 AM : INFO : STA_COD_LCM_152A_B	STL_LCM_152A	2451;2452;
2017/06/07 11:28:26 AM : INFO : STA_COD_GPP_13A_D	COD_GPP_13A_D	2367;
2017/06/07 11:28:26 AM : INFO : STA_COD_GPP_13A_D	STL_GPP_13A	2367;2826;
2017/06/07 11:28:26 AM : INFO : STA_COD_ITW_150C_D	COD_ITW_150C_D	210;
2017/06/07 11:28:26 AM : INFO : STA_COD_ITW_150C_D	STL_ITW_150C	210;
2017/06/07 11:28:26 AM : INFO : STA_COD_GN_20E_D	COD_GN_20E_D	2341;
2017/06/07 11:28:26 AM : INFO : STA_COD_GN_20E_D	STL_GN_20E	2341;
2017/06/07 11:28:26 AM : INFO : STA_COD_GN_100D_D	COD_GN_100D_D	2330;
2017/06/07 11:28:26 AM : INFO : STA_COD_GN_100D_D	STL_GN_100D	2330;
2017/06/07 11:28:26 AM : INFO : STA_COD_LCM_121C_B	COD_LCM_121C_B	2379;2380;
2017/06/07 11:28:26 AM : INFO : STA_COD_LCM_121C_B	STL_LCM_121C	2379;2380;
2017/06/07 11:28:26 AM : INFO : STA_COD_GPP_20B_D	COD_GPP_20B_D	2372;
2017/06/07 11:28:26 AM : INFO : STA_COD_GPP_20B_D	STL_GPP_20B	2372;
2017/06/07 11:28:26 AM : INFO : STA_COD_ZD_102C_B	COD_ZD_102C_B	2606;2607;
2017/06/07 11:28:26 AM : INFO : STA_COD_ZD_102C_B	STL_ZD_102C	2606;2607;
2017/06/07 11:28:26 AM : INFO : STA_COD_ITW_150D_D	COD_ITW_150D_D	211;
2017/06/07 11:28:26 AM : INFO : STA_COD_ITW_150D_D	STL_ITW_150D	211;
2017/06/07 11:28:26 AM : INFO : STA_COD_GN_110A_D	COD_GN_110A_D	2342;
2017/06/07 11:28:26 AM : INFO : STA_COD_GN_110A_D	STL_GN_110A	2342;2821;
2017/06/07 11:28:26 AM : INFO : STA_COD_ITW_140C_U	COD_ITW_140C_U	250;
2017/06/07 11:28:26 AM : INFO : STA_COD_ITW_140C_U	STL_ITW_140C	250;
2017/06/07 11:28:26 AM : INFO : STA_COD_HLD_1A_LU_1_B	COD_HLD_1A_LU_1_B	2192;2193;2194;2195;2196;2197;2198;2199;
2017/06/07 11:28:26 AM : INFO : STA_COD_HLD_1A_LU_1_B	PF_HLD_1A_LU	2192;2193;2194;2195;2196;2197;2198;2199;
2017/06/07 11:28:26 AM : INFO : STA_COD_LCM_135B_B	COD_LCM_135B_B	2413;2414;
2017/06/07 11:28:26 AM : INFO : STA_COD_LCM_135B_B	STL_LCM_135B	2413;2414;
2017/06/07 11:28:26 AM : INFO : STA_COD_GPP_130B_D	COD_GPP_130B_D	2364;
2017/06/07 11:28:26 AM : INFO : STA_COD_GPP_130B_D	STL_GPP_130B	2364;
2017/06/07 11:28:26 AM : INFO : STA_COD_VSW_6E_RD_10_B	COD_VSW_6E_RD_10_B	2277;2278;2279;2280;2281;
2017/06/07 11:28:26 AM : INFO : STA_COD_VSW_6E_RD_10_B	PF_VSW_6E_RD	2277;2278;2279;2280;2281;
2017/06/07 11:28:26 AM : INFO : STA_COD_ITW_132_D	COD_ITW_132_D	253;
2017/06/07 11:28:26 AM : INFO : STA_COD_ITW_132_D	STL_ITW_132	253;254;
2017/06/07 11:28:26 AM : INFO : STA_COD_ITW_132_D	WZ_132_ITW	254;253;
2017/06/07 11:28:26 AM : INFO : STA_COD_LCM_123C_B	COD_LCM_123C_B	2387;2388;
2017/06/07 11:28:26 AM : INFO : STA_COD_LCM_123C_B	STL_LCM_123C	2387;2388;
2017/06/07 11:28:26 AM : INFO : STA_COD_ITW_103A_D	COD_ITW_103A_D	203;
2017/06/07 11:28:26 AM : INFO : STA_COD_ITW_103A_D	STL_ITW_103A	203;207;
2017/06/07 11:28:26 AM : INFO : STA_COD_VZG_8_RD_6_B	COD_VZG_8_RD_6_B	1020;1019;
2017/06/07 11:28:26 AM : INFO : STA_COD_VZG_8_RD_6_B	PF_VZG_8_RD	1019;1020;
2017/06/07 11:28:26 AM : INFO : STA_COD_GN_110D_D	COD_GN_110D_D	2345;
2017/06/07 11:28:26 AM : INFO : STA_COD_GN_110D_D	STL_GN_110D	2345;
2017/06/07 11:28:26 AM : INFO : STA_COD_LCM_125D_D	COD_LCM_125D_D	2394;
2017/06/07 11:28:26 AM : INFO : STA_COD_LCM_125D_D	STL_LCM_125D	2394;
2017/06/07 11:28:26 AM : INFO : STA_COD_JLS_4B_RD_6_B	COD_JLS_4B_RD_6_B	103;105;106;107;108;
2017/06/07 11:28:26 AM : INFO : STA_COD_JLS_4B_RD_6_B	PF_JLS_4B_RD	103;105;106;107;108;
2017/06/07 11:28:26 AM : INFO : STA_COD_LCM_170_D	COD_LCM_170_D	2829;
2017/06/07 11:28:26 AM : ERROR : STA_COD_LCM_170_D	STL_LCM_170	
2017/06/07 11:28:26 AM : INFO : STA_COD_LCM_151A_B	COD_LCM_151A_B	2443;2444;
2017/06/07 11:28:26 AM : INFO : STA_COD_LCM_151A_B	STL_LCM_151A	2443;2444;
2017/06/07 11:28:26 AM : INFO : STA_COD_LCM_151C_B	COD_LCM_151C_B	2447;2448;
2017/06/07 11:28:26 AM : INFO : STA_COD_LCM_151C_B	STL_LCM_151C	2447;2448;
2017/06/07 11:28:26 AM : INFO : STA_COD_ND_8_RD_6_B	COD_ND_8_RD_6_B	1004;1003;
2017/06/07 11:28:26 AM : INFO : STA_COD_ND_8_RD_6_B	PF_ND_8_RD	1003;1004;
2017/06/07 11:28:26 AM : INFO : STA_COD_LCM_150D_B	COD_LCM_150D_B	2441;2442;
2017/06/07 11:28:26 AM : INFO : STA_COD_LCM_150D_B	STL_LCM_150D	2441;2442;
2017/06/07 11:28:26 AM : INFO : STA_COD_ITW_101D_U	COD_ITW_101D_U	236;
2017/06/07 11:28:26 AM : INFO : STA_COD_ITW_101D_U	STL_ITW_101D	236;237;
2017/06/07 11:28:26 AM : INFO : STA_COD_GN_1A_LU_9_B	COD_GN_1A_LU_9_B	2224;2225;2226;2227;2228;2229;2230;2231;
2017/06/07 11:28:26 AM : INFO : STA_COD_GN_1A_LU_9_B	PF_GN_1A_LU	2224;2225;2226;2227;2228;2229;2230;2231;
2017/06/07 11:28:26 AM : INFO : STA_COD_GPP_120B_D	COD_GPP_120B_D	2360;
2017/06/07 11:28:26 AM : INFO : STA_COD_GPP_120B_D	STL_GPP_120B	2360;
2017/06/07 11:28:26 AM : INFO : STA_COD_DPP_7A_LU_9_B	COD_DPP_7A_LU_9_B	1022;1021;
2017/06/07 11:28:26 AM : INFO : STA_COD_DPP_7A_LU_9_B	PF_DPP_7A_LU	1021;1022;
2017/06/07 11:28:26 AM : INFO : STA_COD_ITW_181D_D	COD_ITW_181D_D	226;
2017/06/07 11:28:26 AM : INFO : STA_COD_ITW_181D_D	STL_ITW_181D	226;
2017/06/07 11:28:26 AM : INFO : STA_COD_ASW_4B_RD_24A_22D_U	COD_ASW_4B_RD_24A_22D_U	12;13;14;15;17;18;19;20;
2017/06/07 11:28:26 AM : INFO : STA_COD_ASW_4B_RD_24A_22D_U	PF_ASW_4B_RD	12;13;14;15;17;18;19;20;
2017/06/07 11:28:26 AM : INFO : STA_COD_BMR_2A_RD_2_B	COD_BMR_2A_RD_2_B	2171;2172;2173;2174;2175;
2017/06/07 11:28:26 AM : INFO : STA_COD_BMR_2A_RD_2_B	PF_BMR_2A_RD	2171;2172;2173;2174;2175;
2017/06/07 11:28:26 AM : INFO : STA_COD_GN_13B_D	COD_GN_13B_D	2333;
2017/06/07 11:28:26 AM : INFO : STA_COD_GN_13B_D	STL_GN_13B	2333;
2017/06/07 11:28:26 AM : INFO : STA_COD_LCM_162C_B	COD_LCM_162C_B	2471;2472;
2017/06/07 11:28:26 AM : INFO : STA_COD_LCM_162C_B	STL_LCM_162C	2471;2472;
2017/06/07 11:28:26 AM : INFO : STA_STL_DMZ_100A	STL_DMZ_100A	2510;
2017/06/07 11:28:26 AM : INFO : STA_COD_GPP_120D_D	COD_GPP_120D_D	2362;
2017/06/07 11:28:26 AM : INFO : STA_COD_GPP_120D_D	STL_GPP_120D	2362;
2017/06/07 11:28:26 AM : INFO : STA_COD_WPP_100A_U	COD_WPP_100A_U	2318;
2017/06/07 11:28:26 AM : INFO : STA_COD_WPP_100A_U	STL_WPP_100A	2318;
2017/06/07 11:28:26 AM : INFO : STA_COD_GPP_130A_D	COD_GPP_130A_D	2363;
2017/06/07 11:28:26 AM : INFO : STA_COD_GPP_130A_D	STL_GPP_130A	2363;2825;
2017/06/07 11:28:26 AM : INFO : STA_COD_ND_121_U	COD_ND_121_U	1039;
2017/06/07 11:28:26 AM : INFO : STA_COD_ND_121_U	STL_ND_121	1039;1080;
2017/06/07 11:28:26 AM : INFO : STA_COD_ITW_190C_D	COD_ITW_190C_D	230;
2017/06/07 11:28:26 AM : INFO : STA_COD_ITW_190C_D	STL_ITW_190C	230;
2017/06/07 11:28:26 AM : INFO : STA_COD_BLW_101D_D	COD_BLW_101D_D	2326;
2017/06/07 11:28:26 AM : INFO : STA_COD_BLW_101D_D	STL_BLW_101D	2326;
2017/06/07 11:28:26 AM : INFO : STA_COD_ZD_12_LD_111A_111B_B	COD_ZD_12_LD_111A_111B_B	2520;2522;2521;
2017/06/07 11:28:26 AM : INFO : STA_COD_ZD_12_LD_111A_111B_B	PF_ZD_12_LD	2520;2521;2522;
2017/06/07 11:28:26 AM : INFO : STA_COD_LCM_141C_B	COD_LCM_141C_B	2423;2424;
2017/06/07 11:28:26 AM : INFO : STA_COD_LCM_141C_B	STL_LCM_141C	2423;2424;
2017/06/07 11:28:26 AM : INFO : STA_COD_ITW_181A_D	COD_ITW_181A_D	223;
2017/06/07 11:28:26 AM : INFO : STA_COD_ITW_181A_D	STL_ITW_181A	223;227;
2017/06/07 11:28:26 AM : INFO : STA_COD_GN_20A_D	COD_GN_20A_D	2337;
2017/06/07 11:28:26 AM : INFO : STA_COD_GN_20A_D	STL_GN_20A	2337;2820;
2017/06/07 11:28:26 AM : INFO : STA_COD_GPP_100D_D	COD_GPP_100D_D	2354;
2017/06/07 11:28:26 AM : INFO : STA_COD_GPP_100D_D	STL_GPP_100D	2354;
2017/06/07 11:28:26 AM : INFO : STA_COD_ND_120_U	COD_ND_120_U	1038;
2017/06/07 11:28:26 AM : INFO : STA_COD_ND_120_U	STL_ND_120	1038;
2017/06/07 11:28:26 AM : INFO : STA_COD_ITW_100D_U	COD_ITW_100D_U	263;
2017/06/07 11:28:26 AM : INFO : STA_COD_ITW_100D_U	STL_ITW_100D	263;264;
2017/06/07 11:28:26 AM : INFO : STA_COD_LCM_113A_B	COD_LCM_113A_B	2484;2804;
2017/06/07 11:28:26 AM : INFO : STA_COD_LCM_113A_B	STL_LCM_113A	2804;2484;
2017/06/07 11:28:26 AM : INFO : STA_COD_GPP_110C_D	COD_GPP_110C_D	2357;
2017/06/07 11:28:26 AM : INFO : STA_COD_GPP_110C_D	STL_GPP_110C	2357;
2017/06/07 11:28:26 AM : INFO : STA_COD_VZG_7A_LU_5_B	COD_VZG_7A_LU_5_B	1018;1017;
2017/06/07 11:28:26 AM : INFO : STA_COD_VZG_7A_LU_5_B	PF_VZG_7A_LU	1017;1018;
2017/06/07 11:28:26 AM : INFO : STA_COD_GN_110E_D	COD_GN_110E_D	2346;
2017/06/07 11:28:26 AM : INFO : STA_COD_GN_110E_D	STL_GN_110E	2346;
2017/06/07 11:28:26 AM : INFO : STA_COD_GPP_130D_D	COD_GPP_130D_D	2366;
2017/06/07 11:28:26 AM : INFO : STA_COD_GPP_130D_D	STL_GPP_130D	2366;
2017/06/07 11:28:26 AM : INFO : STA_COD_ZD_160E_B	COD_ZD_160E_B	2590;2591;
2017/06/07 11:28:26 AM : INFO : STA_COD_ZD_160E_B	STL_ZD_160E	2590;2591;
2017/06/07 11:28:26 AM : INFO : STA_COD_SLW_100A_U	COD_SLW_100A_U	2321;
2017/06/07 11:28:26 AM : INFO : STA_COD_SLW_100A_U	STL_SLW_100A	2321;
2017/06/07 11:28:26 AM : INFO : STA_COD_ITW_4B_RD_4A_4C_D	COD_ITW_4B_RD_4A_4C_D	152;153;154;155;157;158;159;160;
2017/06/07 11:28:26 AM : INFO : STA_COD_ITW_4B_RD_4A_4C_D	PF_ITW_4B_RD	152;153;154;155;157;158;159;160;
2017/06/07 11:28:26 AM : INFO : STA_COD_GPP_110B_D	COD_GPP_110B_D	2356;
2017/06/07 11:28:26 AM : INFO : STA_COD_GPP_110B_D	STL_GPP_110B	2356;
2017/06/07 11:28:26 AM : INFO : STA_COD_NDP_8_RD_2_B	COD_NDP_8_RD_2_B	1008;1007;
2017/06/07 11:28:26 AM : INFO : STA_COD_NDP_8_RD_2_B	PF_NDP_8_RD	1007;1008;
2017/06/07 11:28:26 AM : INFO : STA_COD_ITW_120A_U	COD_ITW_120A_U	238;
2017/06/07 11:28:26 AM : INFO : STA_COD_ITW_120A_U	STL_ITW_120A	238;
2017/06/07 11:28:26 AM : INFO : STA_COD_VLN_3B_LU_9_B	COD_VLN_3B_LU_9_B	110;111;112;113;114;
2017/06/07 11:28:26 AM : INFO : STA_COD_VLN_3B_LU_9_B	PF_VLN_3B_LU	110;111;112;113;114;
2017/06/07 11:28:26 AM : INFO : STA_COD_LCM_141B_B	COD_LCM_141B_B	2421;2422;
2017/06/07 11:28:26 AM : INFO : STA_COD_LCM_141B_B	STL_LCM_141B	2421;2422;
2017/06/07 11:28:26 AM : INFO : STA_COD_ND_111_U	COD_ND_111_U	1037;
2017/06/07 11:28:26 AM : INFO : STA_COD_ND_111_U	STL_ND_111	1037;1079;
2017/06/07 11:28:26 AM : INFO : STA_COD_LCM_150A_B	COD_LCM_150A_B	2435;2436;
2017/06/07 11:28:26 AM : INFO : STA_COD_LCM_150A_B	STL_LCM_150A	2435;2436;
2017/06/07 11:28:26 AM : INFO : STA_COD_ITW_110D_U	COD_ITW_110D_U	258;
2017/06/07 11:28:26 AM : INFO : STA_COD_ITW_110D_U	STL_ITW_110D	258;259;
2017/06/07 11:28:26 AM : INFO : STA_COD_LCM_141D_B	COD_LCM_141D_B	2425;2426;
2017/06/07 11:28:26 AM : INFO : STA_COD_LCM_141D_B	STL_LCM_141D	2425;2426;
2017/06/07 11:28:26 AM : INFO : STA_COD_ITW_161C_D	COD_ITW_161C_D	215;
2017/06/07 11:28:26 AM : INFO : STA_COD_ITW_161C_D	STL_ITW_161C	215;
2017/06/07 11:28:26 AM : INFO : STA_COD_SLW_3A_RU_15_B	COD_SLW_3A_RU_15_B	2102;2103;2104;
2017/06/07 11:28:26 AM : INFO : STA_COD_SLW_3A_RU_15_B	PF_SLW_3A_RU	2102;2103;2104;
2017/06/07 11:28:26 AM : INFO : STA_COD_LCM_190C_B	COD_LCM_190C_B	2800;2801;
2017/06/07 11:28:26 AM : INFO : STA_COD_LCM_190C_B	STL_LCM_190C	2800;2801;
2017/06/07 11:28:26 AM : INFO : STA_COD_LCM_162B_B	COD_LCM_162B_B	2469;2470;
2017/06/07 11:28:26 AM : INFO : STA_COD_LCM_162B_B	STL_LCM_162B	2469;2470;
2017/06/07 11:28:26 AM : INFO : STA_COD_CSN_8_LD_14_B	COD_CSN_8_LD_14_B	1012;1011;
2017/06/07 11:28:26 AM : INFO : STA_COD_CSN_8_LD_14_B	PF_CSN_8_LD	1011;1012;
2017/06/07 11:28:26 AM : INFO : STA_COD_ND_1_U	COD_ND_1_U	1032;
2017/06/07 11:28:26 AM : INFO : STA_COD_ND_1_U	STL_ND_1	1032;
2017/06/07 11:28:26 AM : INFO : STA_COD_ITW_170A_D	COD_ITW_170A_D	218;
2017/06/07 11:28:26 AM : INFO : STA_COD_ITW_170A_D	STL_ITW_170A	218;222;
2017/06/07 11:28:26 AM : INFO : STA_COD_LCM_163B_B	COD_LCM_163B_B	2477;2478;
2017/06/07 11:28:26 AM : INFO : STA_COD_LCM_163B_B	STL_LCM_163B	2477;2478;
2017/06/07 11:28:26 AM : INFO : STA_COD_GPP_5E_LU_9_B	COD_GPP_5E_LU_9_B	2308;2309;2310;2311;2312;
2017/06/07 11:28:26 AM : INFO : STA_COD_GPP_5E_LU_9_B	PF_GPP_5E_LU	2308;2309;2310;2311;2312;
2017/06/07 11:28:26 AM : INFO : STA_COD_GN_20D_D	COD_GN_20D_D	2340;
2017/06/07 11:28:26 AM : INFO : STA_COD_GN_20D_D	STL_GN_20D	2340;
2017/06/07 11:28:26 AM : INFO : STA_COD_DPP_8_LD_10_B	COD_DPP_8_LD_10_B	1024;1023;
2017/06/07 11:28:26 AM : INFO : STA_COD_DPP_8_LD_10_B	PF_DPP_8_LD	1023;1024;
2017/06/07 11:28:26 AM : INFO : STA_COD_ITW_190D_D	COD_ITW_190D_D	231;
2017/06/07 11:28:26 AM : INFO : STA_COD_ITW_190D_D	STL_ITW_190D	231;
2017/06/07 11:28:26 AM : INFO : STA_COD_HLD_2A_RD_2_B	COD_HLD_2A_RD_2_B	2200;2201;2202;2203;2204;2205;2206;2207;
2017/06/07 11:28:26 AM : INFO : STA_COD_HLD_2A_RD_2_B	PF_HLD_2A_RD	2200;2201;2202;2203;2204;2205;2206;2207;
2017/06/07 11:28:26 AM : INFO : STA_COD_ZD_102B_B	COD_ZD_102B_B	2604;2605;
2017/06/07 11:28:26 AM : INFO : STA_COD_ZD_102B_B	STL_ZD_102B	2604;2605;
2017/06/07 11:28:26 AM : INFO : STA_COD_BLW_101A_D	COD_BLW_101A_D	2323;
2017/06/07 11:28:26 AM : INFO : STA_COD_BLW_101A_D	STL_BLW_101A	2323;2817;
2017/06/07 11:28:26 AM : INFO : STA_COD_LCM_123B_B	COD_LCM_123B_B	2385;2386;
2017/06/07 11:28:26 AM : INFO : STA_COD_LCM_123B_B	STL_LCM_123B	2385;2386;
2017/06/07 11:28:26 AM : INFO : STA_COD_GPP_13C_D	COD_GPP_13C_D	2369;
2017/06/07 11:28:26 AM : INFO : STA_COD_GPP_13C_D	STL_GPP_13C	2369;
2017/06/07 11:28:26 AM : INFO : STA_COD_ITW_100B_U	COD_ITW_100B_U	261;
2017/06/07 11:28:26 AM : INFO : STA_COD_ITW_100B_U	STL_ITW_100B	261;
2017/06/07 11:28:26 AM : INFO : STA_COD_ITW_150B_D	COD_ITW_150B_D	209;
2017/06/07 11:28:26 AM : INFO : STA_COD_ITW_150B_D	STL_ITW_150B	209;
2017/06/07 11:28:26 AM : INFO : STA_COD_LCM_125B_D	COD_LCM_125B_D	2392;
2017/06/07 11:28:26 AM : INFO : STA_COD_LCM_125B_D	STL_LCM_125B	2392;
2017/06/07 11:28:26 AM : INFO : STA_COD_LCM_134A_B	COD_LCM_134A_B	2403;2404;
2017/06/07 11:28:26 AM : INFO : STA_COD_LCM_134A_B	STL_LCM_134A	2403;2404;
2017/06/07 11:28:26 AM : INFO : STA_COD_ITW_130C_U	COD_ITW_130C_U	245;
2017/06/07 11:28:26 AM : INFO : STA_COD_ITW_130C_U	STL_ITW_130C	245;
2017/06/07 11:28:26 AM : INFO : STA_COD_LCM_161C_B	COD_LCM_161C_B	2463;2464;
2017/06/07 11:28:26 AM : INFO : STA_COD_LCM_161C_B	STL_LCM_161C	2463;2464;
2017/06/07 11:28:26 AM : INFO : STA_COD_ZD_141E_B	COD_ZD_141E_B	2554;2555;
2017/06/07 11:28:26 AM : INFO : STA_COD_ZD_141E_B	STL_ZD_141E	2554;2555;
2017/06/07 11:28:26 AM : INFO : STA_COD_LCM_142D_B	COD_LCM_142D_B	2433;2434;
2017/06/07 11:28:26 AM : INFO : STA_COD_LCM_142D_B	STL_LCM_142D	2433;2434;
2017/06/07 11:28:26 AM : INFO : STA_COD_BLW_101B_D	COD_BLW_101B_D	2324;
2017/06/07 11:28:26 AM : INFO : STA_COD_BLW_101B_D	STL_BLW_101B	2324;
2017/06/07 11:28:26 AM : INFO : STA_COD_ZD_141A_B	COD_ZD_141A_B	2546;2547;
2017/06/07 11:28:26 AM : INFO : STA_COD_ZD_141A_B	STL_ZD_141A	2546;2547;
2017/06/07 11:28:26 AM : INFO : STA_COD_GN_100B_D	COD_GN_100B_D	2328;
2017/06/07 11:28:26 AM : INFO : STA_COD_GN_100B_D	STL_GN_100B	2328;
2017/06/07 11:28:26 AM : INFO : STA_COD_ITW_170D_D	COD_ITW_170D_D	221;
2017/06/07 11:28:26 AM : INFO : STA_COD_ITW_170D_D	STL_ITW_170D	221;
2017/06/07 11:28:26 AM : INFO : STA_COD_LCM_151D_B	COD_LCM_151D_B	2449;2450;
2017/06/07 11:28:26 AM : INFO : STA_COD_LCM_151D_B	STL_LCM_151D	2449;2450;
2017/06/07 11:28:26 AM : INFO : STA_COD_LCM_134D_B	COD_LCM_134D_B	2409;2410;
2017/06/07 11:28:26 AM : INFO : STA_COD_LCM_134D_B	STL_LCM_134D	2409;2410;
2017/06/07 11:28:26 AM : INFO : STA_COD_LCM_132D_B	COD_LCM_132D_B	2401;2402;
2017/06/07 11:28:26 AM : INFO : STA_COD_LCM_132D_B	STL_LCM_132D	2401;2402;
2017/06/07 11:28:26 AM : INFO : STA_COD_HVW_4B_RD_4_B	COD_HVW_4B_RD_4_B	42;43;44;45;47;48;49;50;
2017/06/07 11:28:26 AM : INFO : STA_COD_HVW_4B_RD_4_B	PF_HVW_4B_RD	42;43;44;45;47;48;49;50;
2017/06/07 11:28:26 AM : INFO : STA_COD_LCM_113D_B	COD_LCM_113D_B	2489;2809;
2017/06/07 11:28:26 AM : INFO : STA_COD_LCM_113D_B	STL_LCM_113D	2489;2809;
2017/06/07 11:28:26 AM : INFO : STA_COD_ASA_1A_RU_3_B	COD_ASA_1A_RU_3_B	2077;2078;2079;2080;2081;2082;2083;2084;
2017/06/07 11:28:26 AM : INFO : STA_COD_ASA_1A_RU_3_B	PF_ASA_1A_RU	2077;2078;2079;2080;2081;2082;2083;2084;
2017/06/07 11:28:26 AM : INFO : STA_COD_ZD_151D_B	COD_ZD_151D_B	2570;2571;
2017/06/07 11:28:26 AM : INFO : STA_COD_ZD_151D_B	STL_ZD_151D	2570;2571;
2017/06/07 11:28:26 AM : INFO : STA_COD_LCM_152C_B	COD_LCM_152C_B	2455;2456;
2017/06/07 11:28:26 AM : INFO : STA_COD_LCM_152C_B	STL_LCM_152C	2455;2456;
2017/06/07 11:28:26 AM : INFO : STA_COD_ITW_110A_U	COD_ITW_110A_U	255;
2017/06/07 11:28:26 AM : INFO : STA_COD_ITW_110A_U	STL_ITW_110A	255;
2017/06/07 11:28:26 AM : INFO : STA_COD_LCM_125A_D	COD_LCM_125A_D	2391;
2017/06/07 11:28:26 AM : INFO : STA_COD_LCM_125A_D	STL_LCM_125A	2391;2815;
2017/06/07 11:28:26 AM : INFO : STA_COD_GPP_120A_D	COD_GPP_120A_D	2359;
2017/06/07 11:28:26 AM : INFO : STA_COD_GPP_120A_D	STL_GPP_120A	2359;2828;
2017/06/07 11:28:26 AM : INFO : STA_COD_LCM_190B_B	COD_LCM_190B_B	2798;2799;
2017/06/07 11:28:26 AM : INFO : STA_COD_LCM_190B_B	STL_LCM_190B	2798;2799;
2017/06/07 11:28:26 AM : INFO : STA_COD_LCM_180A_B	COD_LCM_180A_B	2503;2663;
2017/06/07 11:28:26 AM : INFO : STA_COD_LCM_180A_B	STL_LCM_180A	2503;2663;
2017/06/07 11:28:26 AM : ERROR : STA_STL_DMZ_100B	STL_DMZ_100B	
2017/06/07 11:28:26 AM : INFO : STA_COD_VPD_6D_RD_2_B	COD_VPD_6D_RD_2_B	2248;2249;2250;2251;2252;2253;2254;2255;
2017/06/07 11:28:26 AM : INFO : STA_COD_VPD_6D_RD_2_B	PF_VPD_6D_RD	2248;2249;2250;2251;2252;2253;2254;2255;
2017/06/07 11:28:26 AM : INFO : STA_STL_DMZ_101	STL_DMZ_101	2509;
2017/06/07 11:28:26 AM : INFO : Report generated successfully at C:\Users\295563\Documents\MyData\PROJECTS\VnV\VnV_Automation\DTVT_BLUE\Results\Test_Results_NOK_RCD_STOPPING_AREA_0001.xlsx
