2017/05/31 03:36:33 PM : INFO : Executing Utility.py
2017/05/31 03:36:33 PM : INFO : Creating Class CSVReader
2017/05/31 03:36:35 PM : INFO : Project Specific Boundary PSB_5_VLN_70of type = Generic  has direction = Both
2017/05/31 03:36:35 PM : INFO : Project Specific Boundary PSB_6_VLN_71of type = Generic  has direction = Both
2017/05/31 03:36:35 PM : INFO : Project Specific Boundary PSB_9_VLN_80of type = Generic  has direction = Both
2017/05/31 03:36:35 PM : INFO : Project Specific Boundary PSB_10_VLN_81of type = Generic  has direction = Both
2017/05/31 03:36:35 PM : INFO : Project Specific Boundary PSB_W_90_92of type = Generic  has direction = Both
2017/05/31 03:36:35 PM : INFO : Project Specific Boundary PSB_37_1775A_ZD_22of type = Generic  has direction = Both
2017/05/31 03:36:35 PM : INFO : Project Specific Boundary PSB_26_1775B_ZD_23of type = Generic  has direction = Both
2017/05/31 03:36:35 PM : INFO : Project Specific Boundary PSB_37_1773B_ZD_22of type = Generic  has direction = Both
2017/05/31 03:36:35 PM : INFO : Project Specific Boundary PSB_26_1773A_ZD_23of type = Generic  has direction = Both
2017/05/31 03:36:35 PM : INFO : Project Specific Boundary PSB_5_1721B_HDS_32of type = Generic  has direction = Both
2017/05/31 03:36:35 PM : INFO : Project Specific Boundary PSB_6_1721A_HDS_33of type = Generic  has direction = Both
2017/05/31 03:36:35 PM : INFO : Project Specific Boundary PSB_5_1719A_HDS_40of type = Generic  has direction = Both
2017/05/31 03:36:35 PM : INFO : Project Specific Boundary PSB_6_1719B_HDS_35of type = Generic  has direction = Both
2017/05/31 03:36:35 PM : INFO : Project Specific Boundary PSB_13_1697_HDS_52of type = Generic  has direction = Both
2017/05/31 03:36:35 PM : INFO : Project Specific Boundary PSB_18_1683_HDS_55of type = Generic  has direction = Both
2017/05/31 03:36:35 PM : INFO : Project Specific Boundary PSB_100_1695A_HDS_57of type = Generic  has direction = Both
2017/05/31 03:36:35 PM : INFO : Project Specific Boundary PSB_14_1695B_HDS_53of type = Generic  has direction = Both
2017/05/31 03:36:35 PM : INFO : Project Specific Boundary PSB_17_1687A_HDS_54of type = Generic  has direction = Both
2017/05/31 03:36:35 PM : INFO : Project Specific Boundary PSB_102_1687B_HDS_57of type = Generic  has direction = Both
2017/05/31 03:36:35 PM : INFO : Project Specific Boundary PSB_7_1653A_VLN_74of type = Generic  has direction = Both
2017/05/31 03:36:35 PM : INFO : Project Specific Boundary PSB_8_1653B_VLN_75of type = Generic  has direction = Both
2017/05/31 03:36:35 PM : INFO : Project Specific Boundary PSB_8_1651A_VLN_81of type = Generic  has direction = Both
2017/05/31 03:36:35 PM : INFO : Project Specific Boundary PSB_7_1651B_VLN_76of type = Generic  has direction = Both
2017/05/31 03:36:35 PM : INFO : Project Specific Boundary PSB_12_1635A_VLN_85of type = Generic  has direction = Both
2017/05/31 03:36:35 PM : INFO : Project Specific Boundary PSB_11_1635B_VLN_84of type = Generic  has direction = Both
2017/05/31 03:36:35 PM : INFO : Project Specific Boundary PSB_11_1637A_VLN_84of type = Generic  has direction = Both
2017/05/31 03:36:35 PM : INFO : Project Specific Boundary PSB_12_1637B_VLN_85of type = Generic  has direction = Both
2017/05/31 03:36:35 PM : INFO : Project Specific Boundary PSB_1_1617A_ITW_94of type = Generic  has direction = Both
2017/05/31 03:36:35 PM : INFO : Project Specific Boundary PSB_2_1617B_ITW_95of type = Generic  has direction = Both
2017/05/31 03:36:35 PM : INFO : Project Specific Boundary PSB_2_1615A_ITW_97of type = Generic  has direction = Both
2017/05/31 03:36:35 PM : INFO : Project Specific Boundary PSB_1_1615B_ITW_96of type = Generic  has direction = Both
2017/05/31 03:36:35 PM : INFO : Project Specific Boundary PSB_W_71_81of type = Generic  has direction = Both
2017/05/31 03:36:35 PM : INFO : Project Specific Boundary PSB_W_20_22of type = Generic  has direction = Both
2017/05/31 03:36:35 PM : INFO : Project Specific Boundary PSB_W_22_26of type = Generic  has direction = Both
2017/05/31 03:36:35 PM : INFO : Project Specific Boundary PSB_W_26_28of type = Generic  has direction = Both
2017/05/31 03:36:35 PM : INFO : Project Specific Boundary PSB_W_28_30of type = Generic  has direction = Both
2017/05/31 03:36:35 PM : INFO : Project Specific Boundary PSB_W_30_40of type = Generic  has direction = Both
2017/05/31 03:36:35 PM : INFO : Project Specific Boundary PSB_W_40_50of type = Generic  has direction = Both
2017/05/31 03:36:35 PM : INFO : Project Specific Boundary PSB_W_50_54of type = Generic  has direction = Both
2017/05/31 03:36:35 PM : INFO : Project Specific Boundary PSB_W_54_60of type = Generic  has direction = Both
2017/05/31 03:36:35 PM : INFO : Project Specific Boundary PSB_W_60_70of type = Generic  has direction = Both
2017/05/31 03:36:35 PM : INFO : Project Specific Boundary PSB_W_70_80of type = Generic  has direction = Both
2017/05/31 03:36:35 PM : INFO : Project Specific Boundary PSB_W_80_90of type = Generic  has direction = Both
2017/05/31 03:36:35 PM : INFO : Project Specific Boundary PSB_W_92_96of type = Generic  has direction = Both
2017/05/31 03:36:35 PM : INFO : Project Specific Boundary PSB_W_21_25of type = Generic  has direction = Both
2017/05/31 03:36:35 PM : INFO : Project Specific Boundary PSB_W_25_27of type = Generic  has direction = Both
2017/05/31 03:36:35 PM : INFO : Project Specific Boundary PSB_W_27_29of type = Generic  has direction = Both
2017/05/31 03:36:35 PM : INFO : Project Specific Boundary PSB_W_29_31of type = Generic  has direction = Both
2017/05/31 03:36:35 PM : INFO : Project Specific Boundary PSB_W_31_41of type = Generic  has direction = Both
2017/05/31 03:36:35 PM : INFO : Project Specific Boundary PSB_W_41_51of type = Generic  has direction = Both
2017/05/31 03:36:35 PM : INFO : Project Specific Boundary PSB_W_51_55of type = Generic  has direction = Both
2017/05/31 03:36:35 PM : INFO : Project Specific Boundary PSB_W_55_61of type = Generic  has direction = Both
2017/05/31 03:36:35 PM : INFO : Project Specific Boundary PSB_W_61_71of type = Generic  has direction = Both
2017/05/31 03:36:35 PM : INFO : Project Specific Boundary PSB_W_81_91of type = Generic  has direction = Both
2017/05/31 03:36:35 PM : INFO : Project Specific Boundary PSB_W_91_93of type = Generic  has direction = Both
2017/05/31 03:36:35 PM : INFO : Project Specific Boundary PSB_W_93_97of type = Generic  has direction = Both
2017/05/31 03:36:35 PM : INFO : Project Specific Boundary PSB_27_1793_ZD_20of type = Generic  has direction = Both
2017/05/31 03:36:35 PM : INFO : Project Specific Boundary PSB_22_1791_ZD_21of type = Generic  has direction = Both
2017/05/31 03:36:35 PM : INFO : Project Specific Boundary PSB_5_1529_ITW_1of type = Generic  has direction = Both
2017/05/31 03:36:35 PM : INFO : Project Specific Boundary PSB_5_1531_ITW_1of type = Generic  has direction = Both
2017/05/31 03:36:35 PM : INFO : Project Specific Boundary PSB_6_1527_ITW_6of type = Generic  has direction = Both
2017/05/31 03:36:35 PM : INFO : Project Specific Boundary PSB_W_3_5of type = Generic  has direction = Both
2017/05/31 03:36:35 PM : INFO : Project Specific Boundary PSB_5_3213_ND_11of type = Generic  has direction = Both
2017/05/31 03:36:35 PM : INFO : Project Specific Boundary PSB_122_3201A_ND_5of type = Generic  has direction = Both
2017/05/31 03:36:35 PM : INFO : Project Specific Boundary PSB_4_3211_ND_10of type = Generic  has direction = Both
2017/05/31 03:36:35 PM : INFO : Project Specific Boundary PSB_112_3203A_ND_2of type = Generic  has direction = Both
2017/05/31 03:36:35 PM : INFO : Project Specific Boundary PSB_112_3207_ND_2of type = Generic  has direction = Both
2017/05/31 03:36:35 PM : INFO : Project Specific Boundary PSB_112_3201B_ND_2of type = Generic  has direction = Both
2017/05/31 03:36:35 PM : INFO : Project Specific Boundary PSB_122_3205_ND_5of type = Generic  has direction = Both
2017/05/31 03:36:35 PM : INFO : Project Specific Boundary PSB_122_3203B_ND_5of type = Generic  has direction = Both
2017/05/31 03:36:35 PM : INFO : Project Specific Boundary PSB_9_3223A_ND_11of type = Generic  has direction = Both
2017/05/31 03:36:35 PM : INFO : Project Specific Boundary PSB_8_3223B_ND_12of type = Generic  has direction = Both
2017/05/31 03:36:35 PM : INFO : Project Specific Boundary PSB_9_3225B_ND_13of type = Generic  has direction = Both
2017/05/31 03:36:35 PM : INFO : Project Specific Boundary PSB_8_3225A_ND_14of type = Generic  has direction = Both
2017/05/31 03:36:35 PM : INFO : Project Specific Boundary PSB_W_11_13of type = Generic  has direction = Both
2017/05/31 03:36:35 PM : INFO : Project Specific Boundary PSB_W_10_14of type = Generic  has direction = Both
2017/05/31 03:36:35 PM : INFO : Project Specific Boundary PSB_8_ND_14of type = Generic  has direction = Both
2017/05/31 03:36:35 PM : INFO : Project Specific Boundary PSB_3_3255A_CSN_21of type = Generic  has direction = Both
2017/05/31 03:36:35 PM : INFO : Project Specific Boundary PSB_4A_3255B_CSN_22of type = Generic  has direction = Both
2017/05/31 03:36:35 PM : INFO : Project Specific Boundary PSB_3_3257B_CSN_23of type = Generic  has direction = Both
2017/05/31 03:36:35 PM : INFO : Project Specific Boundary PSB_4A_3257A_CSN_24of type = Generic  has direction = Both
2017/05/31 03:36:35 PM : INFO : Project Specific Boundary PSB_W_21_23of type = Generic  has direction = Both
2017/05/31 03:36:35 PM : INFO : Project Specific Boundary PSB_W_22_24of type = Generic  has direction = Both
2017/05/31 03:36:35 PM : INFO : Project Specific Boundary PSB_101_3273_CSN_25of type = Generic  has direction = Both
2017/05/31 03:36:35 PM : INFO : Project Specific Boundary PSB_7_3277_CSN_31of type = Generic  has direction = Both
2017/05/31 03:36:35 PM : INFO : Project Specific Boundary PSB_6_3279_CSN_30of type = Generic  has direction = Both
2017/05/31 03:36:35 PM : INFO : Project Specific Boundary PSB_17_3309A_CSN_43of type = Generic  has direction = Both
2017/05/31 03:36:35 PM : INFO : Project Specific Boundary PSB_16_3313A_CSN_42of type = Generic  has direction = Both
2017/05/31 03:36:35 PM : INFO : Project Specific Boundary PSB_17_3313B_CSN_43of type = Generic  has direction = Both
2017/05/31 03:36:35 PM : INFO : Project Specific Boundary PSB_16_3309B_CSN_42of type = Generic  has direction = Both
2017/05/31 03:36:35 PM : INFO : Project Specific Boundary PSB_3_3421A_VZG_55of type = Generic  has direction = Both
2017/05/31 03:36:35 PM : INFO : Project Specific Boundary PSB_4_3423A_VZG_54of type = Generic  has direction = Both
2017/05/31 03:36:35 PM : INFO : Project Specific Boundary PSB_3_3423B_VZG_55of type = Generic  has direction = Both
2017/05/31 03:36:35 PM : INFO : Project Specific Boundary PSB_4_3421B_VZG_54of type = Generic  has direction = Both
2017/05/31 03:36:35 PM : INFO : Project Specific Boundary PSB_7_VZG_63of type = Generic  has direction = Both
2017/05/31 03:36:35 PM : INFO : Project Specific Boundary PSB_43_3501A_ZD_75of type = Generic  has direction = Both
2017/05/31 03:36:35 PM : INFO : Project Specific Boundary PSB_32_3503A_ZD_74of type = Generic  has direction = Both
2017/05/31 03:36:35 PM : INFO : Project Specific Boundary PSB_43_3503B_ZD_75of type = Generic  has direction = Both
2017/05/31 03:36:35 PM : INFO : Project Specific Boundary PSB_32_3501B_ZD_74of type = Generic  has direction = Both
2017/05/31 03:36:35 PM : INFO : Project Specific Boundary PSB_W_83_85of type = Generic  has direction = Both
2017/05/31 03:36:35 PM : INFO : Project Specific Boundary PSB_W_82_84of type = Generic  has direction = Both
2017/05/31 03:36:35 PM : INFO : Project Specific Boundary PSB_47_3521A_ZD_87of type = Generic  has direction = Both
2017/05/31 03:36:35 PM : INFO : Project Specific Boundary PSB_36_3523A_ZD_86of type = Generic  has direction = Both
2017/05/31 03:36:35 PM : INFO : Project Specific Boundary PSB_47_3523B_ZD_87of type = Generic  has direction = Both
2017/05/31 03:36:35 PM : INFO : Project Specific Boundary PSB_36_3521B_ZD_86of type = Generic  has direction = Both
2017/05/31 03:36:35 PM : INFO : Project Specific Boundary PSB_53_3531_ZD_93of type = Generic  has direction = Both
2017/05/31 03:36:35 PM : INFO : Project Specific Boundary PSB_W_13_21of type = Generic  has direction = Both
2017/05/31 03:36:35 PM : INFO : Project Specific Boundary PSB_W_14_20of type = Generic  has direction = Both
2017/05/31 03:36:35 PM : INFO : Project Specific Boundary PSB_W_24_30of type = Generic  has direction = Both
2017/05/31 03:36:35 PM : INFO : Project Specific Boundary PSB_W_71_73of type = Generic  has direction = Both
2017/05/31 03:36:35 PM : INFO : Project Specific Boundary PSB_7_ND_11of type = Generic  has direction = Both
2017/05/31 03:36:35 PM : INFO : Project Specific Boundary PSB_1_CSN_21_1of type = Generic  has direction = Both
2017/05/31 03:36:35 PM : INFO : Project Specific Boundary PSB_1_CSN_21_2of type = Generic  has direction = Both
2017/05/31 03:36:35 PM : INFO : Project Specific Boundary PSB_2_CSN_20of type = Generic  has direction = Both
2017/05/31 03:36:35 PM : INFO : Project Specific Boundary PSB_4_203A_CS_12of type = Generic  has direction = Both
2017/05/31 03:36:35 PM : INFO : Project Specific Boundary PSB_4_201B_CS_12of type = Generic  has direction = Both
2017/05/31 03:36:35 PM : INFO : Project Specific Boundary PSB_3_201A_CS_13of type = Generic  has direction = Both
2017/05/31 03:36:35 PM : INFO : Project Specific Boundary PSB_3_203B_CS_13of type = Generic  has direction = Both
2017/05/31 03:36:35 PM : INFO : Project Specific Boundary PSB_7_235A_WPP_35of type = Generic  has direction = Both
2017/05/31 03:36:35 PM : INFO : Project Specific Boundary PSB_101_235B_WPP_34of type = Generic  has direction = Both
2017/05/31 03:36:35 PM : INFO : Project Specific Boundary PSB_101_237A_WPP_34of type = Generic  has direction = Both
2017/05/31 03:36:35 PM : INFO : Project Specific Boundary PSB_7_237B_WPP_35of type = Generic  has direction = Both
2017/05/31 03:36:35 PM : INFO : Project Specific Boundary PSB_8_239_WPP_32of type = Generic  has direction = Both
2017/05/31 03:36:35 PM : INFO : Project Specific Boundary PSB_15_245A_WPP_45of type = Generic  has direction = Both
2017/05/31 03:36:35 PM : INFO : Project Specific Boundary PSB_14_245B_WPP_44of type = Generic  has direction = Both
2017/05/31 03:36:35 PM : INFO : Project Specific Boundary PSB_14_247A_WPP_44of type = Generic  has direction = Both
2017/05/31 03:36:35 PM : INFO : Project Specific Boundary PSB_15_247B_WPP_45of type = Generic  has direction = Both
2017/05/31 03:36:35 PM : INFO : Project Specific Boundary PSB_1A_261A_SLW_57of type = Generic  has direction = Both
2017/05/31 03:36:35 PM : INFO : Project Specific Boundary PSB_2A_261B_SLW_54of type = Generic  has direction = Both
2017/05/31 03:36:35 PM : INFO : Project Specific Boundary PSB_2A_263A_SLW_54of type = Generic  has direction = Both
2017/05/31 03:36:35 PM : INFO : Project Specific Boundary PSB_1A_263B_SLW_57of type = Generic  has direction = Both
2017/05/31 03:36:35 PM : INFO : Project Specific Boundary PSB_CT_W_20_22of type = Generic  has direction = Both
2017/05/31 03:36:35 PM : INFO : Project Specific Boundary PSB_W_22_32of type = Generic  has direction = Both
2017/05/31 03:36:35 PM : INFO : Project Specific Boundary PSB_CT_W_40_42of type = Generic  has direction = Both
2017/05/31 03:36:35 PM : INFO : Project Specific Boundary PSB_CT_W_50_54of type = Generic  has direction = Both
2017/05/31 03:36:35 PM : INFO : Project Specific Boundary PSB_CT_W_21_31of type = Generic  has direction = Both
2017/05/31 03:36:35 PM : INFO : Project Specific Boundary PSB_5_WPP_31of type = Generic  has direction = Both
2017/05/31 03:36:35 PM : INFO : Project Specific Boundary PSB_CT_W_51_55of type = Generic  has direction = Both
2017/05/31 03:36:35 PM : INFO : Project Specific Boundary PSB_7_611A_SVT_35of type = Generic  has direction = Both
2017/05/31 03:36:35 PM : INFO : Project Specific Boundary PSB_7_613B_SVT_35of type = Generic  has direction = Both
2017/05/31 03:36:35 PM : INFO : Project Specific Boundary PSB_8_613A_SVT_34of type = Generic  has direction = Both
2017/05/31 03:36:35 PM : INFO : Project Specific Boundary PSB_8_611B_SVT_34of type = Generic  has direction = Both
2017/05/31 03:36:35 PM : INFO : Project Specific Boundary PSB_7_627_BLW_53of type = Generic  has direction = Both
2017/05/31 03:36:35 PM : INFO : Project Specific Boundary PSB_8_633A_BLW_52of type = Generic  has direction = Both
2017/05/31 03:36:35 PM : INFO : Project Specific Boundary PSB_100_633B_BLW_55of type = Generic  has direction = Both
2017/05/31 03:36:35 PM : INFO : Project Specific Boundary PSB_12_639A_BLW_52of type = Generic  has direction = Both
2017/05/31 03:36:35 PM : INFO : Project Specific Boundary PSB_11_639B_BLW_57of type = Generic  has direction = Both
2017/05/31 03:36:35 PM : INFO : Project Specific Boundary PSB_11_641A_BLW_57of type = Generic  has direction = Both
2017/05/31 03:36:35 PM : INFO : Project Specific Boundary PSB_12_641B_BLW_54of type = Generic  has direction = Both
2017/05/31 03:36:35 PM : INFO : Project Specific Boundary PSB_14_659A_GN_74of type = Generic  has direction = Both
2017/05/31 03:36:35 PM : INFO : Project Specific Boundary PSB_7_659B_GN_75of type = Generic  has direction = Both
2017/05/31 03:36:35 PM : INFO : Project Specific Boundary PSB_7_661A_GN_75of type = Generic  has direction = Both
2017/05/31 03:36:35 PM : INFO : Project Specific Boundary PSB_14_661B_GN_80of type = Generic  has direction = Both
2017/05/31 03:36:35 PM : INFO : Project Specific Boundary PSB_18_665A_GN_2of type = Generic  has direction = Both
2017/05/31 03:36:35 PM : INFO : Project Specific Boundary PSB_11_665B_GN_1of type = Generic  has direction = Both
2017/05/31 03:36:35 PM : INFO : Project Specific Boundary PSB_11_667A_GN_1of type = Generic  has direction = Both
2017/05/31 03:36:35 PM : INFO : Project Specific Boundary PSB_18_667B_GN_2of type = Generic  has direction = Both
2017/05/31 03:36:35 PM : INFO : Project Specific Boundary PSB_11_671_GN_1of type = Generic  has direction = Both
2017/05/31 03:36:35 PM : INFO : Project Specific Boundary PSB_18_673_GN_2of type = Generic  has direction = Both
2017/05/31 03:36:35 PM : INFO : Project Specific Boundary PSB_CT_W_41_51of type = Generic  has direction = Both
2017/05/31 03:36:35 PM : INFO : Project Specific Boundary PSB_2_SVT_10of type = Generic  has direction = Both
2017/05/31 03:36:35 PM : INFO : Project Specific Boundary PSB_1_SVT_11of type = Generic  has direction = Both
2017/05/31 03:36:35 PM : INFO : Project Specific Boundary PSB_3_GN_61of type = Generic  has direction = Both
2017/05/31 03:36:35 PM : INFO : Project Specific Boundary PSB_CT_W_60_70of type = Generic  has direction = Both
2017/05/31 03:36:35 PM : INFO : Project Specific Boundary PSB_W_12_20of type = Generic  has direction = Both
2017/05/31 03:36:35 PM : INFO : Project Specific Boundary PSB_CT_W_13_21of type = Generic  has direction = Both
2017/05/31 03:36:35 PM : INFO : Project Specific Boundary PSB_11_WPP_41of type = Generic  has direction = Both
2017/05/31 03:36:35 PM : INFO : Project Specific Boundary PSB_W_42_44of type = Generic  has direction = Both
2017/05/31 03:36:35 PM : INFO : Project Specific Boundary PSB_W_44_50of type = Generic  has direction = Both
2017/05/31 03:36:35 PM : INFO : Project Specific Boundary PSB_14_WPP_46of type = Generic  has direction = Both
2017/05/31 03:36:35 PM : INFO : Project Specific Boundary PSB_15_WPP_47of type = Generic  has direction = Both
2017/05/31 03:36:35 PM : INFO : Project Specific Boundary PSB_17_WPP_51of type = Generic  has direction = Both
2017/05/31 03:36:35 PM : INFO : Project Specific Boundary PSB_16_WPP_50of type = Generic  has direction = Both
2017/05/31 03:36:35 PM : INFO : Project Specific Boundary PSB_17_MDW_23of type = Generic  has direction = Both
2017/05/31 03:36:35 PM : INFO : Project Specific Boundary PSB_18_MDW_22of type = Generic  has direction = Both
2017/05/31 03:36:35 PM : INFO : Project Specific Boundary PSB_4_513A_DMZ_24of type = Generic  has direction = Both
2017/05/31 03:36:35 PM : INFO : Project Specific Boundary PSB_4_511B_DMZ_24of type = Generic  has direction = Both
2017/05/31 03:36:35 PM : INFO : Project Specific Boundary PSB_3_511A_DMZ_23of type = Generic  has direction = Both
2017/05/31 03:36:35 PM : INFO : Project Specific Boundary PSB_3_513B_DMZ_25of type = Generic  has direction = Both
2017/05/31 03:36:35 PM : INFO : Project Specific Boundary PSB_8_517_DMZ_32of type = Generic  has direction = Both
2017/05/31 03:36:35 PM : INFO : Project Specific Boundary PSB_7_519_DMZ_33of type = Generic  has direction = Both
2017/05/31 03:36:35 PM : INFO : Project Specific Boundary PSB_12_549A_DMZ_42of type = Generic  has direction = Both
2017/05/31 03:36:35 PM : INFO : Project Specific Boundary PSB_12_547B_DMZ_42of type = Generic  has direction = Both
2017/05/31 03:36:35 PM : INFO : Project Specific Boundary PSB_11_547A_DMZ_43of type = Generic  has direction = Both
2017/05/31 03:36:35 PM : INFO : Project Specific Boundary PSB_11_549B_DMZ_43of type = Generic  has direction = Both
2017/05/31 03:36:35 PM : INFO : Project Specific Boundary PSB_14_567A_GPP_62of type = Generic  has direction = Both
2017/05/31 03:36:35 PM : INFO : Project Specific Boundary PSB_14_569B_GPP_70of type = Generic  has direction = Both
2017/05/31 03:36:35 PM : INFO : Project Specific Boundary PSB_7_569A_GPP_63of type = Generic  has direction = Both
2017/05/31 03:36:35 PM : INFO : Project Specific Boundary PSB_7_567B_GPP_63of type = Generic  has direction = Both
2017/05/31 03:36:35 PM : INFO : Project Specific Boundary PSB_18_573A_GPP_1of type = Generic  has direction = Both
2017/05/31 03:36:35 PM : INFO : Project Specific Boundary PSB_18_575B_GPP_1of type = Generic  has direction = Both
2017/05/31 03:36:35 PM : INFO : Project Specific Boundary PSB_11_575A_GPP_2of type = Generic  has direction = Both
2017/05/31 03:36:35 PM : INFO : Project Specific Boundary PSB_11_573B_GPP_2of type = Generic  has direction = Both
2017/05/31 03:36:35 PM : INFO : Project Specific Boundary PSB_18_581_GPP_1of type = Generic  has direction = Both
2017/05/31 03:36:35 PM : INFO : Project Specific Boundary PSB_18_585_GPP_1of type = Generic  has direction = Both
2017/05/31 03:36:35 PM : INFO : Project Specific Boundary PSB_11_579_GPP_2of type = Generic  has direction = Both
2017/05/31 03:36:35 PM : INFO : Project Specific Boundary PSB_11_583_GPP_2of type = Generic  has direction = Both
2017/05/31 03:36:35 PM : INFO : Project Specific Boundary PSB_2_DMZ_10of type = Generic  has direction = Both
2017/05/31 03:36:35 PM : INFO : Project Specific Boundary PSB_W_10_22of type = Generic  has direction = Both
2017/05/31 03:36:35 PM : INFO : Project Specific Boundary PSB_W_11_21of type = Generic  has direction = Both
2017/05/31 03:36:35 PM : INFO : Project Specific Boundary PSB_GP_W_22_24of type = Generic  has direction = Both
2017/05/31 03:36:35 PM : INFO : Project Specific Boundary PSB_GP_W_24_30of type = Generic  has direction = Both
2017/05/31 03:36:35 PM : INFO : Project Specific Boundary PSB_GP_W_21_31of type = Generic  has direction = Both
2017/05/31 03:36:35 PM : INFO : Project Specific Boundary PSB_111_531_DMZ_37of type = Generic  has direction = Both
2017/05/31 03:36:35 PM : INFO : Project Specific Boundary PSB_111_DMZ_37of type = Generic  has direction = Both
2017/05/31 03:36:35 PM : INFO : Project Specific Boundary PSB_GP_W_40_42of type = Generic  has direction = Both
2017/05/31 03:36:35 PM : INFO : Project Specific Boundary PSB_2_GPP_44of type = Generic  has direction = Both
2017/05/31 03:36:35 PM : INFO : Project Specific Boundary PSB_1_GPP_43of type = Generic  has direction = Both
2017/05/31 03:36:35 PM : INFO : Project Specific Boundary PSB_W_60_62of type = Generic  has direction = Both
2017/05/31 03:36:35 PM : INFO : Project Specific Boundary PSB_GP_W_62_70of type = Generic  has direction = Both
2017/05/31 03:36:35 PM : INFO : Project Specific Boundary PSB_W_63_71of type = Generic  has direction = Both
2017/05/31 03:36:35 PM : INFO : Project Specific Boundary PSB_W_10_30of type = Generic  has direction = Both
2017/05/31 03:36:35 PM : INFO : Project Specific Boundary PSB_3_SVT_21of type = Generic  has direction = Both
2017/05/31 03:36:35 PM : INFO : Project Specific Boundary PSB_GN_W_11_31of type = Generic  has direction = Both
2017/05/31 03:36:35 PM : INFO : Project Specific Boundary PSB_W_30_32of type = Generic  has direction = Both
2017/05/31 03:36:35 PM : INFO : Project Specific Boundary PSB_7_SVT_31of type = Generic  has direction = Both
2017/05/31 03:36:35 PM : INFO : Project Specific Boundary PSB_1_BLW_37of type = Generic  has direction = Both
2017/05/31 03:36:35 PM : INFO : Project Specific Boundary PSB_2_BLW_36of type = Generic  has direction = Both
2017/05/31 03:36:35 PM : INFO : Project Specific Boundary PSB_GN_W_41_51of type = Generic  has direction = Both
2017/05/31 03:36:35 PM : INFO : Project Specific Boundary PSB_W_52_60of type = Generic  has direction = Both
2017/05/31 03:36:35 PM : INFO : Project Specific Boundary PSB_4_GN_62of type = Generic  has direction = Both
2017/05/31 03:36:35 PM : INFO : Project Specific Boundary PSB_GN_W_61_71of type = Generic  has direction = Both
2017/05/31 03:36:35 PM : INFO : Project Specific Boundary PSB_W_70_72of type = Generic  has direction = Both
2017/05/31 03:36:35 PM : INFO : Project Specific Boundary PSB_W_75_81of type = Generic  has direction = Both
2017/05/31 03:36:35 PM : INFO : Project Specific Boundary PSB_W_72_80of type = Generic  has direction = Both
2017/05/31 03:36:35 PM : INFO : Project Specific Boundary PSB_143_1909_ZD_4of type = Generic  has direction = Both
2017/05/31 03:36:35 PM : INFO : Project Specific Boundary PSB_131_1913A_ZD_3of type = Generic  has direction = Both
2017/05/31 03:36:35 PM : INFO : Project Specific Boundary PSB_140_1913B_ZD_2of type = Generic  has direction = Both
2017/05/31 03:36:35 PM : INFO : Project Specific Boundary PSB_130_1921_ZD_1of type = Generic  has direction = Both
2017/05/31 03:36:35 PM : INFO : Project Specific Boundary PSB_23_1797_ZD_10of type = Generic  has direction = Both
2017/05/31 03:36:35 PM : INFO : Project Specific Boundary PSB_130_1797_ZD_1of type = Generic  has direction = Both
2017/05/31 03:36:35 PM : INFO : Project Specific Boundary PSB_143_1905A_ZD_4of type = Generic  has direction = Both
2017/05/31 03:36:35 PM : INFO : Project Specific Boundary PSB_143_1903B_ZD_4of type = Generic  has direction = Both
2017/05/31 03:36:35 PM : INFO : Project Specific Boundary PSB_153_1903A_ZD_6of type = Generic  has direction = Both
2017/05/31 03:36:35 PM : INFO : Project Specific Boundary PSB_153_1905B_ZD_6of type = Generic  has direction = Both
2017/05/31 03:36:35 PM : INFO : Project Specific Boundary PSB_140_1919A_ZD_2of type = Generic  has direction = Both
2017/05/31 03:36:35 PM : INFO : Project Specific Boundary PSB_140_1917B_ZD_2of type = Generic  has direction = Both
2017/05/31 03:36:35 PM : INFO : Project Specific Boundary PSB_150_1917A_ZD_5of type = Generic  has direction = Both
2017/05/31 03:36:35 PM : INFO : Project Specific Boundary PSB_150_1919B_ZD_5of type = Generic  has direction = Both
2017/05/31 03:36:35 PM : INFO : Project Specific Boundary PSB_153_1901B_ZD_6of type = Generic  has direction = Both
2017/05/31 03:36:35 PM : INFO : Project Specific Boundary PSB_162_1901A_ZD_7of type = Generic  has direction = Both
2017/05/31 03:36:35 PM : INFO : Project Specific Boundary PSB_153_1907A_ZD_6of type = Generic  has direction = Both
2017/05/31 03:36:35 PM : INFO : Project Specific Boundary PSB_162_1907B_ZD_7of type = Generic  has direction = Both
2017/05/31 03:36:35 PM : INFO : Project Specific Boundary PSB_150_1915_ZD_5of type = Generic  has direction = Both
2017/05/31 03:36:35 PM : INFO : Project Specific Boundary PSB_18_1799_ZD_11of type = Generic  has direction = Both
2017/05/31 03:36:35 PM : INFO : Project Specific Boundary PSB_19_1801B_ZD_10of type = Generic  has direction = Both
2017/05/31 03:36:35 PM : INFO : Project Specific Boundary PSB_9_1805_ZD_26of type = Generic  has direction = Both
2017/05/31 03:36:35 PM : INFO : Project Specific Boundary PSB_5_1831A_ZD_24of type = Generic  has direction = Both
2017/05/31 03:36:35 PM : INFO : Project Specific Boundary PSB_103_1811_ZD_02of type = Generic  has direction = Both
2017/05/31 03:36:35 PM : INFO : Project Specific Boundary PSB_110_1803A_ZD_13of type = Generic  has direction = Both
2017/05/31 03:36:35 PM : INFO : Project Specific Boundary PSB_110_1807A_ZD_13of type = Generic  has direction = Both
2017/05/31 03:36:35 PM : INFO : Project Specific Boundary PSB_8_1803B_ZD_27of type = Generic  has direction = Both
2017/05/31 03:36:35 PM : INFO : Project Specific Boundary PSB_8_1807B_ZD_25of type = Generic  has direction = Both
2017/05/31 03:36:35 PM : INFO : Project Specific Boundary PSB_3_1833A_ZD_22of type = Generic  has direction = Both
2017/05/31 03:36:35 PM : INFO : Project Specific Boundary PSB_4_1833B_ZD_23of type = Generic  has direction = Both
2017/05/31 03:36:35 PM : INFO : Project Specific Boundary PSB_10_301_SLW_12of type = Generic  has direction = Both
2017/05/31 03:36:35 PM : INFO : Project Specific Boundary PSB_5_303_SLW_13of type = Generic  has direction = Both
2017/05/31 03:36:35 PM : INFO : Project Specific Boundary PSB_22_309_SLW_10of type = Generic  has direction = Both
2017/05/31 03:36:35 PM : INFO : Project Specific Boundary PSB_13_307B_SLW_11of type = Generic  has direction = Both
2017/05/31 03:36:35 PM : INFO : Project Specific Boundary PSB_101_307A_SLW_13of type = Generic  has direction = Both
2017/05/31 03:36:35 PM : INFO : Project Specific Boundary PSB_17_317_SLW_23of type = Generic  has direction = Both
2017/05/31 03:36:35 PM : INFO : Project Specific Boundary PSB_9_319A_SLW_17of type = Generic  has direction = Both
2017/05/31 03:36:35 PM : INFO : Project Specific Boundary PSB_110_319B_SLW_1of type = Generic  has direction = Both
2017/05/31 03:36:35 PM : INFO : Project Specific Boundary PSB_26_315_SLW_22of type = Generic  has direction = Both
2017/05/31 03:36:35 PM : INFO : Project Specific Boundary PSB_26_329A_SLW_24of type = Generic  has direction = Both
2017/05/31 03:36:35 PM : INFO : Project Specific Boundary PSB_26_327B_SLW_24of type = Generic  has direction = Both
2017/05/31 03:36:35 PM : INFO : Project Specific Boundary PSB_19_327A_SLW_25of type = Generic  has direction = Both
2017/05/31 03:36:35 PM : INFO : Project Specific Boundary PSB_19_329B_SLW_25of type = Generic  has direction = Both
2017/05/31 03:36:35 PM : INFO : Project Specific Boundary PSB_14_313_SLW_16of type = Generic  has direction = Both
2017/05/31 03:36:35 PM : INFO : Project Specific Boundary PSB_10_451A_MDW_22of type = Generic  has direction = Both
2017/05/31 03:36:35 PM : INFO : Project Specific Boundary PSB_10_453B_MDW_22of type = Generic  has direction = Both
2017/05/31 03:36:35 PM : INFO : Project Specific Boundary PSB_20_453A_MDW_24of type = Generic  has direction = Both
2017/05/31 03:36:35 PM : INFO : Project Specific Boundary PSB_20_451B_MDW_24of type = Generic  has direction = Both
2017/05/31 03:36:35 PM : INFO : Project Specific Boundary PSB_18_441A_MDW_22of type = Generic  has direction = Both
2017/05/31 03:36:35 PM : INFO : Project Specific Boundary PSB_18_443B_MDW_22of type = Generic  has direction = Both
2017/05/31 03:36:35 PM : INFO : Project Specific Boundary PSB_17_443A_SLW_23of type = Generic  has direction = Both
2017/05/31 03:36:35 PM : INFO : Project Specific Boundary PSB_17_441B_SLW_23of type = Generic  has direction = Both
2017/05/31 03:36:35 PM : INFO : Project Specific Boundary PSB_19_449A_MDW_25of type = Generic  has direction = Both
2017/05/31 03:36:35 PM : INFO : Project Specific Boundary PSB_19_447B_MDW_25of type = Generic  has direction = Both
2017/05/31 03:36:35 PM : INFO : Project Specific Boundary PSB_9_447A_MDW_23of type = Generic  has direction = Both
2017/05/31 03:36:35 PM : INFO : Project Specific Boundary PSB_9_449B_MDW_23of type = Generic  has direction = Both
2017/05/31 03:36:35 PM : INFO : Project Specific Boundary PSB_6_433_MDW_12of type = Generic  has direction = Both
2017/05/31 03:36:35 PM : INFO : Project Specific Boundary PSB_12_431A_MDW_12of type = Generic  has direction = Both
2017/05/31 03:36:35 PM : INFO : Project Specific Boundary PSB_14_431B_MDW_12of type = Generic  has direction = Both
2017/05/31 03:36:35 PM : INFO : Project Specific Boundary PSB_15_429A_MDW_15of type = Generic  has direction = Both
2017/05/31 03:36:35 PM : INFO : Project Specific Boundary PSB_13_429B_MDW_13of type = Generic  has direction = Both
2017/05/31 03:36:35 PM : INFO : Project Specific Boundary PSB_3_425A_MDW_11of type = Generic  has direction = Both
2017/05/31 03:36:35 PM : INFO : Project Specific Boundary PSB_13_425B_MDW_11of type = Generic  has direction = Both
2017/05/31 03:36:35 PM : INFO : Project Specific Boundary PSB_4_403A_MDW_10of type = Generic  has direction = Both
2017/05/31 03:36:35 PM : INFO : Project Specific Boundary PSB_14_403B_MDW_10of type = Generic  has direction = Both
2017/05/31 03:36:35 PM : INFO : Project Specific Boundary PSB_153_409A_LCM_20of type = Generic  has direction = Both
2017/05/31 03:36:35 PM : INFO : Project Specific Boundary PSB_153_411B_LCM_20of type = Generic  has direction = Both
2017/05/31 03:36:35 PM : INFO : Project Specific Boundary PSB_164_411A_LCM_9of type = Generic  has direction = Both
2017/05/31 03:36:35 PM : INFO : Project Specific Boundary PSB_164_409B_LCM_9of type = Generic  has direction = Both
2017/05/31 03:36:35 PM : INFO : Project Specific Boundary PSB_153_413_LCM_20of type = Generic  has direction = Both
2017/05/31 03:36:35 PM : INFO : Project Specific Boundary PSB_164_415_LCM_9of type = Generic  has direction = Both
2017/05/31 03:36:35 PM : INFO : Project Specific Boundary PSB_164_417_LCM_7of type = Generic  has direction = Both
2017/05/31 03:36:35 PM : INFO : Project Specific Boundary PSB_114_421_LCM_5of type = Generic  has direction = Both
2017/05/31 03:36:35 PM : INFO : Project Specific Boundary PSB_153_405_LCM_18of type = Generic  has direction = Both
2017/05/31 03:36:35 PM : INFO : Project Specific Boundary PSB_122_345A_LCM_4of type = Generic  has direction = Both
2017/05/31 03:36:35 PM : INFO : Project Specific Boundary PSB_131_345B_LCM_6of type = Generic  has direction = Both
2017/05/31 03:36:35 PM : INFO : Project Specific Boundary PSB_124_379B_LCM_14of type = Generic  has direction = Both
2017/05/31 03:36:35 PM : INFO : Project Specific Boundary PSB_133_379A_LCM_12of type = Generic  has direction = Both
2017/05/31 03:36:35 PM : INFO : Project Specific Boundary PSB_191_343_LCM_2of type = Generic  has direction = Both
2017/05/31 03:36:35 PM : INFO : Project Specific Boundary PSB_131_347_LCM_6of type = Generic  has direction = Both
2017/05/31 03:36:35 PM : INFO : Project Specific Boundary PSB_133_377B_LCM_12of type = Generic  has direction = Both
2017/05/31 03:36:35 PM : INFO : Project Specific Boundary PSB_140_377A_LCM_10of type = Generic  has direction = Both
2017/05/31 03:36:35 PM : INFO : Project Specific Boundary PSB_160_373_LCM_8of type = Generic  has direction = Both
2017/05/31 03:36:35 PM : INFO : Project Specific Boundary PSB_160_375_LCM_3of type = Generic  has direction = Both
2017/05/31 03:36:35 PM : INFO : Project Specific Boundary PSB_112_367_LCM_3of type = Generic  has direction = Both
2017/05/31 03:36:35 PM : INFO : Project Specific Boundary PSB_160_369A_LCM_8of type = Generic  has direction = Both
2017/05/31 03:36:35 PM : INFO : Project Specific Boundary PSB_160_371B_LCM_8of type = Generic  has direction = Both
2017/05/31 03:36:35 PM : INFO : Project Specific Boundary PSB_112_371A_LCM_3of type = Generic  has direction = Both
2017/05/31 03:36:35 PM : INFO : Project Specific Boundary PSB_112_369B_LCM_3of type = Generic  has direction = Both
2017/05/31 03:36:35 PM : INFO : Project Specific Boundary PSB_10_SLW_60of type = Generic  has direction = Both
2017/05/31 03:36:35 PM : INFO : Project Specific Boundary PSB_5_SLW_61of type = Generic  has direction = Both
2017/05/31 03:36:35 PM : INFO : Project Specific Boundary PSB_BN_W_12_10of type = Generic  has direction = Both
2017/05/31 03:36:35 PM : INFO : Project Specific Boundary PSB_BN_W_13_11of type = Generic  has direction = Both
2017/05/31 03:36:35 PM : INFO : Project Specific Boundary PSB_16_SLW_16of type = Generic  has direction = Both
2017/05/31 03:36:35 PM : INFO : Project Specific Boundary PSB_AZ_W_12_10of type = Generic  has direction = Both
2017/05/31 03:36:35 PM : INFO : Project Specific Boundary PSB_AZ_W_13_11of type = Generic  has direction = Both
2017/05/31 03:36:35 PM : INFO : Project Specific Boundary PSB_W_2_3of type = Generic  has direction = Both
2017/05/31 03:36:35 PM : INFO : Project Specific Boundary PSB_W_3_1of type = Generic  has direction = Both
2017/05/31 03:36:35 PM : INFO : Project Specific Boundary PSB_164_LCM_7of type = Generic  has direction = Both
2017/05/31 03:36:35 PM : INFO : Project Specific Boundary PSB_W_3_4of type = Generic  has direction = Both
2017/05/31 03:36:35 PM : INFO : Project Specific Boundary PSB_25_ZD_12of type = Generic  has direction = Both
2017/05/31 03:36:35 PM : INFO : Project Specific Boundary PSB_W_22_30of type = Generic  has direction = Both
2017/05/31 03:36:35 PM : INFO : Project Specific Boundary PSB_RG_W_20_22of type = Generic  has direction = Both
2017/05/31 03:36:35 PM : INFO : Project Specific Boundary PSB_9_OAS_4_10of type = Generic  has direction = Both
2017/05/31 03:36:35 PM : INFO : Project Specific Boundary PSB_15_OAS_10of type = Generic  has direction = Both
2017/05/31 03:36:35 PM : INFO : Project Specific Boundary PSB_W_10_10of type = Generic  has direction = Both
2017/05/31 03:36:35 PM : INFO : Project Specific Boundary PSB_W_25_10of type = Generic  has direction = Both
2017/05/31 03:36:35 PM : INFO : Project Specific Boundary PSB_8_OAS_11of type = Generic  has direction = Both
2017/05/31 03:36:35 PM : INFO : Project Specific Boundary PSB_20_ZD_13of type = Generic  has direction = Both
2017/05/31 03:36:35 PM : INFO : Project Specific Boundary PSB_W_25_31of type = Generic  has direction = Both
2017/05/31 03:36:35 PM : INFO : Project Specific Boundary PSB_8_ZD_25of type = Generic  has direction = Both
2017/05/31 03:36:35 PM : INFO : Project Specific Boundary PSB_AW_W_21_25of type = Generic  has direction = Both
2017/05/31 03:36:35 PM : INFO : Project Specific Boundary PSB_W_31_10of type = Generic  has direction = Both
2017/05/31 03:36:35 PM : INFO : Project Specific Boundary PSB_AV_W_21_31of type = Generic  has direction = Both
2017/05/31 03:36:35 PM : INFO : Project Specific Boundary PSB_W_01_30of type = Generic  has direction = Both
2017/05/31 03:36:35 PM : INFO : Project Specific Boundary PSB_W_22_01of type = Generic  has direction = Both
2017/05/31 03:36:35 PM : INFO : Project Specific Boundary PSB_3_DMZ_21of type = Generic  has direction = Both
2017/05/31 03:36:35 PM : INFO : Project Specific Boundary PSB_9_1865_OAS_12of type = Generic  has direction = Both
2017/05/31 03:36:35 PM : INFO : Project Specific Boundary PSB_11_1859B_OAS_16of type = Generic  has direction = Both
2017/05/31 03:36:35 PM : INFO : Project Specific Boundary PSB_8_1859A_OAS_15of type = Generic  has direction = Both
2017/05/31 03:36:35 PM : INFO : Project Specific Boundary PSB_8_1857B_OAS_15of type = Generic  has direction = Both
2017/05/31 03:36:35 PM : INFO : Project Specific Boundary PSB_11_1857A_OAS_16of type = Generic  has direction = Both
2017/05/31 03:36:35 PM : INFO : Project Specific Boundary PSB_4_1871_OAS_11of type = Generic  has direction = Both
2017/05/31 03:36:35 PM : INFO : Project Specific Boundary PSB_4_MDW_10of type = Generic  has direction = Both
2017/05/31 03:36:35 PM : INFO : Project Specific Boundary PSB_5_MDW_11of type = Generic  has direction = Both
2017/05/31 03:36:35 PM : INFO : Project Specific Boundary PSB_5_427_MDW_13of type = Generic  has direction = Both
2017/05/31 03:36:35 PM : INFO : Project Specific Boundary PSB_7_1501B_ITW_2of type = Generic  has direction = Both
2017/05/31 03:36:35 PM : INFO : Project Specific Boundary PSB_102_1501A_ITW_3of type = Generic  has direction = Both
2017/05/31 03:36:35 PM : INFO : Project Specific Boundary PSB_160_1513B_ITW_4of type = Generic  has direction = Both
2017/05/31 03:36:35 PM : INFO : Project Specific Boundary PSB_160_1511A_ITW_4of type = Generic  has direction = Both
2017/05/31 03:36:35 PM : INFO : Project Specific Boundary PSB_180_1511B_ITW_5of type = Generic  has direction = Both
2017/05/31 03:36:35 PM : INFO : Project Specific Boundary PSB_180_1513A_ITW_5of type = Generic  has direction = Both
2017/05/31 03:36:35 PM : INFO : Project Specific Boundary PSB_160_1505_ITW_4of type = Generic  has direction = Both
2017/05/31 03:36:35 PM : INFO : Project Specific Boundary PSB_180_1509_ITW_5of type = Generic  has direction = Both
2017/05/31 03:36:35 PM : INFO : Project Specific Boundary PSB_131_1523B_ITW_8of type = Generic  has direction = Both
2017/05/31 03:36:35 PM : INFO : Project Specific Boundary PSB_6_1523A_ITW_7of type = Generic  has direction = Both
2017/05/31 03:36:35 PM : INFO : Project Specific Boundary PSB_131_1521_ITW_8of type = Generic  has direction = Both
2017/05/31 03:36:35 PM : INFO : Project Specific Boundary PSB_4C_ITW_97of type = Generic  has direction = Both
2017/05/31 03:36:35 PM : INFO : Project Specific Boundary PSB_16_GN_80of type = Generic  has direction = Both
2017/05/31 03:36:35 PM : INFO : Project Specific Boundary PSB_16_GPP_70of type = Generic  has direction = Both
2017/05/31 03:36:35 PM : INFO : Project Specific Boundary PSB_3_HDS_30of type = Generic  has direction = Both
2017/05/31 03:36:35 PM : INFO : Project Specific Boundary PSB_7_HDS_40of type = Generic  has direction = Both
2017/05/31 03:36:35 PM : INFO : Project Specific Boundary PSB_11_HDS_50of type = Generic  has direction = Both
2017/05/31 03:36:35 PM : INFO : Project Specific Boundary PSB_1_VLN_60_1of type = Generic  has direction = Both
2017/05/31 03:36:35 PM : INFO : Project Specific Boundary PSB_1_VLN_60_2of type = Generic  has direction = Both
2017/05/31 03:36:35 PM : INFO : Project Specific Boundary PSB_5_VLN_70_1of type = Generic  has direction = Both
2017/05/31 03:36:35 PM : INFO : Project Specific Boundary PSB_9_VLN_80_1of type = Generic  has direction = Both
2017/05/31 03:36:35 PM : INFO : Project Specific Boundary PSB_9_VLN_80_2of type = Generic  has direction = Both
2017/05/31 03:36:35 PM : INFO : Project Specific Boundary PSB_13_VLN_90_1of type = Generic  has direction = Both
2017/05/31 03:36:35 PM : INFO : Project Specific Boundary PSB_13_VLN_90_2of type = Generic  has direction = Both
2017/05/31 03:36:35 PM : INFO : Project Specific Boundary PSB_4_HDS_31of type = Generic  has direction = Both
2017/05/31 03:36:35 PM : INFO : Project Specific Boundary PSB_8_HDS_41of type = Generic  has direction = Both
2017/05/31 03:36:35 PM : INFO : Project Specific Boundary PSB_12_HDS_51of type = Generic  has direction = Both
2017/05/31 03:36:35 PM : INFO : Project Specific Boundary PSB_2_VLN_61of type = Generic  has direction = Both
2017/05/31 03:36:35 PM : INFO : Project Specific Boundary PSB_6_VLN_71_1of type = Generic  has direction = Both
2017/05/31 03:36:35 PM : INFO : Project Specific Boundary PSB_10_VLN_81_1of type = Generic  has direction = Both
2017/05/31 03:36:35 PM : INFO : Project Specific Boundary PSB_10_VLN_81_2of type = Generic  has direction = Both
2017/05/31 03:36:35 PM : INFO : Project Specific Boundary PSB_8_MDW_20of type = Generic  has direction = Both
2017/05/31 03:36:35 PM : INFO : Project Specific Boundary PSB_16_GN_80_1of type = Generic  has direction = Both
2017/05/31 03:36:35 PM : INFO : Project Specific Boundary PSB_7_MDW_21of type = Generic  has direction = Both
2017/05/31 03:36:35 PM : INFO : Project Specific Boundary PSB_9_GN_81_1of type = Generic  has direction = Both
2017/05/31 03:36:35 PM : INFO : Project Specific Boundary PSB_9_GN_81_2of type = Generic  has direction = Both
2017/05/31 03:36:35 PM : INFO : Project Specific Boundary PSB_2_DMZ_10_1of type = Generic  has direction = Both
2017/05/31 03:36:35 PM : INFO : Project Specific Boundary PSB_9A_DMZ_41of type = Generic  has direction = Both
2017/05/31 03:36:35 PM : INFO : Project Specific Boundary PSB_9_DMZ_71of type = Generic  has direction = Both
2017/05/31 03:36:35 PM : INFO : Project Specific Boundary PSB_10_DMZ_40of type = Generic  has direction = Both
2017/05/31 03:36:35 PM : INFO : Project Specific Boundary PSB_16_DMZ_70of type = Generic  has direction = Both
2017/05/31 03:36:35 PM : INFO : Project Specific Boundary PSB_1A_ZD_20of type = Generic  has direction = Both
2017/05/31 03:36:35 PM : INFO : Report generated successfully at C:\Users\295563\Documents\MyData\PROJECTS\VnV\VnV_Automation\DTVT_BLUE\Results\Test_Results_OK_Rule_WZ_0009.xlsx
