2017/05/15 07:12:51 PM : INFO : Executing Utility.py
2017/05/15 07:12:51 PM : INFO : Creating Class CSVReader
2017/05/15 07:12:52 PM : INFO : Getting Signals for track : TR_3B_ASW_ITW
2017/05/15 07:12:52 PM : INFO : Getting Signals for track : TR_3C_ITW_ITW
2017/05/15 07:12:52 PM : INFO : Getting Signals for track : TR_4B_ASW_ITW
2017/05/15 07:12:52 PM : INFO : Getting Signals for track : TR_I_1637_VLN
2017/05/15 07:12:52 PM : INFO : Getting Signals for track : TR_I_1635_VLN
2017/05/15 07:12:52 PM : INFO : Getting Signals for track : TR_I_1651_VLN
2017/05/15 07:12:52 PM : INFO : Getting Signals for track : TR_I_1653_VLN
2017/05/15 07:12:52 PM : INFO : Getting Signals for track : TR_I_1687_HDS
2017/05/15 07:12:52 PM : INFO : Getting Signals for track : TR_I_1695_HDS
2017/05/15 07:12:52 PM : INFO : Getting Signals for track : TR_I_1719_HDS
2017/05/15 07:12:52 PM : INFO : Getting Signals for track : TR_I_1721_HDS
2017/05/15 07:12:52 PM : INFO : Getting Signals for track : TR_I_1775_ZD
2017/05/15 07:12:52 PM : INFO : Getting Signals for track : TR_I_1773_ZD
2017/05/15 07:12:52 PM : INFO : Getting Signals for track : TR_I_1615_ITW
2017/05/15 07:12:52 PM : INFO : Getting Signals for track : TR_I_1617_ITW
2017/05/15 07:12:52 PM : INFO : Getting Signals for track : TR_S_1697_HDS
2017/05/15 07:12:52 PM : INFO : Getting Signals for track : TR_S_1921_ZD
2017/05/15 07:12:52 PM : INFO : Getting Signals for track : TR_S_1915_ZD
2017/05/15 07:12:52 PM : INFO : Getting Signals for track : TR_S_EOT_1529_ITW
2017/05/15 07:12:52 PM : INFO : Getting Signals for track : TR_S_1505_EOT_ITW
2017/05/15 07:12:52 PM : INFO : Getting Signals for track : TR_S_1531_EOT_ITW
2017/05/15 07:12:52 PM : INFO : Getting Signals for track : TR_S_1509_EOT_ITW
2017/05/15 07:12:52 PM : INFO : Getting Signals for track : TR_I_1513_ITW
2017/05/15 07:12:52 PM : INFO : Getting Signals for track : TR_I_1511_ITW
2017/05/15 07:12:52 PM : INFO : Getting Signals for track : TR_I_1523_ITW
2017/05/15 07:12:52 PM : INFO : Getting Signals for track : TR_S_EOT_1521_ITW
2017/05/15 07:12:52 PM : INFO : Getting Signals for track : TR_I_1501_ITW
2017/05/15 07:12:52 PM : INFO : Getting Signals for track : TR_S_ITW1_ITW
2017/05/15 07:12:52 PM : INFO : Getting Signals for track : TR_S_ITW2_ITW
2017/05/15 07:12:52 PM : INFO : Getting Signals for track : TR_S_ITW3_ITW
2017/05/15 07:12:52 PM : INFO : Getting Signals for track : TR_7A_ND_ZD
2017/05/15 07:12:52 PM : INFO : Getting Signals for track : TR_8_ND_ZD
2017/05/15 07:12:52 PM : INFO : Getting Signals for track : TR_S_EOT_3207_ND
2017/05/15 07:12:52 PM : INFO : Getting Signals for track : TR_S_EOT_3213_ND
2017/05/15 07:12:52 PM : INFO : Getting Signals for track : TR_S_EOT_3211_ND
2017/05/15 07:12:52 PM : INFO : Getting Signals for track : TR_S_EOT_3205_ND
2017/05/15 07:12:52 PM : INFO : Getting Signals for track : TR_I_3201_ND
2017/05/15 07:12:52 PM : INFO : Getting Signals for track : TR_I_3203_ND
2017/05/15 07:12:52 PM : INFO : Getting Signals for track : TR_I_3223_ND
2017/05/15 07:12:52 PM : INFO : Getting Signals for track : TR_I_3225_ND
2017/05/15 07:12:52 PM : INFO : Getting Signals for track : TR_I_3255_CSN
2017/05/15 07:12:52 PM : INFO : Getting Signals for track : TR_I_3257_CSN
2017/05/15 07:12:52 PM : INFO : Getting Signals for track : TR_I_3273_CSN
2017/05/15 07:12:52 PM : INFO : Getting Signals for track : TR_S_EOT_3277_CSN
2017/05/15 07:12:52 PM : INFO : Getting Signals for track : TR_I_3313_CSN
2017/05/15 07:12:52 PM : INFO : Getting Signals for track : TR_I_3309_CSN
2017/05/15 07:12:52 PM : INFO : Getting Signals for track : TR_I_3423_VZG
2017/05/15 07:12:52 PM : INFO : Getting Signals for track : TR_I_3421_VZG
2017/05/15 07:12:52 PM : INFO : Getting Signals for track : TR_I_3503_ZD
2017/05/15 07:12:52 PM : INFO : Getting Signals for track : TR_I_3501_ZD
2017/05/15 07:12:52 PM : INFO : Getting Signals for track : TR_I_3521_ZD
2017/05/15 07:12:52 PM : INFO : Getting Signals for track : TR_I_3523_ZD
2017/05/15 07:12:52 PM : INFO : Getting Signals for track : TR_7B_ZD_ZD
2017/05/15 07:12:52 PM : INFO : Getting Signals for track : TR_EOT_3213X_ND
2017/05/15 07:12:52 PM : INFO : Getting Signals for track : TR_2A_CS_GN
2017/05/15 07:12:52 PM : INFO : Getting Signals for track : TR_1A_CS_GN
2017/05/15 07:12:52 PM : INFO : Getting Signals for track : TR_I_203_CS
2017/05/15 07:12:52 PM : INFO : Getting Signals for track : TR_I_201_CS
2017/05/15 07:12:52 PM : INFO : Getting Signals for track : TR_S_EOT_239_WPP
2017/05/15 07:12:52 PM : INFO : Getting Signals for track : TR_I_235_WPP
2017/05/15 07:12:52 PM : INFO : Getting Signals for track : TR_I_237_WPP
2017/05/15 07:12:52 PM : INFO : Getting Signals for track : TR_I_245_WPP
2017/05/15 07:12:52 PM : INFO : Getting Signals for track : TR_I_247_WPP
2017/05/15 07:12:52 PM : INFO : Getting Signals for track : TR_I_261_SLW
2017/05/15 07:12:52 PM : INFO : Getting Signals for track : TR_I_263_SLW
2017/05/15 07:12:52 PM : INFO : Getting Signals for track : TR_S_EOT_309_SLW
2017/05/15 07:12:52 PM : INFO : Getting Signals for track : TR_I_307_SLW
2017/05/15 07:12:52 PM : INFO : Getting Signals for track : TR_S_315_EOS_SLW
2017/05/15 07:12:52 PM : INFO : Getting Signals for track : TR_S_343_LCM
2017/05/15 07:12:52 PM : INFO : Getting Signals for track : TR_S_313_EOT_LCM
2017/05/15 07:12:52 PM : INFO : Getting Signals for track : TR_I_329_SLW
2017/05/15 07:12:52 PM : INFO : Getting Signals for track : TR_I_327_SLW
2017/05/15 07:12:52 PM : INFO : Getting Signals for track : TR_I_319_SLW
2017/05/15 07:12:52 PM : INFO : Getting Signals for track : TR_I_345_LCM
2017/05/15 07:12:52 PM : INFO : Getting Signals for track : TR_I_379_LCM
2017/05/15 07:12:52 PM : INFO : Getting Signals for track : TR_I_377_LCM
2017/05/15 07:12:52 PM : INFO : Getting Signals for track : TR_S_375_LCM
2017/05/15 07:12:52 PM : INFO : Getting Signals for track : TR_S_373_LCM
2017/05/15 07:12:52 PM : INFO : Getting Signals for track : TR_S_347_LCM
2017/05/15 07:12:52 PM : INFO : Getting Signals for track : TR_I_371_LCM
2017/05/15 07:12:52 PM : INFO : Getting Signals for track : TR_I_369_LCM
2017/05/15 07:12:52 PM : INFO : Getting Signals for track : TR_S_367_EOT_LCM
2017/05/15 07:12:52 PM : INFO : Getting Signals for track : TR_S_317_LCM
2017/05/15 07:12:52 PM : INFO : Getting Signals for track : TR_S_421_LCM
2017/05/15 07:12:52 PM : INFO : Getting Signals for track : TR_I_411_LCM
2017/05/15 07:12:52 PM : INFO : Getting Signals for track : TR_I_409_LCM
2017/05/15 07:12:52 PM : INFO : Getting Signals for track : TR_I_403_MDW
2017/05/15 07:12:52 PM : INFO : Getting Signals for track : TR_6B_MDW_MDW
2017/05/15 07:12:52 PM : INFO : Getting Signals for track : TR_I_431_MDW
2017/05/15 07:12:52 PM : INFO : Getting Signals for track : TR_I_429_MDW
2017/05/15 07:12:52 PM : INFO : Getting Signals for track : TR_I_425_MDW
2017/05/15 07:12:52 PM : INFO : Getting Signals for track : TR_6C_MDW_MDW
2017/05/15 07:12:52 PM : INFO : Getting Signals for track : TR_I_451_MDW
2017/05/15 07:12:52 PM : INFO : Getting Signals for track : TR_I_453_MDW
2017/05/15 07:12:52 PM : INFO : Getting Signals for track : TR_I_441_MDW
2017/05/15 07:12:52 PM : INFO : Getting Signals for track : TR_I_443_MDW
2017/05/15 07:12:52 PM : INFO : Getting Signals for track : TR_I_449_MDW
2017/05/15 07:12:52 PM : INFO : Getting Signals for track : TR_I_447_MDW
2017/05/15 07:12:52 PM : INFO : Getting Signals for track : TR_5D_MDW_DMZ
2017/05/15 07:12:52 PM : INFO : Getting Signals for track : TR_6D_MDW_DMZ
2017/05/15 07:12:52 PM : INFO : Getting Signals for track : TR_5C_MDW_MDW
2017/05/15 07:12:52 PM : INFO : Getting Signals for track : TR_5B_MDW_MDW
2017/05/15 07:12:52 PM : INFO : Getting Signals for track : TR_I_611_SVT
2017/05/15 07:12:52 PM : INFO : Getting Signals for track : TR_I_613_SVT
2017/05/15 07:12:52 PM : INFO : Getting Signals for track : TR_I_633_BLW
2017/05/15 07:12:52 PM : INFO : Getting Signals for track : TR_S_627_EOT_BLW
2017/05/15 07:12:52 PM : INFO : Getting Signals for track : TR_I_639_BLW
2017/05/15 07:12:52 PM : INFO : Getting Signals for track : TR_I_641_BLW
2017/05/15 07:12:52 PM : INFO : Getting Signals for track : TR_I_659_GN
2017/05/15 07:12:52 PM : INFO : Getting Signals for track : TR_I_661_GN
2017/05/15 07:12:52 PM : INFO : Getting Signals for track : TR_I_665_GN
2017/05/15 07:12:52 PM : INFO : Getting Signals for track : TR_I_667_GN
2017/05/15 07:12:52 PM : INFO : Getting Signals for track : TR_S_673_EOT_GN
2017/05/15 07:12:52 PM : INFO : Getting Signals for track : TR_S_671_EOT_GN
2017/05/15 07:12:52 PM : INFO : Getting Signals for track : TR_I_511_DMZ
2017/05/15 07:12:52 PM : INFO : Getting Signals for track : TR_I_513_DMZ
2017/05/15 07:12:52 PM : INFO : Getting Signals for track : TR_S_517_EOS_DMZ
2017/05/15 07:12:52 PM : INFO : Getting Signals for track : TR_S_519_EOS_DMZ
2017/05/15 07:12:52 PM : INFO : Getting Signals for track : TR_S_531_EOT_DMZ
2017/05/15 07:12:52 PM : INFO : Getting Signals for track : TR_5E_DMZ_GPP
2017/05/15 07:12:52 PM : INFO : Getting Signals for track : TR_6E_DMZ_GPP
2017/05/15 07:12:52 PM : INFO : Getting Signals for track : TR_I_547_DMZ
2017/05/15 07:12:52 PM : INFO : Getting Signals for track : TR_I_549_DMZ
2017/05/15 07:12:52 PM : INFO : Getting Signals for track : TR_I_567_GPP
2017/05/15 07:12:52 PM : INFO : Getting Signals for track : TR_I_569_GPP
2017/05/15 07:12:52 PM : INFO : Getting Signals for track : TR_I_575_GPP
2017/05/15 07:12:52 PM : INFO : Getting Signals for track : TR_I_573_GPP
2017/05/15 07:12:52 PM : INFO : Getting Signals for track : TR_S_579_EOT_GPP
2017/05/15 07:12:52 PM : INFO : Getting Signals for track : TR_S_583_EOT_GPP
2017/05/15 07:12:52 PM : INFO : Getting Signals for track : TR_S_581_EOT_GPP
2017/05/15 07:12:52 PM : INFO : Getting Signals for track : TR_S_585_EOT_GPP
2017/05/15 07:12:52 PM : INFO : Getting Signals for track : TR_3A_SLW_ZD
2017/05/15 07:12:52 PM : INFO : Getting Signals for track : TR_4A_SLW_ZD
2017/05/15 07:12:52 PM : INFO : Getting Signals for track : TR_6A_MDW_OAS
2017/05/15 07:12:52 PM : INFO : Getting Signals for track : TR_5A_MDW_OAS
2017/05/15 07:12:52 PM : INFO : Getting Signals for track : TR_I_1833_ZD
2017/05/15 07:12:52 PM : INFO : Getting Signals for track : TR_S_1831A_ZD
2017/05/15 07:12:52 PM : INFO : Getting Signals for track : TR_I_1797_ZD
2017/05/15 07:12:52 PM : INFO : Getting Signals for track : TR_I_1913_ZD
2017/05/15 07:12:52 PM : INFO : Getting Signals for track : TR_S_1799_EOT_ZD
2017/05/15 07:12:52 PM : INFO : Getting Signals for track : TR_I_1905_ZD
2017/05/15 07:12:52 PM : INFO : Getting Signals for track : TR_I_1903_ZD
2017/05/15 07:12:52 PM : INFO : Getting Signals for track : TR_I_1917_ZD
2017/05/15 07:12:52 PM : INFO : Getting Signals for track : TR_I_1919_ZD
2017/05/15 07:12:52 PM : INFO : Getting Signals for track : TR_I_1901_ZD
2017/05/15 07:12:52 PM : INFO : Getting Signals for track : TR_I_1907_ZD
2017/05/15 07:12:52 PM : INFO : Getting Signals for track : TR_I_1807_ZD
2017/05/15 07:12:52 PM : INFO : Getting Signals for track : TR_I_1803_ZD
2017/05/15 07:12:52 PM : INFO : Getting Signals for track : TR_11_ZD_ZD
2017/05/15 07:12:52 PM : INFO : Getting Signals for track : TR_12_ZD_ZD
2017/05/15 07:12:52 PM : INFO : Getting Signals for track : TR_I_1857_OAS
2017/05/15 07:12:52 PM : INFO : Getting Signals for track : TR_I_1859_OAS
2017/05/15 07:12:52 PM : INFO : Getting Signals for track : TR_S_109A_DMZ
2017/05/15 07:12:52 PM : INFO : Report generated successfully at C:\Users\295563\Documents\MyData\PROJECTS\VnV\VnV_Automation\DTVT_BLUE\Results\Test_Results_OK_RULE_TMS_SDDB_0013.xlsx
