2017/05/26 06:50:30 PM : INFO : Executing Utility.py
2017/05/26 06:50:30 PM : INFO : Creating Class CSVReader
2017/05/26 06:50:31 PM : INFO : STA_COD_GPP_130B_DCOD_GPP_130B_D;STL_GPP_130B;	2080;2080;	KpBegin = 1039697;1039697;	KpEnd 1042925;1042925;
2017/05/26 06:50:31 PM : INFO : STA_COD_SLW_3A_RU_15_BCOD_SLW_3A_RU_15_B;PF_SLW_3A_RU;	2081;2081;	KpBegin = 463435;463435;	KpEnd 471982;471982;
2017/05/26 06:50:31 PM : INFO : STA_COD_GPP_130A_DCOD_GPP_130A_D;STL_GPP_130A;	2080;2080;	KpBegin = 1035858;1035858;	KpEnd 1039697;1039697;
2017/05/26 06:50:31 PM : INFO : STA_COD_ITW_103A_DCOD_ITW_103A_D;STL_ITW_103A;	34;34;	KpBegin = 1885998;1885998;	KpEnd 1889883;1889883;
2017/05/26 06:50:31 PM : INFO : STA_COD_LCM_152C_BCOD_LCM_152C_B;STL_LCM_152C;	2025;2025;	KpBegin = 559147;559147;	KpEnd 562347;562347;
2017/05/26 06:50:31 PM : INFO : STA_COD_ZD_151D_BCOD_ZD_151D_B;STL_ZD_151D;	2091;2091;	KpBegin = 940903;940903;	KpEnd 944103;944103;
2017/05/26 06:50:31 PM : INFO : STA_COD_MDW_1A_LU_7_BCOD_MDW_1A_LU_7_B;PF_MDW_1A_LU;	2002;2002;	KpBegin = 592952;592952;	KpEnd 607817;607817;
2017/05/26 06:50:31 PM : INFO : STA_COD_DMZ_120A_DCOD_DMZ_120A_D;STL_DMZ_120A;	2068;2068;	KpBegin = 292625;292625;	KpEnd 305168;305168;
2017/05/26 06:50:31 PM : INFO : STA_COD_ITW_120D_UCOD_ITW_120D_U;STL_ITW_120D;	35;35;	KpBegin = 1872142;1872142;	KpEnd 1875684;1875684;
2017/05/26 06:50:31 PM : INFO : STA_COD_LCM_141B_BCOD_LCM_141B_B;STL_LCM_141B;	2026;2026;	KpBegin = 535571;535571;	KpEnd 538771;538771;
2017/05/26 06:50:31 PM : INFO : STA_COD_GN_2A_RD_16_BCOD_GN_2A_RD_16_B;PF_GN_2A_RD;	2001;2001;	KpBegin = 1225345;1225345;	KpEnd 1238532;1238532;
2017/05/26 06:50:31 PM : INFO : STA_COD_LCM_125A_DCOD_LCM_125A_D;STL_LCM_125A;	2016;2016;	KpBegin = 532919;532919;	KpEnd 537119;537119;
2017/05/26 06:50:31 PM : INFO : STA_COD_WPP_100A_UCOD_WPP_100A_U;STL_WPP_100A;	2005;2005;	KpBegin = 181245;181245;	KpEnd 184553;184553;
2017/05/26 06:50:31 PM : INFO : STA_COD_GN_100E_DCOD_GN_100E_D;STL_GN_100E;	2063;2063;	KpBegin = 1272839;1272839;	KpEnd 1276913;1276913;
2017/05/26 06:50:31 PM : INFO : STA_STL_DMZ_100CSTL_DMZ_100C;	2066;	KpBegin = 299946;	KpEnd 303111;
2017/05/26 06:50:31 PM : INFO : STA_COD_BLW_101B_DCOD_BLW_101B_D;STL_BLW_101B;	2055;2055;	KpBegin = 929520;929520;	KpEnd 932714;932714;
2017/05/26 06:50:31 PM : INFO : STA_COD_LCM_142C_BCOD_LCM_142C_B;STL_LCM_142C;	2026;2026;	KpBegin = 551671;551671;	KpEnd 554871;554871;
2017/05/26 06:50:31 PM : INFO : STA_COD_STD_3B_LU_13_BCOD_STD_3B_LU_13_B;PF_STD_3B_LU;	1;1;	KpBegin = 1738413;1738413;	KpEnd 1751399;1751399;
2017/05/26 06:50:31 PM : INFO : STA_COD_GN_20D_DCOD_GN_20D_D;STL_GN_20D;	2001;2001;	KpBegin = 1268177;1268177;	KpEnd 1271354;1271354;
2017/05/26 06:50:31 PM : INFO : STA_COD_GN_20E_DCOD_GN_20E_D;STL_GN_20E;	2001;2001;	KpBegin = 1271354;1271354;	KpEnd 1275483;1275483;
2017/05/26 06:50:31 PM : INFO : STA_COD_LCM_141C_BCOD_LCM_141C_B;STL_LCM_141C;	2026;2026;	KpBegin = 538771;538771;	KpEnd 541971;541971;
2017/05/26 06:50:31 PM : INFO : STA_COD_EPP_7A_RU_45_BCOD_EPP_7A_RU_45_B;PF_EPP_7A_RU;	1001;1001;	KpBegin = 1438328;1438328;	KpEnd 1452020;1452020;
2017/05/26 06:50:31 PM : INFO : STA_COD_LCM_142A_BCOD_LCM_142A_B;STL_LCM_142A;	2026;2026;	KpBegin = 545221;545221;	KpEnd 548471;548471;
2017/05/26 06:50:31 PM : INFO : STA_COD_LCM_142B_BCOD_LCM_142B_B;STL_LCM_142B;	2026;2026;	KpBegin = 548471;548471;	KpEnd 551671;551671;
2017/05/26 06:50:31 PM : INFO : STA_COD_GN_110E_DCOD_GN_110E_D;STL_GN_110E;	2062;2062;	KpBegin = 1271277;1271277;	KpEnd 1275502;1275502;
2017/05/26 06:50:31 PM : INFO : STA_COD_WPP_100B_UCOD_WPP_100B_U;STL_WPP_100B;	2005;2005;	KpBegin = 184553;184553;	KpEnd 187691;187691;
2017/05/26 06:50:31 PM : INFO : STA_COD_LCM_150D_BCOD_LCM_150D_B;STL_LCM_150D;	2025;2025;	KpBegin = 536547;536547;	KpEnd 539797;539797;
2017/05/26 06:50:31 PM : INFO : STA_COD_HDS_4B_RD_8_BCOD_HDS_4B_RD_8_B;PF_HDS_4B_RD;	3;3;	KpBegin = 1333137;1333137;	KpEnd 1346204;1346204;
2017/05/26 06:50:31 PM : INFO : STA_COD_LCM_150B_BCOD_LCM_150B_B;STL_LCM_150B;	2025;2025;	KpBegin = 530147;530147;	KpEnd 533347;533347;
2017/05/26 06:50:31 PM : INFO : STA_COD_ND_110_UCOD_ND_110_U;STL_ND_110;	1004;1004;	KpBegin = 612366;612366;	KpEnd 624993;624993;
2017/05/26 06:50:31 PM : INFO : STA_COD_LCM_141D_BCOD_LCM_141D_B;STL_LCM_141D;	2026;2026;	KpBegin = 541971;541971;	KpEnd 545221;545221;
2017/05/26 06:50:31 PM : INFO : STA_COD_LCM_121C_BCOD_LCM_121C_B;STL_LCM_121C;	2016;2016;	KpBegin = 494738;494738;	KpEnd 497938;497938;
2017/05/26 06:50:31 PM : INFO : STA_COD_GPP_120A_DCOD_GPP_120A_D;STL_GPP_120A;	2079;2079;	KpBegin = 1035921;1035921;	KpEnd 1039745;1039745;
2017/05/26 06:50:31 PM : INFO : STA_COD_ND_8_RD_6_BCOD_ND_8_RD_6_B;PF_ND_8_RD;	1002;1002;	KpBegin = 659400;659400;	KpEnd 672423;672423;
2017/05/26 06:50:31 PM : INFO : STA_COD_GN_100B_DCOD_GN_100B_D;STL_GN_100B;	2063;2063;	KpBegin = 1263186;1263186;	KpEnd 1266422;1266422;
2017/05/26 06:50:31 PM : INFO : STA_COD_LCM_134D_BCOD_LCM_134D_B;STL_LCM_134D;	2015;2015;	KpBegin = 542341;542341;	KpEnd 545591;545591;
2017/05/26 06:50:31 PM : INFO : STA_COD_ITW_190B_DCOD_ITW_190B_D;STL_ITW_190B;	28;28;	KpBegin = 1893780;1893780;	KpEnd 1897025;1897025;
2017/05/26 06:50:31 PM : INFO : STA_COD_BLW_2A_RD_6_BCOD_BLW_2A_RD_6_B;PF_BLW_2A_RD;	2001;2001;	KpBegin = 891586;891586;	KpEnd 907079;907079;
2017/05/26 06:50:31 PM : INFO : STA_COD_LCM_125B_DCOD_LCM_125B_D;STL_LCM_125B;	2016;2016;	KpBegin = 537119;537119;	KpEnd 540319;540319;
2017/05/26 06:50:31 PM : INFO : STA_STL_DMZ_112BSTL_DMZ_112B;	2067;	KpBegin = 302154;	KpEnd 305380;
2017/05/26 06:50:31 PM : INFO : STA_COD_WLP_2A_RD_6_BCOD_WLP_2A_RD_6_B;PF_WLP_2A_RD;	2001;2001;	KpBegin = 142410;142410;	KpEnd 157878;157878;
2017/05/26 06:50:31 PM : INFO : STA_COD_ITW_170B_DCOD_ITW_170B_D;STL_ITW_170B;	26;26;	KpBegin = 1890997;1890997;	KpEnd 1894197;1894197;
2017/05/26 06:50:31 PM : INFO : STA_COD_GN_110A_DCOD_GN_110A_D;STL_GN_110A;	2062;2062;	KpBegin = 1257516;1257516;	KpEnd 1261674;1261674;
2017/05/26 06:50:31 PM : INFO : STA_COD_ZD_133D_BCOD_ZD_133D_B;STL_ZD_133D;	1023;1023;	KpBegin = 1008977;1008977;	KpEnd 1013177;1013177;
2017/05/26 06:50:31 PM : INFO : STA_COD_LLL_4B_RD_12_BCOD_LLL_4B_RD_12_B;PF_LLL_4B_RD;	3;3;	KpBegin = 1388838;1388838;	KpEnd 1401301;1401301;
2017/05/26 06:50:31 PM : INFO : STA_COD_GPP_13C_DCOD_GPP_13C_D;STL_GPP_13C;	2069;2069;	KpBegin = 1041387;1041387;	KpEnd 1044623;1044623;
2017/05/26 06:50:31 PM : INFO : STA_COD_GPP_20D_DCOD_GPP_20D_D;STL_GPP_20D;	2070;2070;	KpBegin = 1045812;1045812;	KpEnd 1049456;1049456;
2017/05/26 06:50:31 PM : INFO : STA_COD_ZD_152A_BCOD_ZD_152A_B;STL_ZD_152A;	2091;2091;	KpBegin = 947353;947353;	KpEnd 950603;950603;
2017/05/26 06:50:31 PM : INFO : STA_COD_LCM_135A_BCOD_LCM_135A_B;STL_LCM_135A;	2015;2015;	KpBegin = 545591;545591;	KpEnd 548841;548841;
2017/05/26 06:50:31 PM : INFO : STA_COD_ITW_161B_DCOD_ITW_161B_D;STL_ITW_161B;	25;25;	KpBegin = 1890950;1890950;	KpEnd 1894150;1894150;
2017/05/26 06:50:31 PM : INFO : STA_COD_ITW_170A_DCOD_ITW_170A_D;STL_ITW_170A;	26;26;	KpBegin = 1887513;1887513;	KpEnd 1890997;1890997;
2017/05/26 06:50:31 PM : INFO : STA_STL_DMZ_100DSTL_DMZ_100D;	2066;	KpBegin = 303111;	KpEnd 306311;
2017/05/26 06:50:31 PM : INFO : STA_COD_ZD_133C_BCOD_ZD_133C_B;STL_ZD_133C;	1023;1023;	KpBegin = 1005777;1005777;	KpEnd 1008977;1008977;
2017/05/26 06:50:31 PM : INFO : STA_COD_BLW_101C_DCOD_BLW_101C_D;STL_BLW_101C;	2055;2055;	KpBegin = 932714;932714;	KpEnd 935912;935912;
2017/05/26 06:50:31 PM : INFO : STA_COD_GN_13A_DCOD_GN_13A_D;STL_GN_13A;	2002;2002;	KpBegin = 1258948;1258948;	KpEnd 1263098;1263098;
2017/05/26 06:50:31 PM : INFO : STA_COD_GN_110B_DCOD_GN_110B_D;STL_GN_110B;	2062;2062;	KpBegin = 1261674;1261674;	KpEnd 1264873;1264873;
2017/05/26 06:50:31 PM : INFO : STA_STL_DMZ_100BSTL_DMZ_100B;	2066;	KpBegin = 296712;	KpEnd 299946;
2017/05/26 06:50:31 PM : INFO : STA_COD_ND_130_UCOD_ND_130_U;STL_ND_130;	1006;1006;	KpBegin = 625253;625253;	KpEnd 637321;637321;
2017/05/26 06:50:31 PM : INFO : STA_COD_ITW_110B_UCOD_ITW_110B_U;STL_ITW_110B;	24;24;	KpBegin = 1864014;1864014;	KpEnd 1867228;1867228;
2017/05/26 06:50:31 PM : INFO : STA_COD_ITW_150D_DCOD_ITW_150D_D;STL_ITW_150D;	2;2;	KpBegin = 1897237;1897237;	KpEnd 1900775;1900775;
2017/05/26 06:50:31 PM : INFO : STA_COD_GPP_13A_DCOD_GPP_13A_D;STL_GPP_13A;	2069;2069;	KpBegin = 1034119;1034119;	KpEnd 1038229;1038229;
2017/05/26 06:50:31 PM : INFO : STA_COD_LCM_180C_BCOD_LCM_180C_B;STL_LCM_180C;	2033;2033;	KpBegin = 552514;552514;	KpEnd 555714;555714;
2017/05/26 06:50:31 PM : INFO : STA_COD_MDW_2A_RD_8_BCOD_MDW_2A_RD_8_B;PF_MDW_2A_RD;	2001;2001;	KpBegin = 592026;592026;	KpEnd 606941;606941;
2017/05/26 06:50:31 PM : INFO : STA_COD_ITW_170C_DCOD_ITW_170C_D;STL_ITW_170C;	26;26;	KpBegin = 1894197;1894197;	KpEnd 1897402;1897402;
2017/05/26 06:50:31 PM : INFO : STA_COD_ZD_102C_BCOD_ZD_102C_B;STL_ZD_102C;	2086;2086;	KpBegin = 869733;869733;	KpEnd 872958;872958;
2017/05/26 06:50:31 PM : INFO : STA_COD_GPP_110A_DCOD_GPP_110A_D;STL_GPP_110A;	2078;2078;	KpBegin = 1034051;1034051;	KpEnd 1038244;1038244;
2017/05/26 06:50:31 PM : INFO : STA_COD_ITW_101B_UCOD_ITW_101B_U;STL_ITW_101B;	34;34;	KpBegin = 1868536;1868536;	KpEnd 1871747;1871747;
2017/05/26 06:50:31 PM : INFO : STA_COD_OAS_3A_RU_3_7_BCOD_OAS_3A_RU_3_7_B;PF_OAS_3A_RU;	2081;2081;	KpBegin = 583664;583664;	KpEnd 596595;596595;
2017/05/26 06:50:31 PM : INFO : STA_COD_ZD_142A_BCOD_ZD_142A_B;STL_ZD_142A;	20;20;	KpBegin = 999008;999008;	KpEnd 1002258;1002258;
2017/05/26 06:50:31 PM : INFO : STA_COD_ITW_190C_DCOD_ITW_190C_D;STL_ITW_190C;	28;28;	KpBegin = 1897025;1897025;	KpEnd 1900225;1900225;
2017/05/26 06:50:31 PM : INFO : STA_COD_ITW_161C_DCOD_ITW_161C_D;STL_ITW_161C;	25;25;	KpBegin = 1894150;1894150;	KpEnd 1897354;1897354;
2017/05/26 06:50:31 PM : INFO : STA_COD_ITW_132_DCOD_ITW_132_D;STL_ITW_132;WZ_132_ITW;	36;36;36;	KpBegin = 1879506;1879506;1879506;	KpEnd 1896799;1896799;1896799;
2017/05/26 06:50:31 PM : INFO : STA_COD_LCM_190D_BCOD_LCM_190D_B;STL_LCM_190D;	2014;2014;	KpBegin = 492965;492965;	KpEnd 497165;497165;
2017/05/26 06:50:31 PM : INFO : STA_COD_BLW_1A_LU_5_BCOD_BLW_1A_LU_5_B;PF_BLW_1A_LU;	2002;2002;	KpBegin = 892712;892712;	KpEnd 908168;908168;
2017/05/26 06:50:31 PM : INFO : STA_COD_ZD_142C_BCOD_ZD_142C_B;STL_ZD_142C;	20;20;	KpBegin = 1005458;1005458;	KpEnd 1008658;1008658;
2017/05/26 06:50:31 PM : INFO : STA_COD_ZD_102D_BCOD_ZD_102D_B;STL_ZD_102D;	2086;2086;	KpBegin = 872958;872958;	KpEnd 876759;876759;
2017/05/26 06:50:31 PM : INFO : STA_COD_GN_20A_DCOD_GN_20A_D;STL_GN_20A;	2001;2001;	KpBegin = 1257514;1257514;	KpEnd 1261798;1261798;
2017/05/26 06:50:31 PM : INFO : STA_COD_GPP_13D_DCOD_GPP_13D_D;STL_GPP_13D;	2069;2069;	KpBegin = 1044623;1044623;	KpEnd 1048336;1048336;
2017/05/26 06:50:31 PM : INFO : STA_COD_WPP_100C_UCOD_WPP_100C_U;STL_WPP_100C;	2005;2005;	KpBegin = 187691;187691;	KpEnd 190827;190827;
2017/05/26 06:50:31 PM : INFO : STA_COD_ZD_133A_BCOD_ZD_133A_B;STL_ZD_133A;	1023;1023;	KpBegin = 999327;999327;	KpEnd 1002577;1002577;
2017/05/26 06:50:31 PM : INFO : STA_COD_ITW_181C_DCOD_ITW_181C_D;STL_ITW_181C;	35;35;	KpBegin = 1896952;1896952;	KpEnd 1900152;1900152;
2017/05/26 06:50:31 PM : INFO : STA_COD_ITW_3B_LU_3A_3C_DCOD_ITW_3B_LU_3A_3C_D;PF_ITW_3B_LU;	1;1;	KpBegin = 1862230;1862230;	KpEnd 1875404;1875404;
2017/05/26 06:50:31 PM : INFO : STA_COD_HDS_101D_BCOD_HDS_101D_B;STL_HDS_101D;	16;16;	KpBegin = 1431541;1431541;	KpEnd 1435830;1435830;
2017/05/26 06:50:31 PM : INFO : STA_COD_ZD_151B_BCOD_ZD_151B_B;STL_ZD_151B;	2091;2091;	KpBegin = 934503;934503;	KpEnd 937703;937703;
2017/05/26 06:50:31 PM : INFO : STA_COD_DVD_1A_RU_1_BCOD_DVD_1A_RU_1_B;PF_DVD_1A_RU;	2002;2002;	KpBegin = 680201;680201;	KpEnd 695680;695680;
2017/05/26 06:50:31 PM : INFO : STA_COD_ITW_4B_RD_4A_4C_DCOD_ITW_4B_RD_4A_4C_D;PF_ITW_4B_RD;	3;3;	KpBegin = 1865004;1865004;	KpEnd 1877893;1877893;
2017/05/26 06:50:31 PM : INFO : STA_COD_NDP_8_RD_2_BCOD_NDP_8_RD_2_B;PF_NDP_8_RD;	1002;1002;	KpBegin = 834678;834678;	KpEnd 847024;847024;
2017/05/26 06:50:31 PM : INFO : STA_COD_DMZ_120C_DCOD_DMZ_120C_D;STL_DMZ_120C;	2068;2068;	KpBegin = 316944;316944;	KpEnd 329111;329111;
2017/05/26 06:50:31 PM : INFO : STA_COD_LCM_121B_BCOD_LCM_121B_B;STL_LCM_121B;	2016;2016;	KpBegin = 491538;491538;	KpEnd 494738;494738;
2017/05/26 06:50:31 PM : INFO : STA_COD_ZD_141B_BCOD_ZD_141B_B;STL_ZD_141B;	20;20;	KpBegin = 986158;986158;	KpEnd 989358;989358;
2017/05/26 06:50:31 PM : INFO : STA_COD_GN_13B_DCOD_GN_13B_D;STL_GN_13B;	2002;2002;	KpBegin = 1263098;1263098;	KpEnd 1266232;1266232;
2017/05/26 06:50:31 PM : INFO : STA_COD_VSW_6E_RD_10_BCOD_VSW_6E_RD_10_B;PF_VSW_6E_RD;	2070;2070;	KpBegin = 784503;784503;	KpEnd 800018;800018;
2017/05/26 06:50:31 PM : INFO : STA_COD_ZD_161D_BCOD_ZD_161D_B;STL_ZD_161D;	22;22;	KpBegin = 958024;958024;	KpEnd 962224;962224;
2017/05/26 06:50:31 PM : INFO : STA_COD_ZD_132C_BCOD_ZD_132C_B;STL_ZD_132C;	1023;1023;	KpBegin = 989677;989677;	KpEnd 992877;992877;
2017/05/26 06:50:31 PM : INFO : STA_COD_LCM_113B_BCOD_LCM_113B_B;STL_LCM_113B;	2032;2032;	KpBegin = 529675;529675;	KpEnd 532875;532875;
2017/05/26 06:50:31 PM : INFO : STA_COD_ITW_170D_DCOD_ITW_170D_D;STL_ITW_170D;	26;26;	KpBegin = 1897402;1897402;	KpEnd 1900858;1900858;
2017/05/26 06:50:31 PM : INFO : STA_COD_ITW_103C_DCOD_ITW_103C_D;STL_ITW_103C;	34;34;	KpBegin = 1893083;1893083;	KpEnd 1896283;1896283;
2017/05/26 06:50:31 PM : INFO : STA_COD_HLD_1A_LU_1_BCOD_HLD_1A_LU_1_B;PF_HLD_1A_LU;	2002;2002;	KpBegin = 1001609;1001609;	KpEnd 1017096;1017096;
2017/05/26 06:50:31 PM : INFO : STA_COD_LCM_121D_BCOD_LCM_121D_B;STL_LCM_121D;	2016;2016;	KpBegin = 497938;497938;	KpEnd 502138;502138;
2017/05/26 06:50:31 PM : INFO : STA_COD_GPP_120C_DCOD_GPP_120C_D;STL_GPP_120C;	2079;2079;	KpBegin = 1042988;1042988;	KpEnd 1046149;1046149;
2017/05/26 06:50:31 PM : INFO : STA_COD_SLW_100A_UCOD_SLW_100A_U;STL_SLW_100A;	2012;2012;	KpBegin = 447073;447073;	KpEnd 450664;450664;
2017/05/26 06:50:31 PM : INFO : STA_COD_LCM_180A_BCOD_LCM_180A_B;STL_LCM_180A;	2033;2033;	KpBegin = 545114;545114;	KpEnd 549314;549314;
2017/05/26 06:50:31 PM : INFO : STA_COD_LCM_115A_BCOD_LCM_115A_B;STL_LCM_115A;	2032;2032;	KpBegin = 545089;545089;	KpEnd 549289;549289;
2017/05/26 06:50:31 PM : INFO : STA_COD_GPP_120D_DCOD_GPP_120D_D;STL_GPP_120D;	2079;2079;	KpBegin = 1046149;1046149;	KpEnd 1049141;1049141;
2017/05/26 06:50:31 PM : INFO : STA_COD_ZD_133B_BCOD_ZD_133B_B;STL_ZD_133B;	1023;1023;	KpBegin = 1002577;1002577;	KpEnd 1005777;1005777;
2017/05/26 06:50:31 PM : INFO : STA_COD_BLW_101A_DCOD_BLW_101A_D;STL_BLW_101A;	2055;2055;	KpBegin = 924969;924969;	KpEnd 929520;929520;
2017/05/26 06:50:31 PM : INFO : STA_COD_HDS_101C_BCOD_HDS_101C_B;STL_HDS_101C;	16;16;	KpBegin = 1428394;1428394;	KpEnd 1431541;1431541;
2017/05/26 06:50:31 PM : INFO : STA_COD_LCM_163B_BCOD_LCM_163B_B;STL_LCM_163B;	2027;2027;	KpBegin = 556147;556147;	KpEnd 559347;559347;
2017/05/26 06:50:31 PM : INFO : STA_COD_GN_1A_LU_9_BCOD_GN_1A_LU_9_B;PF_GN_1A_LU;	2002;2002;	KpBegin = 1226815;1226815;	KpEnd 1239976;1239976;
2017/05/26 06:50:31 PM : INFO : STA_COD_SVT_1A_LU_5_BCOD_SVT_1A_LU_5_B;PF_SVT_1A_LU;	2002;2002;	KpBegin = 743975;743975;	KpEnd 759463;759463;
2017/05/26 06:50:31 PM : INFO : STA_COD_ZD_151E_BCOD_ZD_151E_B;STL_ZD_151E;	2091;2091;	KpBegin = 944103;944103;	KpEnd 947353;947353;
2017/05/26 06:50:31 PM : INFO : STA_COD_ZD_102A_BCOD_ZD_102A_B;STL_ZD_102A;	2086;2086;	KpBegin = 861319;861319;	KpEnd 866522;866522;
2017/05/26 06:50:31 PM : INFO : STA_COD_LCM_123D_BCOD_LCM_123D_B;STL_LCM_123D;	2016;2016;	KpBegin = 519483;519483;	KpEnd 523683;523683;
2017/05/26 06:50:31 PM : INFO : STA_COD_ZD_152B_BCOD_ZD_152B_B;STL_ZD_152B;	2091;2091;	KpBegin = 950603;950603;	KpEnd 953803;953803;
2017/05/26 06:50:31 PM : INFO : STA_COD_LCM_151A_BCOD_LCM_151A_B;STL_LCM_151A;	2025;2025;	KpBegin = 539797;539797;	KpEnd 543047;543047;
2017/05/26 06:50:31 PM : INFO : STA_COD_ZD_132D_BCOD_ZD_132D_B;STL_ZD_132D;	1023;1023;	KpBegin = 992877;992877;	KpEnd 996077;996077;
2017/05/26 06:50:31 PM : INFO : STA_COD_ZD_151C_BCOD_ZD_151C_B;STL_ZD_151C;	2091;2091;	KpBegin = 937703;937703;	KpEnd 940903;940903;
2017/05/26 06:50:31 PM : INFO : STA_STL_DMZ_112DSTL_DMZ_112D;	2067;	KpBegin = 308566;	KpEnd 311721;
2017/05/26 06:50:31 PM : INFO : STA_COD_ITW_130B_UCOD_ITW_130B_U;STL_ITW_130B;	36;36;	KpBegin = 1863107;1863107;	KpEnd 1866318;1866318;
2017/05/26 06:50:31 PM : INFO : STA_COD_PJW_3B_LU_1_BCOD_PJW_3B_LU_1_B;PF_PJW_3B_LU;	1;1;	KpBegin = 1466499;1466499;	KpEnd 1479541;1479541;
2017/05/26 06:50:31 PM : INFO : STA_COD_LCM_125D_DCOD_LCM_125D_D;STL_LCM_125D;	2016;2016;	KpBegin = 543519;543519;	KpEnd 546869;546869;
2017/05/26 06:50:31 PM : INFO : STA_COD_LCM_190B_BCOD_LCM_190B_B;STL_LCM_190B;	2014;2014;	KpBegin = 486565;486565;	KpEnd 489765;489765;
2017/05/26 06:50:31 PM : INFO : STA_COD_LCM_170_DCOD_LCM_170_D;STL_LCM_170;	2031;2031;	KpBegin = 527431;527431;	KpEnd 540516;540516;
2017/05/26 06:50:31 PM : INFO : STA_COD_PJW_4B_RD_2_BCOD_PJW_4B_RD_2_B;PF_PJW_4B_RD;	3;3;	KpBegin = 1468519;1468519;	KpEnd 1481591;1481591;
2017/05/26 06:50:31 PM : INFO : STA_COD_ITW_101C_UCOD_ITW_101C_U;STL_ITW_101C;	34;34;	KpBegin = 1871747;1871747;	KpEnd 1874963;1874963;
2017/05/26 06:50:31 PM : INFO : STA_COD_LCM_190A_BCOD_LCM_190A_B;STL_LCM_190A;	2014;2014;	KpBegin = 482365;482365;	KpEnd 486565;486565;
2017/05/26 06:50:31 PM : INFO : STA_COD_GN_20C_DCOD_GN_20C_D;STL_GN_20C;	2001;2001;	KpBegin = 1264970;1264970;	KpEnd 1268177;1268177;
2017/05/26 06:50:31 PM : INFO : STA_COD_CSN_7A_RU_15_BCOD_CSN_7A_RU_15_B;PF_CSN_7A_RU;	1001;1001;	KpBegin = 998706;998706;	KpEnd 1013221;1013221;
2017/05/26 06:50:31 PM : INFO : STA_COD_GPP_20C_DCOD_GPP_20C_D;STL_GPP_20C;	2070;2070;	KpBegin = 1042650;1042650;	KpEnd 1045812;1045812;
2017/05/26 06:50:31 PM : INFO : STA_COD_ND_3_UCOD_ND_3_U;STL_ND_3;	1001;1001;	KpBegin = 632605;632605;	KpEnd 644866;644866;
2017/05/26 06:50:31 PM : INFO : STA_COD_ITW_190D_DCOD_ITW_190D_D;STL_ITW_190D;	28;28;	KpBegin = 1900225;1900225;	KpEnd 1903575;1903575;
2017/05/26 06:50:31 PM : INFO : STA_COD_ITW_103D_DCOD_ITW_103D_D;STL_ITW_103D;	34;34;	KpBegin = 1896283;1896283;	KpEnd 1899600;1899600;
2017/05/26 06:50:31 PM : INFO : STA_COD_ZD_161B_BCOD_ZD_161B_B;STL_ZD_161B;	22;22;	KpBegin = 951624;951624;	KpEnd 954824;954824;
2017/05/26 06:50:31 PM : INFO : STA_COD_ZD_39_DCOD_ZD_39_D;	1;	KpBegin = 1077102;	KpEnd 1100887;
2017/05/26 06:50:31 PM : INFO : STA_COD_VZG_8_RD_6_BCOD_VZG_8_RD_6_B;PF_VZG_8_RD;	1002;1002;	KpBegin = 1223401;1223401;	KpEnd 1236133;1236133;
2017/05/26 06:50:31 PM : INFO : STA_COD_GN_100C_DCOD_GN_100C_D;STL_GN_100C;	2063;2063;	KpBegin = 1266422;1266422;	KpEnd 1269604;1269604;
2017/05/26 06:50:31 PM : INFO : STA_COD_GPP_100D_DCOD_GPP_100D_D;STL_GPP_100D;	2077;2077;	KpBegin = 1044639;1044639;	KpEnd 1048414;1048414;
2017/05/26 06:50:31 PM : INFO : STA_COD_ZD_152D_BCOD_ZD_152D_B;STL_ZD_152D;	2091;2091;	KpBegin = 957003;957003;	KpEnd 961203;961203;
2017/05/26 06:50:31 PM : INFO : STA_COD_ITW_110C_UCOD_ITW_110C_U;STL_ITW_110C;	24;24;	KpBegin = 1867228;1867228;	KpEnd 1870407;1870407;
2017/05/26 06:50:31 PM : INFO : STA_COD_LCM_121A_BCOD_LCM_121A_B;STL_LCM_121A;	2016;2016;	KpBegin = 487338;487338;	KpEnd 491538;491538;
2017/05/26 06:50:31 PM : INFO : STA_STL_DMZ_101STL_DMZ_101;	2066;	KpBegin = 306311;	KpEnd 312682;
2017/05/26 06:50:31 PM : INFO : STA_COD_ITW_181A_DCOD_ITW_181A_D;STL_ITW_181A;	35;35;	KpBegin = 1890222;1890222;	KpEnd 1893752;1893752;
2017/05/26 06:50:31 PM : INFO : STA_COD_SLW_2A_RD_12_BCOD_SLW_2A_RD_12_B;PF_SLW_2A_RD;	2001;2001;	KpBegin = 456338;456338;	KpEnd 471784;471784;
2017/05/26 06:50:31 PM : INFO : STA_COD_GPP_20B_DCOD_GPP_20B_D;STL_GPP_20B;	2070;2070;	KpBegin = 1039420;1039420;	KpEnd 1042650;1042650;
2017/05/26 06:50:31 PM : INFO : STA_COD_RGB_1A_LU_5_BCOD_RGB_1A_LU_5_B;PF_RGB_1A_LU;	2002;2002;	KpBegin = 1123731;1123731;	KpEnd 1139222;1139222;
2017/05/26 06:50:31 PM : INFO : STA_COD_LCM_132D_BCOD_LCM_132D_B;STL_LCM_132D;	2015;2015;	KpBegin = 521651;521651;	KpEnd 525001;525001;
2017/05/26 06:50:31 PM : INFO : STA_COD_LCM_134A_BCOD_LCM_134A_B;STL_LCM_134A;	2015;2015;	KpBegin = 532141;532141;	KpEnd 535941;535941;
2017/05/26 06:50:31 PM : INFO : STA_COD_LCM_151D_BCOD_LCM_151D_B;STL_LCM_151D;	2025;2025;	KpBegin = 549447;549447;	KpEnd 552697;552697;
2017/05/26 06:50:31 PM : INFO : STA_COD_NMT_1A_LU_1_BCOD_NMT_1A_LU_1_B;PF_NMT_1A_LU;	2002;2002;	KpBegin = 85340;85340;	KpEnd 101089;101089;
2017/05/26 06:50:31 PM : INFO : STA_COD_BMR_1A_LU_1_BCOD_BMR_1A_LU_1_B;PF_BMR_1A_LU;	2002;2002;	KpBegin = 834620;834620;	KpEnd 850355;850355;
2017/05/26 06:50:31 PM : INFO : STA_COD_ITW_140D_UCOD_ITW_140D_U;STL_ITW_140D;	32;32;	KpBegin = 1868218;1868218;	KpEnd 1871634;1871634;
2017/05/26 06:50:31 PM : INFO : STA_COD_LCM_113D_BCOD_LCM_113D_B;STL_LCM_113D;	2032;2032;	KpBegin = 536075;536075;	KpEnd 540275;540275;
2017/05/26 06:50:31 PM : INFO : STA_COD_WPP_100D_UCOD_WPP_100D_U;STL_WPP_100D;	2005;2005;	KpBegin = 190827;190827;	KpEnd 194392;194392;
2017/05/26 06:50:31 PM : INFO : STA_COD_ZD_3A_LU_11_17_BCOD_ZD_3A_LU_11_17_B;PF_ZD_3A_LU;	2081;2081;	KpBegin = 917332;917332;	KpEnd 929888;929888;
2017/05/26 06:50:31 PM : INFO : STA_COD_LCM_163D_BCOD_LCM_163D_B;STL_LCM_163D;	2027;2027;	KpBegin = 562547;562547;	KpEnd 566747;566747;
2017/05/26 06:50:31 PM : INFO : STA_COD_ZD_160E_BCOD_ZD_160E_B;STL_ZD_160E;	22;22;	KpBegin = 945124;945124;	KpEnd 948374;948374;
2017/05/26 06:50:31 PM : INFO : STA_COD_ITW_130A_UCOD_ITW_130A_U;STL_ITW_130A;	36;36;	KpBegin = 1858746;1858746;	KpEnd 1863107;1863107;
2017/05/26 06:50:31 PM : INFO : STA_STL_DMZ_112ASTL_DMZ_112A;	2067;	KpBegin = 298659;	KpEnd 302154;
2017/05/26 06:50:31 PM : INFO : STA_COD_LCM_180D_BCOD_LCM_180D_B;STL_LCM_180D;	2033;2033;	KpBegin = 555714;555714;	KpEnd 559914;559914;
2017/05/26 06:50:31 PM : INFO : STA_COD_LCM_150A_BCOD_LCM_150A_B;STL_LCM_150A;	2025;2025;	KpBegin = 526147;526147;	KpEnd 530147;530147;
2017/05/26 06:50:31 PM : INFO : STA_COD_ZD_7A_RU_55_DCOD_ZD_7A_RU_55_D;PF_ZD_7A_RU;	1001;1001;	KpBegin = 1584450;1584450;	KpEnd 1596747;1596747;
2017/05/26 06:50:31 PM : INFO : STA_COD_LCM_161B_BCOD_LCM_161B_B;STL_LCM_161B;	2027;2027;	KpBegin = 530347;530347;	KpEnd 533547;533547;
2017/05/26 06:50:31 PM : INFO : STA_COD_SLW_2_UCOD_SLW_2_U;	2001;	KpBegin = 313057;	KpEnd 380031;
2017/05/26 06:50:31 PM : INFO : STA_COD_ZD_142B_BCOD_ZD_142B_B;STL_ZD_142B;	20;20;	KpBegin = 1002258;1002258;	KpEnd 1005458;1005458;
2017/05/26 06:50:31 PM : INFO : STA_COD_BMR_2A_RD_2_BCOD_BMR_2A_RD_2_B;PF_BMR_2A_RD;	2001;2001;	KpBegin = 833839;833839;	KpEnd 849316;849316;
2017/05/26 06:50:31 PM : INFO : STA_COD_GPP_100C_DCOD_GPP_100C_D;STL_GPP_100C;	2077;2077;	KpBegin = 1041401;1041401;	KpEnd 1044639;1044639;
2017/05/26 06:50:31 PM : INFO : STA_COD_ITW_120C_UCOD_ITW_120C_U;STL_ITW_120C;	35;35;	KpBegin = 1868942;1868942;	KpEnd 1872142;1872142;
2017/05/26 06:50:31 PM : INFO : STA_COD_ZD_160A_BCOD_ZD_160A_B;STL_ZD_160A;	22;22;	KpBegin = 931324;931324;	KpEnd 935524;935524;
2017/05/26 06:50:31 PM : INFO : STA_COD_ND_1_UCOD_ND_1_U;STL_ND_1;	1001;1001;	KpBegin = 620130;620130;	KpEnd 632605;632605;
2017/05/26 06:50:31 PM : INFO : STA_COD_ZD_152C_BCOD_ZD_152C_B;STL_ZD_152C;	2091;2091;	KpBegin = 953803;953803;	KpEnd 957003;957003;
2017/05/26 06:50:31 PM : INFO : STA_COD_GPP_130D_DCOD_GPP_130D_D;STL_GPP_130D;	2080;2080;	KpBegin = 1046087;1046087;	KpEnd 1049135;1049135;
2017/05/26 06:50:31 PM : INFO : STA_COD_ND_7A_LU_7_BCOD_ND_7A_LU_7_B;PF_ND_7A_LU;	1001;1001;	KpBegin = 659400;659400;	KpEnd 672438;672438;
2017/05/26 06:50:31 PM : INFO : STA_COD_ND_101_UCOD_ND_101_U;STL_ND_101;	1003;1003;	KpBegin = 624944;624944;	KpEnd 638209;638209;
2017/05/26 06:50:31 PM : INFO : STA_COD_WLP_1A_LU_5_BCOD_WLP_1A_LU_5_B;PF_WLP_1A_LU;	2002;2002;	KpBegin = 142732;142732;	KpEnd 158217;158217;
2017/05/26 06:50:31 PM : INFO : STA_COD_HDS_101B_BCOD_HDS_101B_B;STL_HDS_101B;	16;16;	KpBegin = 1425176;1425176;	KpEnd 1428394;1428394;
2017/05/26 06:50:31 PM : INFO : STA_COD_LCM_123B_BCOD_LCM_123B_B;STL_LCM_123B;	2016;2016;	KpBegin = 513083;513083;	KpEnd 516283;516283;
2017/05/26 06:50:31 PM : INFO : STA_COD_HLD_2A_RD_2_BCOD_HLD_2A_RD_2_B;PF_HLD_2A_RD;	2001;2001;	KpBegin = 1000516;1000516;	KpEnd 1016004;1016004;
2017/05/26 06:50:31 PM : INFO : STA_COD_ASW_4B_RD_24A_22D_UCOD_ASW_4B_RD_24A_22D_U;PF_ASW_4B_RD;	3;3;	KpBegin = 1035773;1035773;	KpEnd 1048491;1048491;
2017/05/26 06:50:31 PM : INFO : STA_COD_ITW_150B_DCOD_ITW_150B_D;STL_ITW_150B;	2;2;	KpBegin = 1890817;1890817;	KpEnd 1894027;1894027;
2017/05/26 06:50:31 PM : INFO : STA_COD_OAS_6A_LU_15_19_BCOD_OAS_6A_LU_15_19_B;PF_OAS_6A_LU;	2083;2083;	KpBegin = 652007;652007;	KpEnd 664950;664950;
2017/05/26 06:50:31 PM : INFO : STA_COD_CSN_100A_UCOD_CSN_100A_U;STL_CSN_100A;	1014;1014;	KpBegin = 918929;918929;	KpEnd 933525;933525;
2017/05/26 06:50:31 PM : INFO : STA_COD_ND_120_UCOD_ND_120_U;STL_ND_120;	1005;1005;	KpBegin = 612362;612362;	KpEnd 625142;625142;
2017/05/26 06:50:31 PM : INFO : STA_COD_LCM_152D_BCOD_LCM_152D_B;STL_LCM_152D;	2025;2025;	KpBegin = 562347;562347;	KpEnd 566347;566347;
2017/05/26 06:50:31 PM : INFO : STA_COD_LCM_135D_BCOD_LCM_135D_B;STL_LCM_135D;	2015;2015;	KpBegin = 555241;555241;	KpEnd 559041;559041;
2017/05/26 06:50:31 PM : INFO : STA_COD_LCM_123A_BCOD_LCM_123A_B;STL_LCM_123A;	2016;2016;	KpBegin = 508883;508883;	KpEnd 513083;513083;
2017/05/26 06:50:31 PM : INFO : STA_COD_LCM_135C_BCOD_LCM_135C_B;STL_LCM_135C;	2015;2015;	KpBegin = 552041;552041;	KpEnd 555241;555241;
2017/05/26 06:50:31 PM : INFO : STA_COD_CS_1A_LU_1_UCOD_CS_1A_LU_1_U;PF_CS_1A_LU;	2002;2002;	KpBegin = 11368;11368;	KpEnd 24263;24263;
2017/05/26 06:50:31 PM : INFO : STA_COD_ITW_130D_UCOD_ITW_130D_U;STL_ITW_130D;	36;36;	KpBegin = 1869537;1869537;	KpEnd 1873033;1873033;
2017/05/26 06:50:31 PM : INFO : STA_COD_GN_110C_DCOD_GN_110C_D;STL_GN_110C;	2062;2062;	KpBegin = 1264873;1264873;	KpEnd 1268037;1268037;
2017/05/26 06:50:31 PM : INFO : STA_COD_ITW_190A_DCOD_ITW_190A_D;STL_ITW_190A;	28;28;	KpBegin = 1890221;1890221;	KpEnd 1893780;1893780;
2017/05/26 06:50:31 PM : INFO : STA_COD_ZD_161A_BCOD_ZD_161A_B;STL_ZD_161A;	22;22;	KpBegin = 948374;948374;	KpEnd 951624;951624;
2017/05/26 06:50:31 PM : INFO : STA_COD_GPP_100B_DCOD_GPP_100B_D;STL_GPP_100B;	2077;2077;	KpBegin = 1038233;1038233;	KpEnd 1041401;1041401;
2017/05/26 06:50:31 PM : INFO : STA_COD_ITW_130C_UCOD_ITW_130C_U;STL_ITW_130C;	36;36;	KpBegin = 1866318;1866318;	KpEnd 1869537;1869537;
2017/05/26 06:50:31 PM : INFO : STA_COD_MDW_5C_RU_15_BCOD_MDW_5C_RU_15_B;PF_MDW_5C_RU;	2050;2050;	KpBegin = 594097;594097;	KpEnd 607916;607916;
2017/05/26 06:50:31 PM : INFO : STA_COD_LCM_161D_BCOD_LCM_161D_B;STL_LCM_161D;	2027;2027;	KpBegin = 536747;536747;	KpEnd 539997;539997;
2017/05/26 06:50:31 PM : INFO : STA_COD_ITW_181B_DCOD_ITW_181B_D;STL_ITW_181B;	35;35;	KpBegin = 1893752;1893752;	KpEnd 1896952;1896952;
2017/05/26 06:50:31 PM : INFO : STA_COD_VSW_5E_LU_9_BCOD_VSW_5E_LU_9_B;PF_VSW_5E_LU;	2069;2069;	KpBegin = 783491;783491;	KpEnd 799021;799021;
2017/05/26 06:50:31 PM : INFO : STA_COD_ND_111_UCOD_ND_111_U;STL_ND_111;	1004;1004;	KpBegin = 624993;624993;	KpEnd 638131;638131;
2017/05/26 06:50:31 PM : INFO : STA_COD_ZD_151A_BCOD_ZD_151A_B;STL_ZD_151A;	2091;2091;	KpBegin = 930865;930865;	KpEnd 934503;934503;
2017/05/26 06:50:31 PM : INFO : STA_COD_RGB_2A_RD_6_10_BCOD_RGB_2A_RD_6_10_B;PF_RGB_2A_RD;	2001;2001;	KpBegin = 1122135;1122135;	KpEnd 1137627;1137627;
2017/05/26 06:50:31 PM : INFO : STA_COD_GN_20B_DCOD_GN_20B_D;STL_GN_20B;	2001;2001;	KpBegin = 1261798;1261798;	KpEnd 1264970;1264970;
2017/05/26 06:50:31 PM : INFO : STA_COD_VZG_7A_LU_5_BCOD_VZG_7A_LU_5_B;PF_VZG_7A_LU;	1001;1001;	KpBegin = 1223871;1223871;	KpEnd 1236755;1236755;
2017/05/26 06:50:31 PM : INFO : STA_COD_LCM_123C_BCOD_LCM_123C_B;STL_LCM_123C;	2016;2016;	KpBegin = 516283;516283;	KpEnd 519483;519483;
2017/05/26 06:50:31 PM : INFO : STA_COD_HVW_3B_LU_3_BCOD_HVW_3B_LU_3_B;PF_HVW_3B_LU;	1;1;	KpBegin = 1261277;1261277;	KpEnd 1274616;1274616;
2017/05/26 06:50:31 PM : INFO : STA_COD_ITW_120A_UCOD_ITW_120A_U;STL_ITW_120A;	35;35;	KpBegin = 1862392;1862392;	KpEnd 1865742;1865742;
2017/05/26 06:50:31 PM : INFO : STA_COD_ITW_120B_UCOD_ITW_120B_U;STL_ITW_120B;	35;35;	KpBegin = 1865742;1865742;	KpEnd 1868942;1868942;
2017/05/26 06:50:31 PM : INFO : STA_COD_DVD_2A_LD_2_BCOD_DVD_2A_LD_2_B;PF_DVD_2A_LD;	2001;2001;	KpBegin = 679059;679059;	KpEnd 694540;694540;
2017/05/26 06:50:31 PM : INFO : STA_COD_RKN_8_RD_2_BCOD_RKN_8_RD_2_B;PF_RKN_8_RD;	1002;1002;	KpBegin = 1110053;1110053;	KpEnd 1123020;1123020;
2017/05/26 06:50:31 PM : INFO : STA_COD_WPP_2A_LD_10_BCOD_WPP_2A_LD_10_B;PF_WPP_2A_LD;	2001;2001;	KpBegin = 212211;212211;	KpEnd 225531;225531;
2017/05/26 06:50:31 PM : INFO : STA_COD_CS_2A_RD_2_UCOD_CS_2A_RD_2_U;PF_CS_2A_RD;	2001;2001;	KpBegin = 11494;11494;	KpEnd 24616;24616;
2017/05/26 06:50:31 PM : INFO : STA_COD_GPP_13B_DCOD_GPP_13B_D;STL_GPP_13B;	2069;2069;	KpBegin = 1038229;1038229;	KpEnd 1041387;1041387;
2017/05/26 06:50:31 PM : INFO : STA_COD_EPP_8_LD_34_BCOD_EPP_8_LD_34_B;PF_EPP_8_LD;	1002;1002;	KpBegin = 1436997;1436997;	KpEnd 1450690;1450690;
2017/05/26 06:50:31 PM : INFO : STA_COD_VLN_3B_LU_9_BCOD_VLN_3B_LU_9_B;PF_VLN_3B_LU;	1;1;	KpBegin = 1633923;1633923;	KpEnd 1646981;1646981;
2017/05/26 06:50:31 PM : INFO : STA_COD_ITW_181D_DCOD_ITW_181D_D;STL_ITW_181D;	35;35;	KpBegin = 1900152;1900152;	KpEnd 1903563;1903563;
2017/05/26 06:50:31 PM : INFO : STA_COD_CSN_8_LD_14_BCOD_CSN_8_LD_14_B;PF_CSN_8_LD;	1002;1002;	KpBegin = 998796;998796;	KpEnd 1013318;1013318;
2017/05/26 06:50:31 PM : INFO : STA_COD_ITW_161A_DCOD_ITW_161A_D;STL_ITW_161A;	25;25;	KpBegin = 1887512;1887512;	KpEnd 1890950;1890950;
2017/05/26 06:50:31 PM : INFO : STA_COD_ZD_141A_BCOD_ZD_141A_B;STL_ZD_141A;	20;20;	KpBegin = 981958;981958;	KpEnd 986158;986158;
2017/05/26 06:50:31 PM : INFO : STA_COD_SLW_4A_LD_24_BCOD_SLW_4A_LD_24_B;PF_SLW_4A_LD;	2082;2082;	KpBegin = 463334;463334;	KpEnd 471867;471867;
2017/05/26 06:50:31 PM : INFO : STA_COD_ITW_100B_UCOD_ITW_100B_U;STL_ITW_100B;	34;34;	KpBegin = 1855146;1855146;	KpEnd 1858358;1858358;
2017/05/26 06:50:31 PM : INFO : STA_COD_DMZ_120B_DCOD_DMZ_120B_D;STL_DMZ_120B;	2068;2068;	KpBegin = 305168;305168;	KpEnd 316944;316944;
2017/05/26 06:50:31 PM : INFO : STA_COD_LCM_113A_BCOD_LCM_113A_B;STL_LCM_113A;	2032;2032;	KpBegin = 525475;525475;	KpEnd 529675;529675;
2017/05/26 06:50:31 PM : INFO : STA_COD_STD_4B_RD_14_22_BCOD_STD_4B_RD_14_22_B;PF_STD_4B_RD;	3;3;	KpBegin = 1740478;1740478;	KpEnd 1753467;1753467;
2017/05/26 06:50:31 PM : INFO : STA_COD_HDS_101A_BCOD_HDS_101A_B;STL_HDS_101A;	16;16;	KpBegin = 1420881;1420881;	KpEnd 1425176;1425176;
2017/05/26 06:50:31 PM : INFO : STA_COD_GN_13E_DCOD_GN_13E_D;STL_GN_13E;	2002;2002;	KpBegin = 1272661;1272661;	KpEnd 1276888;1276888;
2017/05/26 06:50:31 PM : INFO : STA_COD_ITW_100C_UCOD_ITW_100C_U;STL_ITW_100C;	34;34;	KpBegin = 1858358;1858358;	KpEnd 1861563;1861563;
2017/05/26 06:50:31 PM : INFO : STA_COD_GN_100D_DCOD_GN_100D_D;STL_GN_100D;	2063;2063;	KpBegin = 1269604;1269604;	KpEnd 1272839;1272839;
2017/05/26 06:50:31 PM : INFO : STA_COD_GPP_110D_DCOD_GPP_110D_D;STL_GPP_110D;	2078;2078;	KpBegin = 1044651;1044651;	KpEnd 1048321;1048321;
2017/05/26 06:50:31 PM : INFO : STA_COD_LCM_141A_BCOD_LCM_141A_B;STL_LCM_141A;	2026;2026;	KpBegin = 531371;531371;	KpEnd 535571;535571;
2017/05/26 06:50:31 PM : INFO : STA_COD_HDS_3B_LU_7_BCOD_HDS_3B_LU_7_B;PF_HDS_3B_LU;	1;1;	KpBegin = 1331038;1331038;	KpEnd 1344112;1344112;
2017/05/26 06:50:31 PM : INFO : STA_COD_ITW_140A_UCOD_ITW_140A_U;STL_ITW_140A;	32;32;	KpBegin = 1857442;1857442;	KpEnd 1861788;1861788;
2017/05/26 06:50:31 PM : INFO : STA_COD_RAI_4A_RD_2_BCOD_RAI_4A_RD_2_B;PF_RAI_4A_RD;	2082;2082;	KpBegin = 811741;811741;	KpEnd 824228;824228;
2017/05/26 06:50:31 PM : INFO : STA_COD_ZD_141C_BCOD_ZD_141C_B;STL_ZD_141C;	20;20;	KpBegin = 989358;989358;	KpEnd 992558;992558;
2017/05/26 06:50:31 PM : INFO : STA_COD_ND_2_UCOD_ND_2_U;STL_ND_2;	1002;1002;	KpBegin = 625304;625304;	KpEnd 646214;646214;
2017/05/26 06:50:31 PM : INFO : STA_COD_ZD_28_DCOD_ZD_28_D;	3;	KpBegin = 1077245;	KpEnd 1101077;
2017/05/26 06:50:31 PM : INFO : STA_COD_ZD_102B_BCOD_ZD_102B_B;STL_ZD_102B;	2086;2086;	KpBegin = 866522;866522;	KpEnd 869733;869733;
2017/05/26 06:50:31 PM : INFO : STA_COD_RAI_3A_LU_1_BCOD_RAI_3A_LU_1_B;PF_RAI_3A_LU;	2081;2081;	KpBegin = 810687;810687;	KpEnd 823659;823659;
2017/05/26 06:50:31 PM : INFO : STA_STL_DMZ_113STL_DMZ_113;	2067;	KpBegin = 311721;	KpEnd 315882;
2017/05/26 06:50:31 PM : INFO : STA_COD_DPP_7A_LU_9_BCOD_DPP_7A_LU_9_B;PF_DPP_7A_LU;	1001;1001;	KpBegin = 1300514;1300514;	KpEnd 1313479;1313479;
2017/05/26 06:50:31 PM : INFO : STA_COD_ITW_101A_UCOD_ITW_101A_U;STL_ITW_101A;	34;34;	KpBegin = 1865059;1865059;	KpEnd 1868536;1868536;
2017/05/26 06:50:31 PM : INFO : STA_COD_ITW_161D_DCOD_ITW_161D_D;STL_ITW_161D;	25;25;	KpBegin = 1897354;1897354;	KpEnd 1900871;1900871;
2017/05/26 06:50:31 PM : INFO : STA_COD_WBS_2A_RD_16_BCOD_WBS_2A_RD_16_B;PF_WBS_2A_RD;	2001;2001;	KpBegin = 295769;295769;	KpEnd 311194;311194;
2017/05/26 06:50:31 PM : INFO : STA_COD_LCM_152B_BCOD_LCM_152B_B;STL_LCM_152B;	2025;2025;	KpBegin = 555947;555947;	KpEnd 559147;559147;
2017/05/26 06:50:31 PM : INFO : STA_COD_ZD_160C_BCOD_ZD_160C_B;STL_ZD_160C;	22;22;	KpBegin = 938724;938724;	KpEnd 941924;941924;
2017/05/26 06:50:31 PM : INFO : STA_COD_ITW_100A_UCOD_ITW_100A_U;STL_ITW_100A;	34;34;	KpBegin = 1851648;1851648;	KpEnd 1855146;1855146;
2017/05/26 06:50:31 PM : INFO : STA_COD_LCM_163A_BCOD_LCM_163A_B;STL_LCM_163A;	2027;2027;	KpBegin = 552897;552897;	KpEnd 556147;556147;
2017/05/26 06:50:31 PM : INFO : STA_COD_LLL_3B_LU_11_BCOD_LLL_3B_LU_11_B;PF_LLL_3B_LU;	1;1;	KpBegin = 1386771;1386771;	KpEnd 1399261;1399261;
2017/05/26 06:50:31 PM : INFO : STA_COD_DMZ_5D_LU_5_BCOD_DMZ_5D_LU_5_B;PF_DMZ_5D_LU;	2048;2048;	KpBegin = 247986;247986;	KpEnd 263486;263486;
2017/05/26 06:50:31 PM : INFO : STA_COD_LCM_125C_DCOD_LCM_125C_D;STL_LCM_125C;	2016;2016;	KpBegin = 540319;540319;	KpEnd 543519;543519;
2017/05/26 06:50:31 PM : INFO : STA_COD_NMT_2A_RD_2_BCOD_NMT_2A_RD_2_B;PF_NMT_2A_RD;	2001;2001;	KpBegin = 85965;85965;	KpEnd 101412;101412;
2017/05/26 06:50:31 PM : INFO : STA_COD_GPP_110B_DCOD_GPP_110B_D;STL_GPP_110B;	2078;2078;	KpBegin = 1038244;1038244;	KpEnd 1041410;1041410;
2017/05/26 06:50:31 PM : INFO : STA_COD_LCM_163C_BCOD_LCM_163C_B;STL_LCM_163C;	2027;2027;	KpBegin = 559347;559347;	KpEnd 562547;562547;
2017/05/26 06:50:31 PM : INFO : STA_COD_GN_100A_DCOD_GN_100A_D;STL_GN_100A;	2063;2063;	KpBegin = 1258979;1258979;	KpEnd 1263186;1263186;
2017/05/26 06:50:31 PM : INFO : STA_COD_LCM_162B_BCOD_LCM_162B_B;STL_LCM_162B;	2027;2027;	KpBegin = 543247;543247;	KpEnd 546447;546447;
2017/05/26 06:50:31 PM : INFO : STA_COD_GPP_20A_DCOD_GPP_20A_D;STL_GPP_20A;	2070;2070;	KpBegin = 1033265;1033265;	KpEnd 1039420;1039420;
2017/05/26 06:50:31 PM : INFO : STA_COD_ITW_100D_UCOD_ITW_100D_U;STL_ITW_100D;	34;34;	KpBegin = 1861563;1861563;	KpEnd 1865059;1865059;
2017/05/26 06:50:31 PM : INFO : STA_COD_ZD_132B_BCOD_ZD_132B_B;STL_ZD_132B;	1023;1023;	KpBegin = 986477;986477;	KpEnd 989677;989677;
2017/05/26 06:50:31 PM : INFO : STA_COD_VPD_6D_RD_2_BCOD_VPD_6D_RD_2_B;PF_VPD_6D_RD;	2049;2049;	KpBegin = 166723;166723;	KpEnd 182222;182222;
2017/05/26 06:50:31 PM : INFO : STA_COD_LCM_113C_BCOD_LCM_113C_B;STL_LCM_113C;	2032;2032;	KpBegin = 532875;532875;	KpEnd 536075;536075;
2017/05/26 06:50:31 PM : INFO : STA_COD_ASA_1A_RU_3_BCOD_ASA_1A_RU_3_B;PF_ASA_1A_RU;	2002;2002;	KpBegin = 389972;389972;	KpEnd 405963;405963;
2017/05/26 06:50:31 PM : INFO : STA_COD_GN_110D_DCOD_GN_110D_D;STL_GN_110D;	2062;2062;	KpBegin = 1268037;1268037;	KpEnd 1271277;1271277;
2017/05/26 06:50:31 PM : INFO : STA_COD_VLN_4B_RD_10_BCOD_VLN_4B_RD_10_B;PF_VLN_4B_RD;	3;3;	KpBegin = 1636047;1636047;	KpEnd 1649108;1649108;
2017/05/26 06:50:31 PM : INFO : STA_COD_LCM_115D_BCOD_LCM_115D_B;STL_LCM_115D;	2032;2032;	KpBegin = 555689;555689;	KpEnd 559889;559889;
2017/05/26 06:50:31 PM : INFO : STA_COD_LCM_151C_BCOD_LCM_151C_B;STL_LCM_151C;	2025;2025;	KpBegin = 546247;546247;	KpEnd 549447;549447;
2017/05/26 06:50:31 PM : INFO : STA_COD_OAS_4A_LD_6_BCOD_OAS_4A_LD_6_B;PF_OAS_4A_LD;	2082;2082;	KpBegin = 584170;584170;	KpEnd 597210;597210;
2017/05/26 06:50:31 PM : INFO : STA_COD_LCM_151B_BCOD_LCM_151B_B;STL_LCM_151B;	2025;2025;	KpBegin = 543047;543047;	KpEnd 546247;546247;
2017/05/26 06:50:31 PM : INFO : STA_COD_GPP_100A_DCOD_GPP_100A_D;STL_GPP_100A;	2077;2077;	KpBegin = 1031594;1031594;	KpEnd 1038233;1038233;
2017/05/26 06:50:31 PM : INFO : STA_COD_ITW_110D_UCOD_ITW_110D_U;STL_ITW_110D;	24;24;	KpBegin = 1870407;1870407;	KpEnd 1874550;1874550;
2017/05/26 06:50:31 PM : INFO : STA_COD_ZD_160D_BCOD_ZD_160D_B;STL_ZD_160D;	22;22;	KpBegin = 941924;941924;	KpEnd 945124;945124;
2017/05/26 06:50:31 PM : INFO : STA_COD_ITW_101D_UCOD_ITW_101D_U;STL_ITW_101D;	34;34;	KpBegin = 1874963;1874963;	KpEnd 1879145;1879145;
2017/05/26 06:50:31 PM : INFO : STA_COD_KEN_6E_RD_6_12_BCOD_KEN_6E_RD_6_12_B;PF_KEN_6E_RD;	2070;2070;	KpBegin = 935732;935732;	KpEnd 952365;952365;
2017/05/26 06:50:31 PM : INFO : STA_COD_LCM_132A_BCOD_LCM_132A_B;STL_LCM_132A;	2015;2015;	KpBegin = 511901;511901;	KpEnd 515251;515251;
2017/05/26 06:50:31 PM : INFO : STA_COD_ZD_132E_BCOD_ZD_132E_B;STL_ZD_132E;	1023;1023;	KpBegin = 996077;996077;	KpEnd 999327;999327;
2017/05/26 06:50:31 PM : INFO : STA_COD_ND_100_UCOD_ND_100_U;STL_ND_100;	1003;1003;	KpBegin = 612442;612442;	KpEnd 624944;624944;
2017/05/26 06:50:31 PM : INFO : STA_COD_LCM_134B_BCOD_LCM_134B_B;STL_LCM_134B;	2015;2015;	KpBegin = 535941;535941;	KpEnd 539141;539141;
2017/05/26 06:50:31 PM : INFO : STA_COD_NDP_7A_LU_1_BCOD_NDP_7A_LU_1_B;PF_NDP_7A_LU;	1001;1001;	KpBegin = 834876;834876;	KpEnd 846877;846877;
2017/05/26 06:50:31 PM : INFO : STA_COD_GPP_130C_DCOD_GPP_130C_D;STL_GPP_130C;	2080;2080;	KpBegin = 1042925;1042925;	KpEnd 1046087;1046087;
2017/05/26 06:50:31 PM : INFO : STA_COD_JLS_4B_RD_6_BCOD_JLS_4B_RD_6_B;PF_JLS_4B_RD;	3;3;	KpBegin = 1549223;1549223;	KpEnd 1562286;1562286;
2017/05/26 06:50:31 PM : INFO : STA_COD_GZH_5E_LU_1_BCOD_GZH_5E_LU_1_B;PF_GZH_5E_LU;	2069;2069;	KpBegin = 844310;844310;	KpEnd 859777;859777;
2017/05/26 06:50:31 PM : INFO : STA_COD_GZH_6E_RD_2_BCOD_GZH_6E_RD_2_B;PF_GZH_6E_RD;	2070;2070;	KpBegin = 845423;845423;	KpEnd 860894;860894;
2017/05/26 06:50:31 PM : INFO : STA_COD_ZD_4A_RD_10_16_BCOD_ZD_4A_RD_10_16_B;PF_ZD_4A_RD;	2082;2082;	KpBegin = 916500;916500;	KpEnd 929036;929036;
2017/05/26 06:50:31 PM : INFO : STA_COD_LCM_162A_BCOD_LCM_162A_B;STL_LCM_162A;	2027;2027;	KpBegin = 539997;539997;	KpEnd 543247;543247;
2017/05/26 06:50:31 PM : INFO : STA_COD_GPP_120B_DCOD_GPP_120B_D;STL_GPP_120B;	2079;2079;	KpBegin = 1039745;1039745;	KpEnd 1042988;1042988;
2017/05/26 06:50:31 PM : INFO : STA_COD_LCM_162D_BCOD_LCM_162D_B;STL_LCM_162D;	2027;2027;	KpBegin = 549647;549647;	KpEnd 552897;552897;
2017/05/26 06:50:31 PM : INFO : STA_COD_LCM_134C_BCOD_LCM_134C_B;STL_LCM_134C;	2015;2015;	KpBegin = 539141;539141;	KpEnd 542341;542341;
2017/05/26 06:50:31 PM : INFO : STA_COD_ITW_150A_DCOD_ITW_150A_D;STL_ITW_150A;	2;2;	KpBegin = 1886607;1886607;	KpEnd 1890817;1890817;
2017/05/26 06:50:31 PM : INFO : STA_COD_GPP_110C_DCOD_GPP_110C_D;STL_GPP_110C;	2078;2078;	KpBegin = 1041410;1041410;	KpEnd 1044651;1044651;
2017/05/26 06:50:31 PM : INFO : STA_COD_ASA_2A_LD_4_8_BCOD_ASA_2A_LD_4_8_B;PF_ASA_2A_LD;	2001;2001;	KpBegin = 391461;391461;	KpEnd 404551;404551;
2017/05/26 06:50:31 PM : INFO : STA_COD_LCM_190C_BCOD_LCM_190C_B;STL_LCM_190C;	2014;2014;	KpBegin = 489765;489765;	KpEnd 492965;492965;
2017/05/26 06:50:31 PM : INFO : STA_COD_ZD_141D_BCOD_ZD_141D_B;STL_ZD_141D;	20;20;	KpBegin = 992558;992558;	KpEnd 995758;995758;
2017/05/26 06:50:31 PM : INFO : STA_COD_ITW_150C_DCOD_ITW_150C_D;STL_ITW_150C;	2;2;	KpBegin = 1894027;1894027;	KpEnd 1897237;1897237;
2017/05/26 06:50:31 PM : INFO : STA_COD_GN_13D_DCOD_GN_13D_D;STL_GN_13D;	2002;2002;	KpBegin = 1269437;1269437;	KpEnd 1272661;1272661;
2017/05/26 06:50:31 PM : INFO : STA_COD_VPD_5D_LU_1_BCOD_VPD_5D_LU_1_B;PF_VPD_5D_LU;	2048;2048;	KpBegin = 168536;168536;	KpEnd 184009;184009;
2017/05/26 06:50:31 PM : INFO : STA_COD_ZD_142D_BCOD_ZD_142D_B;STL_ZD_142D;	20;20;	KpBegin = 1008658;1008658;	KpEnd 1012858;1012858;
2017/05/26 06:50:31 PM : INFO : STA_COD_LCM_142D_BCOD_LCM_142D_B;STL_LCM_142D;	2026;2026;	KpBegin = 554871;554871;	KpEnd 559071;559071;
2017/05/26 06:50:31 PM : INFO : STA_COD_ZD_12_LD_111A_111B_BCOD_ZD_12_LD_111A_111B_B;PF_ZD_12_LD;	2102;2102;	KpBegin = 922190;922190;	KpEnd 928815;928815;
2017/05/26 06:50:31 PM : INFO : STA_COD_LCM_150C_BCOD_LCM_150C_B;STL_LCM_150C;	2025;2025;	KpBegin = 533347;533347;	KpEnd 536547;536547;
2017/05/26 06:50:31 PM : INFO : STA_COD_RKN_7A_LU_1_BCOD_RKN_7A_LU_1_B;PF_RKN_7A_LU;	1001;1001;	KpBegin = 1110553;1110553;	KpEnd 1123451;1123451;
2017/05/26 06:50:31 PM : INFO : STA_COD_ITW_103B_DCOD_ITW_103B_D;STL_ITW_103B;	34;34;	KpBegin = 1889883;1889883;	KpEnd 1893083;1893083;
2017/05/26 06:50:31 PM : INFO : STA_STL_DMZ_112CSTL_DMZ_112C;	2067;	KpBegin = 305380;	KpEnd 308566;
2017/05/26 06:50:31 PM : INFO : STA_COD_DMZ_6D_RD_6_BCOD_DMZ_6D_RD_6_B;PF_DMZ_6D_RD;	2049;2049;	KpBegin = 246166;246166;	KpEnd 261651;261651;
2017/05/26 06:50:31 PM : INFO : STA_COD_LCM_115B_BCOD_LCM_115B_B;STL_LCM_115B;	2032;2032;	KpBegin = 549289;549289;	KpEnd 552489;552489;
2017/05/26 06:50:31 PM : INFO : STA_COD_SLW_1_UCOD_SLW_1_U;	2002;	KpBegin = 313074;	KpEnd 379974;
2017/05/26 06:50:31 PM : INFO : STA_COD_LCM_135B_BCOD_LCM_135B_B;STL_LCM_135B;	2015;2015;	KpBegin = 548841;548841;	KpEnd 552041;552041;
2017/05/26 06:50:31 PM : INFO : STA_COD_LCM_162C_BCOD_LCM_162C_B;STL_LCM_162C;	2027;2027;	KpBegin = 546447;546447;	KpEnd 549647;549647;
2017/05/26 06:50:31 PM : INFO : STA_COD_JLS_3B_LU_5_BCOD_JLS_3B_LU_5_B;PF_JLS_3B_LU;	1;1;	KpBegin = 1547035;1547035;	KpEnd 1560068;1560068;
2017/05/26 06:50:31 PM : INFO : STA_COD_GN_13C_DCOD_GN_13C_D;STL_GN_13C;	2002;2002;	KpBegin = 1266232;1266232;	KpEnd 1269437;1269437;
2017/05/26 06:50:31 PM : INFO : STA_COD_GPP_5E_LU_9_BCOD_GPP_5E_LU_9_B;PF_GPP_5E_LU;	2069;2069;	KpBegin = 1006424;1006424;	KpEnd 1019092;1019092;
2017/05/26 06:50:31 PM : INFO : STA_COD_LCM_161C_BCOD_LCM_161C_B;STL_LCM_161C;	2027;2027;	KpBegin = 533547;533547;	KpEnd 536747;536747;
2017/05/26 06:50:31 PM : INFO : STA_STL_DMZ_100ASTL_DMZ_100A;	2066;	KpBegin = 293212;	KpEnd 296712;
2017/05/26 06:50:31 PM : INFO : STA_COD_BLW_101D_DCOD_BLW_101D_D;STL_BLW_101D;	2055;2055;	KpBegin = 935912;935912;	KpEnd 941681;941681;
2017/05/26 06:50:31 PM : INFO : STA_COD_ZD_141E_BCOD_ZD_141E_B;STL_ZD_141E;	20;20;	KpBegin = 995758;995758;	KpEnd 999008;999008;
2017/05/26 06:50:31 PM : INFO : STA_COD_HVW_4B_RD_4_BCOD_HVW_4B_RD_4_B;PF_HVW_4B_RD;	3;3;	KpBegin = 1263437;1263437;	KpEnd 1276756;1276756;
2017/05/26 06:50:31 PM : INFO : STA_COD_LCM_161A_BCOD_LCM_161A_B;STL_LCM_161A;	2027;2027;	KpBegin = 526147;526147;	KpEnd 530347;530347;
2017/05/26 06:50:31 PM : INFO : STA_COD_LCM_132C_BCOD_LCM_132C_B;STL_LCM_132C;	2015;2015;	KpBegin = 518451;518451;	KpEnd 521651;521651;
2017/05/26 06:50:31 PM : INFO : STA_WZ_113A_113D_LCMWZ_113A_113D_LCM;	2032;	KpBegin = 525475;	KpEnd 540275;
2017/05/26 06:50:31 PM : INFO : STA_COD_ND_121_UCOD_ND_121_U;STL_ND_121;	1005;1005;	KpBegin = 625142;625142;	KpEnd 637487;637487;
2017/05/26 06:50:31 PM : INFO : STA_COD_SVT_2A_RD_6_BCOD_SVT_2A_RD_6_B;PF_SVT_2A_RD;	2001;2001;	KpBegin = 742929;742929;	KpEnd 758378;758378;
2017/05/26 06:50:31 PM : INFO : STA_COD_LCM_132B_BCOD_LCM_132B_B;STL_LCM_132B;	2015;2015;	KpBegin = 515251;515251;	KpEnd 518451;518451;
2017/05/26 06:50:31 PM : INFO : STA_COD_ZD_154A_DCOD_ZD_154A_D;STL_ZD_154A;	2091;2091;	KpBegin = 972241;972241;	KpEnd 977242;977242;
2017/05/26 06:50:31 PM : INFO : STA_COD_SLW_1A_LU_7_BCOD_SLW_1A_LU_7_B;PF_SLW_1A_LU;	2002;2002;	KpBegin = 456516;456516;	KpEnd 472012;472012;
2017/05/26 06:50:31 PM : INFO : STA_COD_ZD_161C_BCOD_ZD_161C_B;STL_ZD_161C;	22;22;	KpBegin = 954824;954824;	KpEnd 958024;958024;
2017/05/26 06:50:31 PM : INFO : STA_COD_MDW_6C_LD_16_BCOD_MDW_6C_LD_16_B;PF_MDW_6C_LD;	2041;2041;	KpBegin = 593179;593179;	KpEnd 606998;606998;
2017/05/26 06:50:31 PM : INFO : STA_COD_ITW_140C_UCOD_ITW_140C_U;STL_ITW_140C;	32;32;	KpBegin = 1864999;1864999;	KpEnd 1868218;1868218;
2017/05/26 06:50:31 PM : INFO : STA_COD_SLW_100B_UCOD_SLW_100B_U;STL_SLW_100B;	2012;2012;	KpBegin = 450664;450664;	KpEnd 455321;455321;
2017/05/26 06:50:31 PM : INFO : STA_COD_KEN_5E_LU_5_BCOD_KEN_5E_LU_5_B;PF_KEN_5E_LU;	2069;2069;	KpBegin = 934615;934615;	KpEnd 951239;951239;
2017/05/26 06:50:31 PM : INFO : STA_COD_ZD_160B_BCOD_ZD_160B_B;STL_ZD_160B;	22;22;	KpBegin = 935524;935524;	KpEnd 938724;938724;
2017/05/26 06:50:31 PM : INFO : STA_COD_LCM_115C_BCOD_LCM_115C_B;STL_LCM_115C;	2032;2032;	KpBegin = 552489;552489;	KpEnd 555689;555689;
2017/05/26 06:50:31 PM : INFO : STA_COD_WPP_1A_RU_11_BCOD_WPP_1A_RU_11_B;PF_WPP_1A_RU;	2002;2002;	KpBegin = 212268;212268;	KpEnd 225530;225530;
2017/05/26 06:50:31 PM : INFO : STA_COD_DPP_8_LD_10_BCOD_DPP_8_LD_10_B;PF_DPP_8_LD;	1002;1002;	KpBegin = 1299275;1299275;	KpEnd 1313210;1313210;
2017/05/26 06:50:31 PM : INFO : STA_COD_GPP_6E_RD_16_BCOD_GPP_6E_RD_16_B;PF_GPP_6E_RD;	2070;2070;	KpBegin = 1007482;1007482;	KpEnd 1020199;1020199;
2017/05/26 06:50:31 PM : INFO : STA_COD_ZD_132A_BCOD_ZD_132A_B;STL_ZD_132A;	1023;1023;	KpBegin = 982277;982277;	KpEnd 986477;986477;
2017/05/26 06:50:31 PM : INFO : STA_COD_ITW_110A_UCOD_ITW_110A_U;STL_ITW_110A;	24;24;	KpBegin = 1860477;1860477;	KpEnd 1864014;1864014;
2017/05/26 06:50:31 PM : INFO : STA_COD_ITW_140B_UCOD_ITW_140B_U;STL_ITW_140B;	32;32;	KpBegin = 1861788;1861788;	KpEnd 1864999;1864999;
2017/05/26 06:50:31 PM : INFO : STA_COD_WBS_1A_LU_17_BCOD_WBS_1A_LU_17_B;PF_WBS_1A_LU;	2002;2002;	KpBegin = 295775;295775;	KpEnd 311254;311254;
2017/05/26 06:50:31 PM : INFO : STA_COD_LCM_152A_BCOD_LCM_152A_B;STL_LCM_152A;	2025;2025;	KpBegin = 552697;552697;	KpEnd 555947;555947;
2017/05/26 06:50:31 PM : INFO : STA_COD_ASW_3B_LU_29_35_UCOD_ASW_3B_LU_29_35_U;PF_ASW_3B_LU;	1;1;	KpBegin = 1029722;1029722;	KpEnd 1042450;1042450;
2017/05/26 06:50:31 PM : INFO : STA_COD_LCM_180B_BCOD_LCM_180B_B;STL_LCM_180B;	2033;2033;	KpBegin = 549314;549314;	KpEnd 552514;552514;
2017/05/26 06:50:31 PM : INFO : Report generated successfully at C:\Users\295563\Documents\MyData\PROJECTS\VnV\VnV_Automation\DTVT_BLUE\Results\Test_Results_OK_RULE_STOPPING_AREA_0008.xlsx
